This file contains any messages produced by compilers while
running configure, to aid debugging if configure makes a mistake.

It was created by usbutils configure 006, which was
generated by GNU Autoconf 2.68.  Invocation command line was

  $ ./configure --build=x86_64-pc-linux-gnu --host=arm-cas-linux-gnueabi --prefix=/usr --bindir=/bin --sbindir=/sbin

## --------- ##
## Platform. ##
## --------- ##

hostname = zuv4200u
uname -m = x86_64
uname -r = 3.13.0-92-generic
uname -s = Linux
uname -v = #139~precise1-Ubuntu SMP Wed Jun 29 21:30:37 UTC 2016

/usr/bin/uname -p = unknown
/bin/uname -X     = unknown

/bin/arch              = unknown
/usr/bin/arch -k       = unknown
/usr/convex/getsysinfo = unknown
/usr/bin/hostinfo      = unknown
/bin/machine           = unknown
/usr/bin/oslevel       = unknown
/bin/universe          = unknown

PATH: /home/uidj7648/Workspace/toyota-1.19.3/release/fs/host/usr/bin
PATH: /home/uidj7648/Workspace/toyota-1.19.3/release/fs/host/bin
PATH: /home/uidj7648/Workspace/toyota-1.19.3/release/fs/devel/usr/bin
PATH: /home/uidj7648/bin
PATH: /usr/lib/lightdm/lightdm
PATH: /usr/local/sbin
PATH: /usr/local/bin
PATH: /usr/sbin
PATH: /usr/bin
PATH: /sbin
PATH: /bin
PATH: /usr/games
PATH: /home/uidj7648/bin
PATH: /home/uidj7648/bin


## ----------- ##
## Core tests. ##
## ----------- ##

configure:2132: checking for a BSD-compatible install
configure:2200: result: /usr/bin/install -c
configure:2211: checking whether build environment is sane
configure:2261: result: yes
configure:2310: checking for arm-cas-linux-gnueabi-strip
configure:2326: found /home/uidj7648/Workspace/toyota-1.19.3/release/fs/devel/usr/bin/arm-cas-linux-gnueabi-strip
configure:2337: result: arm-cas-linux-gnueabi-strip
configure:2402: checking for a thread-safe mkdir -p
configure:2441: result: /bin/mkdir -p
configure:2454: checking for gawk
configure:2470: found /usr/bin/gawk
configure:2481: result: gawk
configure:2492: checking whether make sets $(MAKE)
configure:2514: result: yes
configure:2605: checking whether make supports nested variables
configure:2622: result: yes
configure:2647: checking for style of include used by make
configure:2675: result: GNU
configure:2706: checking for arm-cas-linux-gnueabi-gcc
configure:2722: found /home/uidj7648/Workspace/toyota-1.19.3/release/fs/devel/usr/bin/arm-cas-linux-gnueabi-gcc
configure:2733: result: arm-cas-linux-gnueabi-gcc
configure:3002: checking for C compiler version
configure:3011: arm-cas-linux-gnueabi-gcc --version >&5
arm-cas-linux-gnueabi-gcc (GCC) 4.6.2
Copyright (C) 2011 Free Software Foundation, Inc.
This is free software; see the source for copying conditions.  There is NO
warranty; not even for MERCHANTABILITY or FITNESS FOR A PARTICULAR PURPOSE.

configure:3022: $? = 0
configure:3011: arm-cas-linux-gnueabi-gcc -v >&5
Using built-in specs.
COLLECT_GCC=arm-cas-linux-gnueabi-gcc
COLLECT_LTO_WRAPPER=/home/uidj7648/Workspace/toyota-1.19.3/release/fs/devel/usr/bin/../libexec/gcc/arm-cas-linux-gnueabi/4.6.2/lto-wrapper
Target: arm-cas-linux-gnueabi
Configured with: ../configure --with-cpu=cortex-a5 --with-tune=cortex-a5 --with-float=hard --with-fpu=vfpv4 --with-interwork --build=x86_64-pc-linux-gnu --host=x86_64-pc-linux-gnu --target=arm-cas-linux-gnueabi --prefix=/ --exec-prefix=/usr --includedir=/usr/include --datarootdir=/usr/share --with-slibdir=/lib --with-local-prefix=/usr --enable-symvers=gnu --enable-long-long --enable-c99 --disable-nls --disable-libmudflap --disable-multilib --disable-libgomp --disable-libstdcxx-pch --disable-libquadmath --disable-target-libiberty --without-ppl --without-cloog --enable-threads=posix --enable-shared --enable-shared-libgcc --disable-static --disable-bootstrap --enable-languages=c,c++ --with-build-sysroot=/home/uidj7648/Workspace/toyota-1.19.3/release/fs/devel --with-sysroot=/ --enable-__cxa_atexit=yes
Thread model: posix
gcc version 4.6.2 (GCC) 
configure:3022: $? = 0
configure:3011: arm-cas-linux-gnueabi-gcc -V >&5
arm-cas-linux-gnueabi-gcc: error: unrecognized option '-V'
arm-cas-linux-gnueabi-gcc: fatal error: no input files
compilation terminated.
configure:3022: $? = 1
configure:3011: arm-cas-linux-gnueabi-gcc -qversion >&5
arm-cas-linux-gnueabi-gcc: error: unrecognized option '-qversion'
arm-cas-linux-gnueabi-gcc: fatal error: no input files
compilation terminated.
configure:3022: $? = 1
configure:3042: checking whether the C compiler works
configure:3064: arm-cas-linux-gnueabi-gcc    conftest.c  >&5
configure:3068: $? = 0
configure:3116: result: yes
configure:3119: checking for C compiler default output file name
configure:3121: result: a.out
configure:3127: checking for suffix of executables
configure:3134: arm-cas-linux-gnueabi-gcc -o conftest    conftest.c  >&5
configure:3138: $? = 0
configure:3160: result: 
configure:3182: checking whether we are cross compiling
configure:3220: result: yes
configure:3225: checking for suffix of object files
configure:3247: arm-cas-linux-gnueabi-gcc -c   conftest.c >&5
configure:3251: $? = 0
configure:3272: result: o
configure:3276: checking whether we are using the GNU C compiler
configure:3295: arm-cas-linux-gnueabi-gcc -c   conftest.c >&5
configure:3295: $? = 0
configure:3304: result: yes
configure:3313: checking whether arm-cas-linux-gnueabi-gcc accepts -g
configure:3333: arm-cas-linux-gnueabi-gcc -c -g  conftest.c >&5
configure:3333: $? = 0
configure:3374: result: yes
configure:3391: checking for arm-cas-linux-gnueabi-gcc option to accept ISO C89
configure:3455: arm-cas-linux-gnueabi-gcc  -c -g -O2  conftest.c >&5
configure:3455: $? = 0
configure:3468: result: none needed
configure:3490: checking dependency style of arm-cas-linux-gnueabi-gcc
configure:3601: result: gcc3
configure:3622: checking how to run the C preprocessor
configure:3653: arm-cas-linux-gnueabi-gcc -E  conftest.c
configure:3653: $? = 0
configure:3667: arm-cas-linux-gnueabi-gcc -E  conftest.c
conftest.c:11:28: fatal error: ac_nonexistent.h: No such file or directory
compilation terminated.
configure:3667: $? = 1
configure: failed program was:
| /* confdefs.h */
| #define PACKAGE_NAME "usbutils"
| #define PACKAGE_TARNAME "usbutils"
| #define PACKAGE_VERSION "006"
| #define PACKAGE_STRING "usbutils 006"
| #define PACKAGE_BUGREPORT "linux-usb@vger.kernel.org"
| #define PACKAGE_URL ""
| #define PACKAGE "usbutils"
| #define VERSION "006"
| /* end confdefs.h.  */
| #include <ac_nonexistent.h>
configure:3692: result: arm-cas-linux-gnueabi-gcc -E
configure:3712: arm-cas-linux-gnueabi-gcc -E  conftest.c
configure:3712: $? = 0
configure:3726: arm-cas-linux-gnueabi-gcc -E  conftest.c
conftest.c:11:28: fatal error: ac_nonexistent.h: No such file or directory
compilation terminated.
configure:3726: $? = 1
configure: failed program was:
| /* confdefs.h */
| #define PACKAGE_NAME "usbutils"
| #define PACKAGE_TARNAME "usbutils"
| #define PACKAGE_VERSION "006"
| #define PACKAGE_STRING "usbutils 006"
| #define PACKAGE_BUGREPORT "linux-usb@vger.kernel.org"
| #define PACKAGE_URL ""
| #define PACKAGE "usbutils"
| #define VERSION "006"
| /* end confdefs.h.  */
| #include <ac_nonexistent.h>
configure:3755: checking for grep that handles long lines and -e
configure:3813: result: /bin/grep
configure:3818: checking for egrep
configure:3880: result: /bin/grep -E
configure:3885: checking for ANSI C header files
configure:3905: arm-cas-linux-gnueabi-gcc -c -g -O2  conftest.c >&5
configure:3905: $? = 0
configure:3989: result: yes
configure:4002: checking for sys/types.h
configure:4002: arm-cas-linux-gnueabi-gcc -c -g -O2  conftest.c >&5
configure:4002: $? = 0
configure:4002: result: yes
configure:4002: checking for sys/stat.h
configure:4002: arm-cas-linux-gnueabi-gcc -c -g -O2  conftest.c >&5
configure:4002: $? = 0
configure:4002: result: yes
configure:4002: checking for stdlib.h
configure:4002: arm-cas-linux-gnueabi-gcc -c -g -O2  conftest.c >&5
configure:4002: $? = 0
configure:4002: result: yes
configure:4002: checking for string.h
configure:4002: arm-cas-linux-gnueabi-gcc -c -g -O2  conftest.c >&5
configure:4002: $? = 0
configure:4002: result: yes
configure:4002: checking for memory.h
configure:4002: arm-cas-linux-gnueabi-gcc -c -g -O2  conftest.c >&5
configure:4002: $? = 0
configure:4002: result: yes
configure:4002: checking for strings.h
configure:4002: arm-cas-linux-gnueabi-gcc -c -g -O2  conftest.c >&5
configure:4002: $? = 0
configure:4002: result: yes
configure:4002: checking for inttypes.h
configure:4002: arm-cas-linux-gnueabi-gcc -c -g -O2  conftest.c >&5
configure:4002: $? = 0
configure:4002: result: yes
configure:4002: checking for stdint.h
configure:4002: arm-cas-linux-gnueabi-gcc -c -g -O2  conftest.c >&5
configure:4002: $? = 0
configure:4002: result: yes
configure:4002: checking for unistd.h
configure:4002: arm-cas-linux-gnueabi-gcc -c -g -O2  conftest.c >&5
configure:4002: $? = 0
configure:4002: result: yes
configure:4015: checking minix/config.h usability
configure:4015: arm-cas-linux-gnueabi-gcc -c -g -O2  conftest.c >&5
conftest.c:54:26: fatal error: minix/config.h: No such file or directory
compilation terminated.
configure:4015: $? = 1
configure: failed program was:
| /* confdefs.h */
| #define PACKAGE_NAME "usbutils"
| #define PACKAGE_TARNAME "usbutils"
| #define PACKAGE_VERSION "006"
| #define PACKAGE_STRING "usbutils 006"
| #define PACKAGE_BUGREPORT "linux-usb@vger.kernel.org"
| #define PACKAGE_URL ""
| #define PACKAGE "usbutils"
| #define VERSION "006"
| #define STDC_HEADERS 1
| #define HAVE_SYS_TYPES_H 1
| #define HAVE_SYS_STAT_H 1
| #define HAVE_STDLIB_H 1
| #define HAVE_STRING_H 1
| #define HAVE_MEMORY_H 1
| #define HAVE_STRINGS_H 1
| #define HAVE_INTTYPES_H 1
| #define HAVE_STDINT_H 1
| #define HAVE_UNISTD_H 1
| /* end confdefs.h.  */
| #include <stdio.h>
| #ifdef HAVE_SYS_TYPES_H
| # include <sys/types.h>
| #endif
| #ifdef HAVE_SYS_STAT_H
| # include <sys/stat.h>
| #endif
| #ifdef STDC_HEADERS
| # include <stdlib.h>
| # include <stddef.h>
| #else
| # ifdef HAVE_STDLIB_H
| #  include <stdlib.h>
| # endif
| #endif
| #ifdef HAVE_STRING_H
| # if !defined STDC_HEADERS && defined HAVE_MEMORY_H
| #  include <memory.h>
| # endif
| # include <string.h>
| #endif
| #ifdef HAVE_STRINGS_H
| # include <strings.h>
| #endif
| #ifdef HAVE_INTTYPES_H
| # include <inttypes.h>
| #endif
| #ifdef HAVE_STDINT_H
| # include <stdint.h>
| #endif
| #ifdef HAVE_UNISTD_H
| # include <unistd.h>
| #endif
| #include <minix/config.h>
configure:4015: result: no
configure:4015: checking minix/config.h presence
configure:4015: arm-cas-linux-gnueabi-gcc -E  conftest.c
conftest.c:21:26: fatal error: minix/config.h: No such file or directory
compilation terminated.
configure:4015: $? = 1
configure: failed program was:
| /* confdefs.h */
| #define PACKAGE_NAME "usbutils"
| #define PACKAGE_TARNAME "usbutils"
| #define PACKAGE_VERSION "006"
| #define PACKAGE_STRING "usbutils 006"
| #define PACKAGE_BUGREPORT "linux-usb@vger.kernel.org"
| #define PACKAGE_URL ""
| #define PACKAGE "usbutils"
| #define VERSION "006"
| #define STDC_HEADERS 1
| #define HAVE_SYS_TYPES_H 1
| #define HAVE_SYS_STAT_H 1
| #define HAVE_STDLIB_H 1
| #define HAVE_STRING_H 1
| #define HAVE_MEMORY_H 1
| #define HAVE_STRINGS_H 1
| #define HAVE_INTTYPES_H 1
| #define HAVE_STDINT_H 1
| #define HAVE_UNISTD_H 1
| /* end confdefs.h.  */
| #include <minix/config.h>
configure:4015: result: no
configure:4015: checking for minix/config.h
configure:4015: result: no
configure:4036: checking whether it is safe to define __EXTENSIONS__
configure:4054: arm-cas-linux-gnueabi-gcc -c -g -O2  conftest.c >&5
configure:4054: $? = 0
configure:4061: result: yes
configure:4082: checking for special C compiler options needed for large files
configure:4127: result: no
configure:4133: checking for _FILE_OFFSET_BITS value needed for large files
configure:4158: arm-cas-linux-gnueabi-gcc -c -g -O2  conftest.c >&5
conftest.c:32:3: warning: left shift count >= width of type [enabled by default]
conftest.c:32:3: warning: left shift count >= width of type [enabled by default]
conftest.c:33:10: warning: left shift count >= width of type [enabled by default]
conftest.c:33:10: warning: left shift count >= width of type [enabled by default]
conftest.c:32:7: error: size of array 'off_t_is_large' is negative
conftest.c:34:9: warning: variably modified 'off_t_is_large' at file scope [enabled by default]
configure:4158: $? = 1
configure: failed program was:
| /* confdefs.h */
| #define PACKAGE_NAME "usbutils"
| #define PACKAGE_TARNAME "usbutils"
| #define PACKAGE_VERSION "006"
| #define PACKAGE_STRING "usbutils 006"
| #define PACKAGE_BUGREPORT "linux-usb@vger.kernel.org"
| #define PACKAGE_URL ""
| #define PACKAGE "usbutils"
| #define VERSION "006"
| #define STDC_HEADERS 1
| #define HAVE_SYS_TYPES_H 1
| #define HAVE_SYS_STAT_H 1
| #define HAVE_STDLIB_H 1
| #define HAVE_STRING_H 1
| #define HAVE_MEMORY_H 1
| #define HAVE_STRINGS_H 1
| #define HAVE_INTTYPES_H 1
| #define HAVE_STDINT_H 1
| #define HAVE_UNISTD_H 1
| #define __EXTENSIONS__ 1
| #define _ALL_SOURCE 1
| #define _GNU_SOURCE 1
| #define _POSIX_PTHREAD_SEMANTICS 1
| #define _TANDEM_SOURCE 1
| /* end confdefs.h.  */
| #include <sys/types.h>
|  /* Check that off_t can represent 2**63 - 1 correctly.
|     We can't simply define LARGE_OFF_T to be 9223372036854775807,
|     since some C++ compilers masquerading as C compilers
|     incorrectly reject 9223372036854775807.  */
| #define LARGE_OFF_T (((off_t) 1 << 62) - 1 + ((off_t) 1 << 62))
|   int off_t_is_large[(LARGE_OFF_T % 2147483629 == 721
| 		       && LARGE_OFF_T % 2147483647 == 1)
| 		      ? 1 : -1];
| int
| main ()
| {
| 
|   ;
|   return 0;
| }
configure:4182: arm-cas-linux-gnueabi-gcc -c -g -O2  conftest.c >&5
configure:4182: $? = 0
configure:4190: result: 64
configure:4276: checking byteswap.h usability
configure:4276: arm-cas-linux-gnueabi-gcc -c -g -O2  conftest.c >&5
configure:4276: $? = 0
configure:4276: result: yes
configure:4276: checking byteswap.h presence
configure:4276: arm-cas-linux-gnueabi-gcc -E  conftest.c
configure:4276: $? = 0
configure:4276: result: yes
configure:4276: checking for byteswap.h
configure:4276: result: yes
configure:4295: checking for inflateEnd in -lz
configure:4320: arm-cas-linux-gnueabi-gcc -o conftest -g -O2   conftest.c -lz   >&5
configure:4320: $? = 0
configure:4329: result: yes
configure:4370: checking for arm-cas-linux-gnueabi-pkg-config
configure:4388: found /home/uidj7648/Workspace/toyota-1.19.3/release/fs/host/usr/bin/arm-cas-linux-gnueabi-pkg-config
configure:4400: result: /home/uidj7648/Workspace/toyota-1.19.3/release/fs/host/usr/bin/arm-cas-linux-gnueabi-pkg-config
configure:4468: checking pkg-config is at least version 0.9.0
configure:4471: result: yes
configure:4481: checking for LIBUSB
configure:4488: $PKG_CONFIG --exists --print-errors "libusb-1.0 >= 1.0.0"
configure:4491: $? = 0
configure:4505: $PKG_CONFIG --exists --print-errors "libusb-1.0 >= 1.0.0"
configure:4508: $? = 0
configure:4566: result: yes
configure:4718: creating ./config.status

## ---------------------- ##
## Running config.status. ##
## ---------------------- ##

This file was extended by usbutils config.status 006, which was
generated by GNU Autoconf 2.68.  Invocation command line was

  CONFIG_FILES    = 
  CONFIG_HEADERS  = 
  CONFIG_LINKS    = 
  CONFIG_COMMANDS = 
  $ ./config.status 

on zuv4200u

config.status:882: creating Makefile
config.status:882: creating config.h
config.status:1111: executing depfiles commands
configure:6114: === configuring in usbhid-dump (/home/uidj7648/Workspace/toyota-1.19.3/package/opensource/usbutils/usbhid-dump)
configure:6163: WARNING: no configuration information is in usbhid-dump
configure:6208: result:
	usbutils 006
	=============

	prefix:                 /usr
	datarootdir:            ${prefix}/share
	datadir:                ${datarootdir}
	mandir:                 ${datarootdir}/man

	usb.ids:                ${datarootdir}/usb.ids
	zlib:                   

	compiler:               arm-cas-linux-gnueabi-gcc
	cflags:                 -g -O2
	ldflags:                


## ---------------- ##
## Cache variables. ##
## ---------------- ##

ac_cv_c_compiler_gnu=yes
ac_cv_env_CC_set=
ac_cv_env_CC_value=
ac_cv_env_CFLAGS_set=
ac_cv_env_CFLAGS_value=
ac_cv_env_CPPFLAGS_set=
ac_cv_env_CPPFLAGS_value=
ac_cv_env_CPP_set=
ac_cv_env_CPP_value=
ac_cv_env_LDFLAGS_set=
ac_cv_env_LDFLAGS_value=
ac_cv_env_LIBS_set=
ac_cv_env_LIBS_value=
ac_cv_env_LIBUSB_CFLAGS_set=
ac_cv_env_LIBUSB_CFLAGS_value=
ac_cv_env_LIBUSB_LIBS_set=
ac_cv_env_LIBUSB_LIBS_value=
ac_cv_env_PKG_CONFIG_LIBDIR_set=set
ac_cv_env_PKG_CONFIG_LIBDIR_value=/home/uidj7648/Workspace/toyota-1.19.3/release/fs/devel/usr/lib/pkgconfig
ac_cv_env_PKG_CONFIG_PATH_set=set
ac_cv_env_PKG_CONFIG_PATH_value=/home/uidj7648/Workspace/toyota-1.19.3/release/fs/devel/usr/lib/pkgconfig:/home/uidj7648/Workspace/toyota-1.19.3/release/fs/devel/usr/share/pkgconfig:/home/uidj7648/Workspace/toyota-1.19.3/release/fs/devel/opt/conti/lib/pkgconfig
ac_cv_env_PKG_CONFIG_set=
ac_cv_env_PKG_CONFIG_value=
ac_cv_env_build_alias_set=set
ac_cv_env_build_alias_value=x86_64-pc-linux-gnu
ac_cv_env_host_alias_set=set
ac_cv_env_host_alias_value=arm-cas-linux-gnueabi
ac_cv_env_target_alias_set=
ac_cv_env_target_alias_value=
ac_cv_header_byteswap_h=yes
ac_cv_header_inttypes_h=yes
ac_cv_header_memory_h=yes
ac_cv_header_minix_config_h=no
ac_cv_header_stdc=yes
ac_cv_header_stdint_h=yes
ac_cv_header_stdlib_h=yes
ac_cv_header_string_h=yes
ac_cv_header_strings_h=yes
ac_cv_header_sys_stat_h=yes
ac_cv_header_sys_types_h=yes
ac_cv_header_unistd_h=yes
ac_cv_lib_z_inflateEnd=yes
ac_cv_objext=o
ac_cv_path_EGREP='/bin/grep -E'
ac_cv_path_GREP=/bin/grep
ac_cv_path_PKG_CONFIG=/home/uidj7648/Workspace/toyota-1.19.3/release/fs/host/usr/bin/arm-cas-linux-gnueabi-pkg-config
ac_cv_path_install='/usr/bin/install -c'
ac_cv_path_mkdir=/bin/mkdir
ac_cv_prog_AWK=gawk
ac_cv_prog_CC=arm-cas-linux-gnueabi-gcc
ac_cv_prog_CPP='arm-cas-linux-gnueabi-gcc -E'
ac_cv_prog_STRIP=arm-cas-linux-gnueabi-strip
ac_cv_prog_cc_c89=
ac_cv_prog_cc_g=yes
ac_cv_prog_make_make_set=yes
ac_cv_safe_to_define___extensions__=yes
ac_cv_sys_file_offset_bits=64
ac_cv_sys_largefile_CC=no
am_cv_CC_dependencies_compiler_type=gcc3
am_cv_make_support_nested_variables=yes
pkg_cv_LIBUSB_CFLAGS='-I/home/uidj7648/Workspace/toyota-1.19.3/release/fs/devel/usr/include/libusb-1.0  '
pkg_cv_LIBUSB_LIBS='-lusb-1.0  '

## ----------------- ##
## Output variables. ##
## ----------------- ##

ACLOCAL='${SHELL} /home/uidj7648/Workspace/toyota-1.19.3/package/opensource/usbutils/missing --run aclocal-1.11'
AMDEPBACKSLASH='\'
AMDEP_FALSE='#'
AMDEP_TRUE=''
AMTAR='$${TAR-tar}'
AM_BACKSLASH='\'
AM_DEFAULT_V='$(AM_DEFAULT_VERBOSITY)'
AM_DEFAULT_VERBOSITY='0'
AM_V='$(V)'
AUTOCONF='${SHELL} /home/uidj7648/Workspace/toyota-1.19.3/package/opensource/usbutils/missing --run autoconf'
AUTOHEADER='${SHELL} /home/uidj7648/Workspace/toyota-1.19.3/package/opensource/usbutils/missing --run autoheader'
AUTOMAKE='${SHELL} /home/uidj7648/Workspace/toyota-1.19.3/package/opensource/usbutils/missing --run automake-1.11'
AWK='gawk'
CC='arm-cas-linux-gnueabi-gcc'
CCDEPMODE='depmode=gcc3'
CFLAGS='-g -O2'
CPP='arm-cas-linux-gnueabi-gcc -E'
CPPFLAGS=''
CYGPATH_W='echo'
DEFS='-DHAVE_CONFIG_H'
DEPDIR='.deps'
ECHO_C=''
ECHO_N='-n'
ECHO_T=''
EGREP='/bin/grep -E'
EXEEXT=''
GREP='/bin/grep'
HAVE_ZLIB_FALSE='#'
HAVE_ZLIB_TRUE=''
INSTALL_DATA='${INSTALL} -m 644'
INSTALL_PROGRAM='${INSTALL}'
INSTALL_SCRIPT='${INSTALL}'
INSTALL_STRIP_PROGRAM='$(install_sh) -c -s'
INSTALL_USBIDS_FALSE='#'
INSTALL_USBIDS_TRUE=''
LDFLAGS=''
LIBOBJS=''
LIBS=''
LIBUSB_CFLAGS='-I/home/uidj7648/Workspace/toyota-1.19.3/release/fs/devel/usr/include/libusb-1.0  '
LIBUSB_LIBS='-lusb-1.0  '
LTLIBOBJS=''
MAKEINFO='${SHELL} /home/uidj7648/Workspace/toyota-1.19.3/package/opensource/usbutils/missing --run makeinfo'
MKDIR_P='/bin/mkdir -p'
OBJEXT='o'
PACKAGE='usbutils'
PACKAGE_BUGREPORT='linux-usb@vger.kernel.org'
PACKAGE_NAME='usbutils'
PACKAGE_STRING='usbutils 006'
PACKAGE_TARNAME='usbutils'
PACKAGE_URL=''
PACKAGE_VERSION='006'
PATH_SEPARATOR=':'
PKG_CONFIG='/home/uidj7648/Workspace/toyota-1.19.3/release/fs/host/usr/bin/arm-cas-linux-gnueabi-pkg-config'
PKG_CONFIG_LIBDIR='/home/uidj7648/Workspace/toyota-1.19.3/release/fs/devel/usr/lib/pkgconfig'
PKG_CONFIG_PATH='/home/uidj7648/Workspace/toyota-1.19.3/release/fs/devel/usr/lib/pkgconfig:/home/uidj7648/Workspace/toyota-1.19.3/release/fs/devel/usr/share/pkgconfig:/home/uidj7648/Workspace/toyota-1.19.3/release/fs/devel/opt/conti/lib/pkgconfig'
SET_MAKE=''
SHELL='/bin/sh'
STRIP='arm-cas-linux-gnueabi-strip'
VERSION='006'
ac_ct_CC=''
am__EXEEXT_FALSE=''
am__EXEEXT_TRUE='#'
am__fastdepCC_FALSE='#'
am__fastdepCC_TRUE=''
am__include='include'
am__isrc=''
am__leading_dot='.'
am__nodep='_no'
am__quote=''
am__tar='$${TAR-tar} chof - "$$tardir"'
am__untar='$${TAR-tar} xf -'
bindir='/bin'
build_alias='x86_64-pc-linux-gnu'
datadir='${datarootdir}'
datarootdir='${prefix}/share'
docdir='${datarootdir}/doc/${PACKAGE_TARNAME}'
dvidir='${docdir}'
exec_prefix='${prefix}'
host_alias='arm-cas-linux-gnueabi'
htmldir='${docdir}'
includedir='${prefix}/include'
infodir='${datarootdir}/info'
install_sh='${SHELL} /home/uidj7648/Workspace/toyota-1.19.3/package/opensource/usbutils/install-sh'
libdir='${exec_prefix}/lib'
libexecdir='${exec_prefix}/libexec'
localedir='${datarootdir}/locale'
localstatedir='${prefix}/var'
mandir='${datarootdir}/man'
mkdir_p='/bin/mkdir -p'
oldincludedir='/usr/include'
pdfdir='${docdir}'
prefix='/usr'
program_transform_name='s,x,x,'
psdir='${docdir}'
sbindir='/sbin'
sharedstatedir='${prefix}/com'
subdirs=' usbhid-dump'
sysconfdir='${prefix}/etc'
target_alias=''

## ----------- ##
## confdefs.h. ##
## ----------- ##

/* confdefs.h */
#define PACKAGE_NAME "usbutils"
#define PACKAGE_TARNAME "usbutils"
#define PACKAGE_VERSION "006"
#define PACKAGE_STRING "usbutils 006"
#define PACKAGE_BUGREPORT "linux-usb@vger.kernel.org"
#define PACKAGE_URL ""
#define PACKAGE "usbutils"
#define VERSION "006"
#define STDC_HEADERS 1
#define HAVE_SYS_TYPES_H 1
#define HAVE_SYS_STAT_H 1
#define HAVE_STDLIB_H 1
#define HAVE_STRING_H 1
#define HAVE_MEMORY_H 1
#define HAVE_STRINGS_H 1
#define HAVE_INTTYPES_H 1
#define HAVE_STDINT_H 1
#define HAVE_UNISTD_H 1
#define __EXTENSIONS__ 1
#define _ALL_SOURCE 1
#define _GNU_SOURCE 1
#define _POSIX_PTHREAD_SEMANTICS 1
#define _TANDEM_SOURCE 1
#define _FILE_OFFSET_BITS 64
#define HAVE_BYTESWAP_H 1

configure: exit 0
