This file contains any messages produced by compilers while
running configure, to aid debugging if configure makes a mistake.

It was created by configure, which was
generated by GNU Autoconf 2.61.  Invocation command line was

  $ ./configure --prefix=/usr --build=x86_64-pc-linux-gnu --host=arm-cas-linux-gnueabi --disable-static --with-pcap=linux ac_cv_linux_vers=2

## --------- ##
## Platform. ##
## --------- ##

hostname = zuv4200u
uname -m = x86_64
uname -r = 3.13.0-92-generic
uname -s = Linux
uname -v = #139~precise1-Ubuntu SMP Wed Jun 29 21:30:37 UTC 2016

/usr/bin/uname -p = unknown
/bin/uname -X     = unknown

/bin/arch              = unknown
/usr/bin/arch -k       = unknown
/usr/convex/getsysinfo = unknown
/usr/bin/hostinfo      = unknown
/bin/machine           = unknown
/usr/bin/oslevel       = unknown
/bin/universe          = unknown

PATH: /home/uidj7648/Workspace/toyota-1.19.3/release/fs/host/usr/bin
PATH: /home/uidj7648/Workspace/toyota-1.19.3/release/fs/host/bin
PATH: /home/uidj7648/Workspace/toyota-1.19.3/release/fs/devel/usr/bin
PATH: /home/uidj7648/bin
PATH: /usr/lib/lightdm/lightdm
PATH: /usr/local/sbin
PATH: /usr/local/bin
PATH: /usr/sbin
PATH: /usr/bin
PATH: /sbin
PATH: /bin
PATH: /usr/games
PATH: /home/uidj7648/bin
PATH: /home/uidj7648/bin


## ----------- ##
## Core tests. ##
## ----------- ##

configure:1811: checking build system type
configure:1829: result: x86_64-pc-linux-gnu
configure:1851: checking host system type
configure:1866: result: arm-cas-linux-gnueabi
configure:1888: checking target system type
configure:1903: result: arm-cas-linux-gnueabi
configure:2013: checking for arm-cas-linux-gnueabi-gcc
configure:2029: found /home/uidj7648/Workspace/toyota-1.19.3/release/fs/devel/usr/bin/arm-cas-linux-gnueabi-gcc
configure:2040: result: arm-cas-linux-gnueabi-gcc
configure:2318: checking for C compiler version
configure:2325: arm-cas-linux-gnueabi-gcc --version >&5
arm-cas-linux-gnueabi-gcc (GCC) 4.6.2
Copyright (C) 2011 Free Software Foundation, Inc.
This is free software; see the source for copying conditions.  There is NO
warranty; not even for MERCHANTABILITY or FITNESS FOR A PARTICULAR PURPOSE.

configure:2328: $? = 0
configure:2335: arm-cas-linux-gnueabi-gcc -v >&5
Using built-in specs.
COLLECT_GCC=arm-cas-linux-gnueabi-gcc
COLLECT_LTO_WRAPPER=/home/uidj7648/Workspace/toyota-1.19.3/release/fs/devel/usr/bin/../libexec/gcc/arm-cas-linux-gnueabi/4.6.2/lto-wrapper
Target: arm-cas-linux-gnueabi
Configured with: ../configure --with-cpu=cortex-a5 --with-tune=cortex-a5 --with-float=hard --with-fpu=vfpv4 --with-interwork --build=x86_64-pc-linux-gnu --host=x86_64-pc-linux-gnu --target=arm-cas-linux-gnueabi --prefix=/ --exec-prefix=/usr --includedir=/usr/include --datarootdir=/usr/share --with-slibdir=/lib --with-local-prefix=/usr --enable-symvers=gnu --enable-long-long --enable-c99 --disable-nls --disable-libmudflap --disable-multilib --disable-libgomp --disable-libstdcxx-pch --disable-libquadmath --disable-target-libiberty --without-ppl --without-cloog --enable-threads=posix --enable-shared --enable-shared-libgcc --disable-static --disable-bootstrap --enable-languages=c,c++ --with-build-sysroot=/home/uidj7648/Workspace/toyota-1.19.3/release/fs/devel --with-sysroot=/ --enable-__cxa_atexit=yes
Thread model: posix
gcc version 4.6.2 (GCC) 
configure:2338: $? = 0
configure:2345: arm-cas-linux-gnueabi-gcc -V >&5
arm-cas-linux-gnueabi-gcc: error: unrecognized option '-V'
arm-cas-linux-gnueabi-gcc: fatal error: no input files
compilation terminated.
configure:2348: $? = 1
configure:2371: checking for C compiler default output file name
configure:2398: arm-cas-linux-gnueabi-gcc    conftest.c  >&5
configure:2401: $? = 0
configure:2439: result: a.out
configure:2456: checking whether the C compiler works
configure:2486: result: yes
configure:2493: checking whether we are cross compiling
configure:2495: result: yes
configure:2498: checking for suffix of executables
configure:2505: arm-cas-linux-gnueabi-gcc -o conftest    conftest.c  >&5
configure:2508: $? = 0
configure:2532: result: 
configure:2538: checking for suffix of object files
configure:2564: arm-cas-linux-gnueabi-gcc -c   conftest.c >&5
configure:2567: $? = 0
configure:2590: result: o
configure:2594: checking whether we are using the GNU C compiler
configure:2623: arm-cas-linux-gnueabi-gcc -c   conftest.c >&5
configure:2629: $? = 0
configure:2646: result: yes
configure:2651: checking whether arm-cas-linux-gnueabi-gcc accepts -g
configure:2681: arm-cas-linux-gnueabi-gcc -c -g  conftest.c >&5
configure:2687: $? = 0
configure:2786: result: yes
configure:2803: checking for arm-cas-linux-gnueabi-gcc option to accept ISO C89
configure:2877: arm-cas-linux-gnueabi-gcc  -c -g -O2  conftest.c >&5
configure:2883: $? = 0
configure:2906: result: none needed
configure:2933: checking gcc version
configure:2945: result: 4
configure:3227: checking for inline
configure:3273: arm-cas-linux-gnueabi-gcc -c -O2 -fpic  conftest.c >&5
configure:3279: $? = 0
configure:3304: result: inline
configure:3316: checking for __attribute__
configure:3353: arm-cas-linux-gnueabi-gcc -c -g -O2  conftest.c >&5
configure:3359: $? = 0
configure:3388: result: yes
configure:3393: checking whether __attribute__((unused)) can be used without warnings
configure:3426: arm-cas-linux-gnueabi-gcc -c -g -O2 -Werror  conftest.c >&5
configure:3432: $? = 0
configure:3454: result: yes
configure:3458: checking whether __attribute__((format)) can be used without warnings
configure:3492: arm-cas-linux-gnueabi-gcc -c -g -O2 -Werror  conftest.c >&5
configure:3498: $? = 0
configure:3522: result: yes
configure:3532: checking how to run the C preprocessor
configure:3572: arm-cas-linux-gnueabi-gcc -E  conftest.c
configure:3578: $? = 0
configure:3609: arm-cas-linux-gnueabi-gcc -E  conftest.c
conftest.c:11:28: fatal error: ac_nonexistent.h: No such file or directory
compilation terminated.
configure:3615: $? = 1
configure: failed program was:
| /* confdefs.h.  */
| #define PACKAGE_NAME ""
| #define PACKAGE_TARNAME ""
| #define PACKAGE_VERSION ""
| #define PACKAGE_STRING ""
| #define PACKAGE_BUGREPORT ""
| #define inline inline
| #define HAVE___ATTRIBUTE__ 1
| #define __ATTRIBUTE___FORMAT_OK 1
| /* end confdefs.h.  */
| #include <ac_nonexistent.h>
configure:3648: result: arm-cas-linux-gnueabi-gcc -E
configure:3677: arm-cas-linux-gnueabi-gcc -E  conftest.c
configure:3683: $? = 0
configure:3714: arm-cas-linux-gnueabi-gcc -E  conftest.c
conftest.c:11:28: fatal error: ac_nonexistent.h: No such file or directory
compilation terminated.
configure:3720: $? = 1
configure: failed program was:
| /* confdefs.h.  */
| #define PACKAGE_NAME ""
| #define PACKAGE_TARNAME ""
| #define PACKAGE_VERSION ""
| #define PACKAGE_STRING ""
| #define PACKAGE_BUGREPORT ""
| #define inline inline
| #define HAVE___ATTRIBUTE__ 1
| #define __ATTRIBUTE___FORMAT_OK 1
| /* end confdefs.h.  */
| #include <ac_nonexistent.h>
configure:3758: checking for grep that handles long lines and -e
configure:3832: result: /bin/grep
configure:3837: checking for egrep
configure:3915: result: /bin/grep -E
configure:3920: checking for ANSI C header files
configure:3950: arm-cas-linux-gnueabi-gcc -c -g -O2  conftest.c >&5
configure:3956: $? = 0
configure:4084: result: yes
configure:4108: checking for sys/types.h
configure:4129: arm-cas-linux-gnueabi-gcc -c -g -O2  conftest.c >&5
configure:4135: $? = 0
configure:4151: result: yes
configure:4108: checking for sys/stat.h
configure:4129: arm-cas-linux-gnueabi-gcc -c -g -O2  conftest.c >&5
configure:4135: $? = 0
configure:4151: result: yes
configure:4108: checking for stdlib.h
configure:4129: arm-cas-linux-gnueabi-gcc -c -g -O2  conftest.c >&5
configure:4135: $? = 0
configure:4151: result: yes
configure:4108: checking for string.h
configure:4129: arm-cas-linux-gnueabi-gcc -c -g -O2  conftest.c >&5
configure:4135: $? = 0
configure:4151: result: yes
configure:4108: checking for memory.h
configure:4129: arm-cas-linux-gnueabi-gcc -c -g -O2  conftest.c >&5
configure:4135: $? = 0
configure:4151: result: yes
configure:4108: checking for strings.h
configure:4129: arm-cas-linux-gnueabi-gcc -c -g -O2  conftest.c >&5
configure:4135: $? = 0
configure:4151: result: yes
configure:4108: checking for inttypes.h
configure:4129: arm-cas-linux-gnueabi-gcc -c -g -O2  conftest.c >&5
configure:4135: $? = 0
configure:4151: result: yes
configure:4108: checking for stdint.h
configure:4129: arm-cas-linux-gnueabi-gcc -c -g -O2  conftest.c >&5
configure:4135: $? = 0
configure:4151: result: yes
configure:4108: checking for unistd.h
configure:4129: arm-cas-linux-gnueabi-gcc -c -g -O2  conftest.c >&5
configure:4135: $? = 0
configure:4151: result: yes
configure:4178: checking sys/bitypes.h usability
configure:4195: arm-cas-linux-gnueabi-gcc -c -g -O2  conftest.c >&5
configure:4201: $? = 0
configure:4215: result: yes
configure:4219: checking sys/bitypes.h presence
configure:4234: arm-cas-linux-gnueabi-gcc -E  conftest.c
configure:4240: $? = 0
configure:4254: result: yes
configure:4282: checking for sys/bitypes.h
configure:4290: result: yes
configure:4304: checking for int8_t
configure:4338: arm-cas-linux-gnueabi-gcc -c -g -O2  conftest.c >&5
configure:4344: $? = 0
configure:4359: result: yes
configure:4371: checking for u_int8_t
configure:4405: arm-cas-linux-gnueabi-gcc -c -g -O2  conftest.c >&5
configure:4411: $? = 0
configure:4426: result: yes
configure:4438: checking for int16_t
configure:4468: arm-cas-linux-gnueabi-gcc -c -g -O2  conftest.c >&5
configure:4474: $? = 0
configure:4489: result: yes
configure:4505: checking for u_int16_t
configure:4539: arm-cas-linux-gnueabi-gcc -c -g -O2  conftest.c >&5
configure:4545: $? = 0
configure:4560: result: yes
configure:4572: checking for int32_t
configure:4606: arm-cas-linux-gnueabi-gcc -c -g -O2  conftest.c >&5
configure:4612: $? = 0
configure:4627: result: yes
configure:4639: checking for u_int32_t
configure:4673: arm-cas-linux-gnueabi-gcc -c -g -O2  conftest.c >&5
configure:4679: $? = 0
configure:4694: result: yes
configure:4706: checking for int64_t
configure:4740: arm-cas-linux-gnueabi-gcc -c -g -O2  conftest.c >&5
configure:4746: $? = 0
configure:4761: result: yes
configure:4773: checking for u_int64_t
configure:4807: arm-cas-linux-gnueabi-gcc -c -g -O2  conftest.c >&5
configure:4813: $? = 0
configure:4828: result: yes
configure:4851: checking for special C compiler options needed for large files
configure:4944: result: no
configure:4950: checking for _FILE_OFFSET_BITS value needed for large files
configure:4985: arm-cas-linux-gnueabi-gcc -c -g -O2  conftest.c >&5
conftest.c:28:3: warning: left shift count >= width of type [enabled by default]
conftest.c:28:3: warning: left shift count >= width of type [enabled by default]
conftest.c:29:10: warning: left shift count >= width of type [enabled by default]
conftest.c:29:10: warning: left shift count >= width of type [enabled by default]
conftest.c:28:7: error: size of array 'off_t_is_large' is negative
conftest.c:30:9: warning: variably modified 'off_t_is_large' at file scope [enabled by default]
configure:4991: $? = 1
configure: failed program was:
| /* confdefs.h.  */
| #define PACKAGE_NAME ""
| #define PACKAGE_TARNAME ""
| #define PACKAGE_VERSION ""
| #define PACKAGE_STRING ""
| #define PACKAGE_BUGREPORT ""
| #define inline inline
| #define HAVE___ATTRIBUTE__ 1
| #define __ATTRIBUTE___FORMAT_OK 1
| #define STDC_HEADERS 1
| #define HAVE_SYS_TYPES_H 1
| #define HAVE_SYS_STAT_H 1
| #define HAVE_STDLIB_H 1
| #define HAVE_STRING_H 1
| #define HAVE_MEMORY_H 1
| #define HAVE_STRINGS_H 1
| #define HAVE_INTTYPES_H 1
| #define HAVE_STDINT_H 1
| #define HAVE_UNISTD_H 1
| #define HAVE_SYS_BITYPES_H 1
| /* end confdefs.h.  */
| #include <sys/types.h>
|  /* Check that off_t can represent 2**63 - 1 correctly.
|     We can't simply define LARGE_OFF_T to be 9223372036854775807,
|     since some C++ compilers masquerading as C compilers
|     incorrectly reject 9223372036854775807.  */
| #define LARGE_OFF_T (((off_t) 1 << 62) - 1 + ((off_t) 1 << 62))
|   int off_t_is_large[(LARGE_OFF_T % 2147483629 == 721
| 		       && LARGE_OFF_T % 2147483647 == 1)
| 		      ? 1 : -1];
| int
| main ()
| {
| 
|   ;
|   return 0;
| }
configure:5035: arm-cas-linux-gnueabi-gcc -c -g -O2  conftest.c >&5
configure:5041: $? = 0
configure:5059: result: 64
configure:5194: checking for _LARGEFILE_SOURCE value needed for large files
configure:5221: arm-cas-linux-gnueabi-gcc -o conftest -g -O2   conftest.c  >&5
configure:5227: $? = 0
configure:5291: result: no
configure:5333: checking sys/ioccom.h usability
configure:5350: arm-cas-linux-gnueabi-gcc -c -g -O2  conftest.c >&5
conftest.c:57:24: fatal error: sys/ioccom.h: No such file or directory
compilation terminated.
configure:5356: $? = 1
configure: failed program was:
| /* confdefs.h.  */
| #define PACKAGE_NAME ""
| #define PACKAGE_TARNAME ""
| #define PACKAGE_VERSION ""
| #define PACKAGE_STRING ""
| #define PACKAGE_BUGREPORT ""
| #define inline inline
| #define HAVE___ATTRIBUTE__ 1
| #define __ATTRIBUTE___FORMAT_OK 1
| #define STDC_HEADERS 1
| #define HAVE_SYS_TYPES_H 1
| #define HAVE_SYS_STAT_H 1
| #define HAVE_STDLIB_H 1
| #define HAVE_STRING_H 1
| #define HAVE_MEMORY_H 1
| #define HAVE_STRINGS_H 1
| #define HAVE_INTTYPES_H 1
| #define HAVE_STDINT_H 1
| #define HAVE_UNISTD_H 1
| #define HAVE_SYS_BITYPES_H 1
| #define _FILE_OFFSET_BITS 64
| #define HAVE_FSEEKO 1
| /* end confdefs.h.  */
| #include <stdio.h>
| #ifdef HAVE_SYS_TYPES_H
| # include <sys/types.h>
| #endif
| #ifdef HAVE_SYS_STAT_H
| # include <sys/stat.h>
| #endif
| #ifdef STDC_HEADERS
| # include <stdlib.h>
| # include <stddef.h>
| #else
| # ifdef HAVE_STDLIB_H
| #  include <stdlib.h>
| # endif
| #endif
| #ifdef HAVE_STRING_H
| # if !defined STDC_HEADERS && defined HAVE_MEMORY_H
| #  include <memory.h>
| # endif
| # include <string.h>
| #endif
| #ifdef HAVE_STRINGS_H
| # include <strings.h>
| #endif
| #ifdef HAVE_INTTYPES_H
| # include <inttypes.h>
| #endif
| #ifdef HAVE_STDINT_H
| # include <stdint.h>
| #endif
| #ifdef HAVE_UNISTD_H
| # include <unistd.h>
| #endif
| #include <sys/ioccom.h>
configure:5370: result: no
configure:5374: checking sys/ioccom.h presence
configure:5389: arm-cas-linux-gnueabi-gcc -E  conftest.c
conftest.c:24:24: fatal error: sys/ioccom.h: No such file or directory
compilation terminated.
configure:5395: $? = 1
configure: failed program was:
| /* confdefs.h.  */
| #define PACKAGE_NAME ""
| #define PACKAGE_TARNAME ""
| #define PACKAGE_VERSION ""
| #define PACKAGE_STRING ""
| #define PACKAGE_BUGREPORT ""
| #define inline inline
| #define HAVE___ATTRIBUTE__ 1
| #define __ATTRIBUTE___FORMAT_OK 1
| #define STDC_HEADERS 1
| #define HAVE_SYS_TYPES_H 1
| #define HAVE_SYS_STAT_H 1
| #define HAVE_STDLIB_H 1
| #define HAVE_STRING_H 1
| #define HAVE_MEMORY_H 1
| #define HAVE_STRINGS_H 1
| #define HAVE_INTTYPES_H 1
| #define HAVE_STDINT_H 1
| #define HAVE_UNISTD_H 1
| #define HAVE_SYS_BITYPES_H 1
| #define _FILE_OFFSET_BITS 64
| #define HAVE_FSEEKO 1
| /* end confdefs.h.  */
| #include <sys/ioccom.h>
configure:5409: result: no
configure:5437: checking for sys/ioccom.h
configure:5445: result: no
configure:5333: checking sys/sockio.h usability
configure:5350: arm-cas-linux-gnueabi-gcc -c -g -O2  conftest.c >&5
conftest.c:57:24: fatal error: sys/sockio.h: No such file or directory
compilation terminated.
configure:5356: $? = 1
configure: failed program was:
| /* confdefs.h.  */
| #define PACKAGE_NAME ""
| #define PACKAGE_TARNAME ""
| #define PACKAGE_VERSION ""
| #define PACKAGE_STRING ""
| #define PACKAGE_BUGREPORT ""
| #define inline inline
| #define HAVE___ATTRIBUTE__ 1
| #define __ATTRIBUTE___FORMAT_OK 1
| #define STDC_HEADERS 1
| #define HAVE_SYS_TYPES_H 1
| #define HAVE_SYS_STAT_H 1
| #define HAVE_STDLIB_H 1
| #define HAVE_STRING_H 1
| #define HAVE_MEMORY_H 1
| #define HAVE_STRINGS_H 1
| #define HAVE_INTTYPES_H 1
| #define HAVE_STDINT_H 1
| #define HAVE_UNISTD_H 1
| #define HAVE_SYS_BITYPES_H 1
| #define _FILE_OFFSET_BITS 64
| #define HAVE_FSEEKO 1
| /* end confdefs.h.  */
| #include <stdio.h>
| #ifdef HAVE_SYS_TYPES_H
| # include <sys/types.h>
| #endif
| #ifdef HAVE_SYS_STAT_H
| # include <sys/stat.h>
| #endif
| #ifdef STDC_HEADERS
| # include <stdlib.h>
| # include <stddef.h>
| #else
| # ifdef HAVE_STDLIB_H
| #  include <stdlib.h>
| # endif
| #endif
| #ifdef HAVE_STRING_H
| # if !defined STDC_HEADERS && defined HAVE_MEMORY_H
| #  include <memory.h>
| # endif
| # include <string.h>
| #endif
| #ifdef HAVE_STRINGS_H
| # include <strings.h>
| #endif
| #ifdef HAVE_INTTYPES_H
| # include <inttypes.h>
| #endif
| #ifdef HAVE_STDINT_H
| # include <stdint.h>
| #endif
| #ifdef HAVE_UNISTD_H
| # include <unistd.h>
| #endif
| #include <sys/sockio.h>
configure:5370: result: no
configure:5374: checking sys/sockio.h presence
configure:5389: arm-cas-linux-gnueabi-gcc -E  conftest.c
conftest.c:24:24: fatal error: sys/sockio.h: No such file or directory
compilation terminated.
configure:5395: $? = 1
configure: failed program was:
| /* confdefs.h.  */
| #define PACKAGE_NAME ""
| #define PACKAGE_TARNAME ""
| #define PACKAGE_VERSION ""
| #define PACKAGE_STRING ""
| #define PACKAGE_BUGREPORT ""
| #define inline inline
| #define HAVE___ATTRIBUTE__ 1
| #define __ATTRIBUTE___FORMAT_OK 1
| #define STDC_HEADERS 1
| #define HAVE_SYS_TYPES_H 1
| #define HAVE_SYS_STAT_H 1
| #define HAVE_STDLIB_H 1
| #define HAVE_STRING_H 1
| #define HAVE_MEMORY_H 1
| #define HAVE_STRINGS_H 1
| #define HAVE_INTTYPES_H 1
| #define HAVE_STDINT_H 1
| #define HAVE_UNISTD_H 1
| #define HAVE_SYS_BITYPES_H 1
| #define _FILE_OFFSET_BITS 64
| #define HAVE_FSEEKO 1
| /* end confdefs.h.  */
| #include <sys/sockio.h>
configure:5409: result: no
configure:5437: checking for sys/sockio.h
configure:5445: result: no
configure:5333: checking limits.h usability
configure:5350: arm-cas-linux-gnueabi-gcc -c -g -O2  conftest.c >&5
configure:5356: $? = 0
configure:5370: result: yes
configure:5374: checking limits.h presence
configure:5389: arm-cas-linux-gnueabi-gcc -E  conftest.c
configure:5395: $? = 0
configure:5409: result: yes
configure:5437: checking for limits.h
configure:5445: result: yes
configure:5333: checking paths.h usability
configure:5350: arm-cas-linux-gnueabi-gcc -c -g -O2  conftest.c >&5
configure:5356: $? = 0
configure:5370: result: yes
configure:5374: checking paths.h presence
configure:5389: arm-cas-linux-gnueabi-gcc -E  conftest.c
configure:5395: $? = 0
configure:5409: result: yes
configure:5437: checking for paths.h
configure:5445: result: yes
configure:5473: checking linux/types.h usability
configure:5490: arm-cas-linux-gnueabi-gcc -c -g -O2  conftest.c >&5
configure:5496: $? = 0
configure:5510: result: yes
configure:5514: checking linux/types.h presence
configure:5529: arm-cas-linux-gnueabi-gcc -E  conftest.c
configure:5535: $? = 0
configure:5549: result: yes
configure:5577: checking for linux/types.h
configure:5585: result: yes
configure:5615: checking linux/if_packet.h usability
configure:5632: arm-cas-linux-gnueabi-gcc -c -g -O2  conftest.c >&5
configure:5638: $? = 0
configure:5652: result: yes
configure:5656: checking linux/if_packet.h presence
configure:5671: arm-cas-linux-gnueabi-gcc -E  conftest.c
configure:5677: $? = 0
configure:5691: result: yes
configure:5719: checking for linux/if_packet.h
configure:5727: result: yes
configure:5615: checking netpacket/packet.h usability
configure:5632: arm-cas-linux-gnueabi-gcc -c -g -O2  conftest.c >&5
configure:5638: $? = 0
configure:5652: result: yes
configure:5656: checking netpacket/packet.h presence
configure:5671: arm-cas-linux-gnueabi-gcc -E  conftest.c
configure:5677: $? = 0
configure:5691: result: yes
configure:5719: checking for netpacket/packet.h
configure:5727: result: yes
configure:5615: checking netpacket/if_packet.h usability
configure:5632: arm-cas-linux-gnueabi-gcc -c -g -O2  conftest.c >&5
conftest.c:62:33: fatal error: netpacket/if_packet.h: No such file or directory
compilation terminated.
configure:5638: $? = 1
configure: failed program was:
| /* confdefs.h.  */
| #define PACKAGE_NAME ""
| #define PACKAGE_TARNAME ""
| #define PACKAGE_VERSION ""
| #define PACKAGE_STRING ""
| #define PACKAGE_BUGREPORT ""
| #define inline inline
| #define HAVE___ATTRIBUTE__ 1
| #define __ATTRIBUTE___FORMAT_OK 1
| #define STDC_HEADERS 1
| #define HAVE_SYS_TYPES_H 1
| #define HAVE_SYS_STAT_H 1
| #define HAVE_STDLIB_H 1
| #define HAVE_STRING_H 1
| #define HAVE_MEMORY_H 1
| #define HAVE_STRINGS_H 1
| #define HAVE_INTTYPES_H 1
| #define HAVE_STDINT_H 1
| #define HAVE_UNISTD_H 1
| #define HAVE_SYS_BITYPES_H 1
| #define _FILE_OFFSET_BITS 64
| #define HAVE_FSEEKO 1
| #define HAVE_LIMITS_H 1
| #define HAVE_PATHS_H 1
| #define HAVE_LINUX_TYPES_H 1
| #define HAVE_LINUX_IF_PACKET_H 1
| #define HAVE_NETPACKET_PACKET_H 1
| /* end confdefs.h.  */
| #include <stdio.h>
| #ifdef HAVE_SYS_TYPES_H
| # include <sys/types.h>
| #endif
| #ifdef HAVE_SYS_STAT_H
| # include <sys/stat.h>
| #endif
| #ifdef STDC_HEADERS
| # include <stdlib.h>
| # include <stddef.h>
| #else
| # ifdef HAVE_STDLIB_H
| #  include <stdlib.h>
| # endif
| #endif
| #ifdef HAVE_STRING_H
| # if !defined STDC_HEADERS && defined HAVE_MEMORY_H
| #  include <memory.h>
| # endif
| # include <string.h>
| #endif
| #ifdef HAVE_STRINGS_H
| # include <strings.h>
| #endif
| #ifdef HAVE_INTTYPES_H
| # include <inttypes.h>
| #endif
| #ifdef HAVE_STDINT_H
| # include <stdint.h>
| #endif
| #ifdef HAVE_UNISTD_H
| # include <unistd.h>
| #endif
| #include <netpacket/if_packet.h>
configure:5652: result: no
configure:5656: checking netpacket/if_packet.h presence
configure:5671: arm-cas-linux-gnueabi-gcc -E  conftest.c
conftest.c:29:33: fatal error: netpacket/if_packet.h: No such file or directory
compilation terminated.
configure:5677: $? = 1
configure: failed program was:
| /* confdefs.h.  */
| #define PACKAGE_NAME ""
| #define PACKAGE_TARNAME ""
| #define PACKAGE_VERSION ""
| #define PACKAGE_STRING ""
| #define PACKAGE_BUGREPORT ""
| #define inline inline
| #define HAVE___ATTRIBUTE__ 1
| #define __ATTRIBUTE___FORMAT_OK 1
| #define STDC_HEADERS 1
| #define HAVE_SYS_TYPES_H 1
| #define HAVE_SYS_STAT_H 1
| #define HAVE_STDLIB_H 1
| #define HAVE_STRING_H 1
| #define HAVE_MEMORY_H 1
| #define HAVE_STRINGS_H 1
| #define HAVE_INTTYPES_H 1
| #define HAVE_STDINT_H 1
| #define HAVE_UNISTD_H 1
| #define HAVE_SYS_BITYPES_H 1
| #define _FILE_OFFSET_BITS 64
| #define HAVE_FSEEKO 1
| #define HAVE_LIMITS_H 1
| #define HAVE_PATHS_H 1
| #define HAVE_LINUX_TYPES_H 1
| #define HAVE_LINUX_IF_PACKET_H 1
| #define HAVE_NETPACKET_PACKET_H 1
| /* end confdefs.h.  */
| #include <netpacket/if_packet.h>
configure:5691: result: no
configure:5719: checking for netpacket/if_packet.h
configure:5727: result: no
configure:5744: checking for net/pfvar.h
configure:5767: arm-cas-linux-gnueabi-gcc -c -g -O2  conftest.c >&5
conftest.c:33:23: fatal error: net/pfvar.h: No such file or directory
compilation terminated.
configure:5773: $? = 1
configure: failed program was:
| /* confdefs.h.  */
| #define PACKAGE_NAME ""
| #define PACKAGE_TARNAME ""
| #define PACKAGE_VERSION ""
| #define PACKAGE_STRING ""
| #define PACKAGE_BUGREPORT ""
| #define inline inline
| #define HAVE___ATTRIBUTE__ 1
| #define __ATTRIBUTE___FORMAT_OK 1
| #define STDC_HEADERS 1
| #define HAVE_SYS_TYPES_H 1
| #define HAVE_SYS_STAT_H 1
| #define HAVE_STDLIB_H 1
| #define HAVE_STRING_H 1
| #define HAVE_MEMORY_H 1
| #define HAVE_STRINGS_H 1
| #define HAVE_INTTYPES_H 1
| #define HAVE_STDINT_H 1
| #define HAVE_UNISTD_H 1
| #define HAVE_SYS_BITYPES_H 1
| #define _FILE_OFFSET_BITS 64
| #define HAVE_FSEEKO 1
| #define HAVE_LIMITS_H 1
| #define HAVE_PATHS_H 1
| #define HAVE_LINUX_TYPES_H 1
| #define HAVE_LINUX_IF_PACKET_H 1
| #define HAVE_NETPACKET_PACKET_H 1
| /* end confdefs.h.  */
| #include <sys/types.h>
| #include <sys/socket.h>
| #include <net/if.h>
| 
| #include <net/pfvar.h>
configure:5789: result: no
configure:5864: checking for netinet/if_ether.h
configure:5886: arm-cas-linux-gnueabi-gcc -c -g -O2  conftest.c >&5
configure:5892: $? = 0
configure:5908: result: yes
configure:5996: checking for ANSI ioctl definitions
configure:6034: arm-cas-linux-gnueabi-gcc -c -g -O2  conftest.c >&5
configure:6040: $? = 0
configure:6056: result: yes
configure:6072: checking for strerror
configure:6128: arm-cas-linux-gnueabi-gcc -o conftest -g -O2   conftest.c  >&5
configure:6134: $? = 0
configure:6152: result: yes
configure:6072: checking for strlcpy
configure:6128: arm-cas-linux-gnueabi-gcc -o conftest -g -O2   conftest.c  >&5
/tmp/ccyv1hgr.o: In function `main':
/home/uidj7648/Workspace/toyota-1.19.3/package/opensource/libpcap/conftest.c:65: undefined reference to `strlcpy'
collect2: ld returned 1 exit status
configure:6134: $? = 1
configure: failed program was:
| /* confdefs.h.  */
| #define PACKAGE_NAME ""
| #define PACKAGE_TARNAME ""
| #define PACKAGE_VERSION ""
| #define PACKAGE_STRING ""
| #define PACKAGE_BUGREPORT ""
| #define inline inline
| #define HAVE___ATTRIBUTE__ 1
| #define __ATTRIBUTE___FORMAT_OK 1
| #define STDC_HEADERS 1
| #define HAVE_SYS_TYPES_H 1
| #define HAVE_SYS_STAT_H 1
| #define HAVE_STDLIB_H 1
| #define HAVE_STRING_H 1
| #define HAVE_MEMORY_H 1
| #define HAVE_STRINGS_H 1
| #define HAVE_INTTYPES_H 1
| #define HAVE_STDINT_H 1
| #define HAVE_UNISTD_H 1
| #define HAVE_SYS_BITYPES_H 1
| #define _FILE_OFFSET_BITS 64
| #define HAVE_FSEEKO 1
| #define HAVE_LIMITS_H 1
| #define HAVE_PATHS_H 1
| #define HAVE_LINUX_TYPES_H 1
| #define HAVE_LINUX_IF_PACKET_H 1
| #define HAVE_NETPACKET_PACKET_H 1
| #define HAVE_NETINET_IF_ETHER_H 1
| #define HAVE_STRERROR 1
| /* end confdefs.h.  */
| /* Define strlcpy to an innocuous variant, in case <limits.h> declares strlcpy.
|    For example, HP-UX 11i <limits.h> declares gettimeofday.  */
| #define strlcpy innocuous_strlcpy
| 
| /* System header to define __stub macros and hopefully few prototypes,
|     which can conflict with char strlcpy (); below.
|     Prefer <limits.h> to <assert.h> if __STDC__ is defined, since
|     <limits.h> exists even on freestanding compilers.  */
| 
| #ifdef __STDC__
| # include <limits.h>
| #else
| # include <assert.h>
| #endif
| 
| #undef strlcpy
| 
| /* Override any GCC internal prototype to avoid an error.
|    Use char because int might match the return type of a GCC
|    builtin and then its argument prototype would still apply.  */
| #ifdef __cplusplus
| extern "C"
| #endif
| char strlcpy ();
| /* The GNU C library defines this for functions which it implements
|     to always fail with ENOSYS.  Some functions are actually named
|     something starting with __ and the normal name is an alias.  */
| #if defined __stub_strlcpy || defined __stub___strlcpy
| choke me
| #endif
| 
| int
| main ()
| {
| return strlcpy ();
|   ;
|   return 0;
| }
configure:6152: result: no
configure:6169: checking for vsnprintf
configure:6225: arm-cas-linux-gnueabi-gcc -o conftest -g -O2   conftest.c  >&5
conftest.c:54:6: warning: conflicting types for built-in function 'vsnprintf' [enabled by default]
configure:6231: $? = 0
configure:6249: result: yes
configure:6169: checking for snprintf
configure:6225: arm-cas-linux-gnueabi-gcc -o conftest -g -O2   conftest.c  >&5
conftest.c:55:6: warning: conflicting types for built-in function 'snprintf' [enabled by default]
configure:6231: $? = 0
configure:6249: result: yes
configure:6279: checking for library containing gethostbyname
configure:6320: arm-cas-linux-gnueabi-gcc -o conftest -g -O2   conftest.c  >&5
configure:6326: $? = 0
configure:6354: result: none required
configure:6432: checking for library containing socket
configure:6473: arm-cas-linux-gnueabi-gcc -o conftest -g -O2   conftest.c  >&5
configure:6479: $? = 0
configure:6507: result: none required
configure:6582: checking for library containing putmsg
configure:6623: arm-cas-linux-gnueabi-gcc -o conftest -g -O2   conftest.c  >&5
/tmp/cciA1Q5E.o: In function `main':
/home/uidj7648/Workspace/toyota-1.19.3/package/opensource/libpcap/conftest.c:44: warning: warning: putmsg is not implemented and will always fail
configure:6629: $? = 0
configure:6657: result: none required
configure:6682: checking for ether_hostton
configure:6738: arm-cas-linux-gnueabi-gcc -o conftest -g -O2   conftest.c  >&5
configure:6744: $? = 0
configure:6762: result: yes
configure:6780: checking whether ether_hostton is declared
configure:6819: arm-cas-linux-gnueabi-gcc -c -g -O2  conftest.c >&5
conftest.c: In function 'main':
conftest.c:49:10: error: 'ether_hostton' undeclared (first use in this function)
conftest.c:49:10: note: each undeclared identifier is reported only once for each function it appears in
configure:6825: $? = 1
configure: failed program was:
| /* confdefs.h.  */
| #define PACKAGE_NAME ""
| #define PACKAGE_TARNAME ""
| #define PACKAGE_VERSION ""
| #define PACKAGE_STRING ""
| #define PACKAGE_BUGREPORT ""
| #define inline inline
| #define HAVE___ATTRIBUTE__ 1
| #define __ATTRIBUTE___FORMAT_OK 1
| #define STDC_HEADERS 1
| #define HAVE_SYS_TYPES_H 1
| #define HAVE_SYS_STAT_H 1
| #define HAVE_STDLIB_H 1
| #define HAVE_STRING_H 1
| #define HAVE_MEMORY_H 1
| #define HAVE_STRINGS_H 1
| #define HAVE_INTTYPES_H 1
| #define HAVE_STDINT_H 1
| #define HAVE_UNISTD_H 1
| #define HAVE_SYS_BITYPES_H 1
| #define _FILE_OFFSET_BITS 64
| #define HAVE_FSEEKO 1
| #define HAVE_LIMITS_H 1
| #define HAVE_PATHS_H 1
| #define HAVE_LINUX_TYPES_H 1
| #define HAVE_LINUX_IF_PACKET_H 1
| #define HAVE_NETPACKET_PACKET_H 1
| #define HAVE_NETINET_IF_ETHER_H 1
| #define HAVE_STRERROR 1
| #define HAVE_VSNPRINTF 1
| #define HAVE_SNPRINTF 1
| #define HAVE_ETHER_HOSTTON 1
| /* end confdefs.h.  */
| 
| #include <sys/types.h>
| #include <sys/socket.h>
| #include <netinet/in.h>
| #include <arpa/inet.h>
| struct mbuf;
| struct rtentry;
| #include <net/if.h>
| #include <netinet/if_ether.h>
| 
| 
| int
| main ()
| {
| #ifndef ether_hostton
|   (void) ether_hostton;
| #endif
| 
|   ;
|   return 0;
| }
configure:6840: result: no
configure:6875: checking netinet/ether.h usability
configure:6892: arm-cas-linux-gnueabi-gcc -c -g -O2  conftest.c >&5
configure:6898: $? = 0
configure:6912: result: yes
configure:6916: checking netinet/ether.h presence
configure:6931: arm-cas-linux-gnueabi-gcc -E  conftest.c
configure:6937: $? = 0
configure:6951: result: yes
configure:6979: checking for netinet/ether.h
configure:6987: result: yes
configure:7008: checking whether ether_hostton is declared
configure:7040: arm-cas-linux-gnueabi-gcc -c -g -O2  conftest.c >&5
configure:7046: $? = 0
configure:7061: result: yes
configure:7169: checking if --disable-protochain option is specified
configure:7189: result: enabled
configure:7225: checking packet capture type
configure:7271: result: linux
configure:7689: checking for linux/wireless.h
configure:7714: arm-cas-linux-gnueabi-gcc -c -g -O2  conftest.c >&5
configure:7720: $? = 0
configure:7736: result: yes
configure:7764: checking for nl_socket_alloc in -lnl-3
configure:7799: arm-cas-linux-gnueabi-gcc -o conftest -g -O2   conftest.c -lnl-3   >&5
configure:7805: $? = 0
configure:7823: result: yes
configure:8052: checking for linux/ethtool.h
configure:8076: arm-cas-linux-gnueabi-gcc -c -g -O2  conftest.c >&5
configure:8082: $? = 0
configure:8098: result: yes
configure:8109: checking if if_packet.h has tpacket_stats defined
configure:8136: arm-cas-linux-gnueabi-gcc -c -g -O2  conftest.c >&5
configure:8142: $? = 0
configure:8158: result: yes
configure:8167: checking if tpacket_auxdata struct has tp_vlan_tci member
configure:8195: arm-cas-linux-gnueabi-gcc -c -g -O2  conftest.c >&5
configure:8201: $? = 0
configure:8217: result: yes
configure:8534: checking for getifaddrs
configure:8590: arm-cas-linux-gnueabi-gcc -o conftest -g -O2   conftest.c -lnl-genl-3 -lnl-3  >&5
configure:8596: $? = 0
configure:8613: result: yes
configure:8631: checking ifaddrs.h usability
configure:8648: arm-cas-linux-gnueabi-gcc -c -g -O2  conftest.c >&5
configure:8654: $? = 0
configure:8668: result: yes
configure:8672: checking ifaddrs.h presence
configure:8687: arm-cas-linux-gnueabi-gcc -E  conftest.c
configure:8693: $? = 0
configure:8707: result: yes
configure:8735: checking for ifaddrs.h
configure:8742: result: yes
configure:8869: checking for socklen_t
configure:8895: arm-cas-linux-gnueabi-gcc -c -g -O2  conftest.c >&5
configure:8901: $? = 0
configure:8922: result: yes
configure:8933: checking for getaddrinfo
configure:8989: arm-cas-linux-gnueabi-gcc -o conftest -g -O2   conftest.c -lnl-genl-3 -lnl-3  >&5
configure:8995: $? = 0
configure:9012: result: yes
configure:9036: checking whether to build optimizer debugging code
configure:9050: result: no
configure:9053: checking whether to build parser debugging code
configure:9067: result: no
configure:9148: checking whether we have DAG API headers
configure:9171: result: no (/usr/local/include)
configure:9490: checking whether we have the DAG API
configure:9494: result: no
configure:9567: checking whether we have Septel API
configure:9589: result: no
configure:9690: checking whether we have Myricom Sniffer API
configure:9708: result: no (/opt/snf)
configure:9836: checking for flex
configure:9852: found /usr/bin/flex
configure:9863: result: flex
configure:9878: checking for flex 2.4 or higher
configure:9890: result: yes
configure:9906: checking for bison
configure:9922: found /usr/bin/bison
configure:9933: result: bison
configure:10272: checking for arm-cas-linux-gnueabi-ranlib
configure:10288: found /home/uidj7648/Workspace/toyota-1.19.3/release/fs/devel/usr/bin/arm-cas-linux-gnueabi-ranlib
configure:10299: result: arm-cas-linux-gnueabi-ranlib
configure:10368: checking for arm-cas-linux-gnueabi-ar
configure:10384: found /home/uidj7648/Workspace/toyota-1.19.3/release/fs/devel/usr/bin/arm-cas-linux-gnueabi-ar
configure:10395: result: arm-cas-linux-gnueabi-ar
configure:10462: checking whether ln -s works
configure:10466: result: yes
configure:10848: checking if sockaddr struct has the sa_len member
configure:10876: arm-cas-linux-gnueabi-gcc -c -g -O2  conftest.c >&5
conftest.c: In function 'main':
conftest.c:53:40: error: 'struct sockaddr' has no member named 'sa_len'
configure:10882: $? = 1
configure: failed program was:
| /* confdefs.h.  */
| #define PACKAGE_NAME ""
| #define PACKAGE_TARNAME ""
| #define PACKAGE_VERSION ""
| #define PACKAGE_STRING ""
| #define PACKAGE_BUGREPORT ""
| #define inline inline
| #define HAVE___ATTRIBUTE__ 1
| #define __ATTRIBUTE___FORMAT_OK 1
| #define STDC_HEADERS 1
| #define HAVE_SYS_TYPES_H 1
| #define HAVE_SYS_STAT_H 1
| #define HAVE_STDLIB_H 1
| #define HAVE_STRING_H 1
| #define HAVE_MEMORY_H 1
| #define HAVE_STRINGS_H 1
| #define HAVE_INTTYPES_H 1
| #define HAVE_STDINT_H 1
| #define HAVE_UNISTD_H 1
| #define HAVE_SYS_BITYPES_H 1
| #define _FILE_OFFSET_BITS 64
| #define HAVE_FSEEKO 1
| #define HAVE_LIMITS_H 1
| #define HAVE_PATHS_H 1
| #define HAVE_LINUX_TYPES_H 1
| #define HAVE_LINUX_IF_PACKET_H 1
| #define HAVE_NETPACKET_PACKET_H 1
| #define HAVE_NETINET_IF_ETHER_H 1
| #define HAVE_STRERROR 1
| #define HAVE_VSNPRINTF 1
| #define HAVE_SNPRINTF 1
| #define HAVE_ETHER_HOSTTON 1
| #define HAVE_NETINET_ETHER_H 1
| #define NETINET_ETHER_H_DECLARES_ETHER_HOSTTON
| #define HAVE_DECL_ETHER_HOSTTON 1
| #define HAVE_LINUX_WIRELESS_H 1
| #define HAVE_LIBNL 1
| #define HAVE_LIBNL_3_x 1
| #define HAVE_LIBNL_NLE 1
| #define HAVE_LIBNL_SOCKETS 1
| #define HAVE_LINUX_ETHTOOL_H 1
| #define HAVE_TPACKET_STATS 1
| #define HAVE_LINUX_TPACKET_AUXDATA_TP_VLAN_TCI 1
| #define HAVE_SOCKLEN_T 1
| #define INET6 1
| /* end confdefs.h.  */
| 
| #	include <sys/types.h>
| #	include <sys/socket.h>
| int
| main ()
| {
| u_int i = sizeof(((struct sockaddr *)0)->sa_len)
|   ;
|   return 0;
| }
configure:10898: result: no
configure:10908: checking if sockaddr_storage struct exists
configure:10936: arm-cas-linux-gnueabi-gcc -c -g -O2  conftest.c >&5
configure:10942: $? = 0
configure:10958: result: yes
configure:10968: checking if dl_hp_ppa_info_t struct has dl_module_id_1 member
configure:10997: arm-cas-linux-gnueabi-gcc -c -g -O2  conftest.c >&5
conftest.c:50:23: fatal error: sys/dlpi.h: No such file or directory
compilation terminated.
configure:11003: $? = 1
configure: failed program was:
| /* confdefs.h.  */
| #define PACKAGE_NAME ""
| #define PACKAGE_TARNAME ""
| #define PACKAGE_VERSION ""
| #define PACKAGE_STRING ""
| #define PACKAGE_BUGREPORT ""
| #define inline inline
| #define HAVE___ATTRIBUTE__ 1
| #define __ATTRIBUTE___FORMAT_OK 1
| #define STDC_HEADERS 1
| #define HAVE_SYS_TYPES_H 1
| #define HAVE_SYS_STAT_H 1
| #define HAVE_STDLIB_H 1
| #define HAVE_STRING_H 1
| #define HAVE_MEMORY_H 1
| #define HAVE_STRINGS_H 1
| #define HAVE_INTTYPES_H 1
| #define HAVE_STDINT_H 1
| #define HAVE_UNISTD_H 1
| #define HAVE_SYS_BITYPES_H 1
| #define _FILE_OFFSET_BITS 64
| #define HAVE_FSEEKO 1
| #define HAVE_LIMITS_H 1
| #define HAVE_PATHS_H 1
| #define HAVE_LINUX_TYPES_H 1
| #define HAVE_LINUX_IF_PACKET_H 1
| #define HAVE_NETPACKET_PACKET_H 1
| #define HAVE_NETINET_IF_ETHER_H 1
| #define HAVE_STRERROR 1
| #define HAVE_VSNPRINTF 1
| #define HAVE_SNPRINTF 1
| #define HAVE_ETHER_HOSTTON 1
| #define HAVE_NETINET_ETHER_H 1
| #define NETINET_ETHER_H_DECLARES_ETHER_HOSTTON
| #define HAVE_DECL_ETHER_HOSTTON 1
| #define HAVE_LINUX_WIRELESS_H 1
| #define HAVE_LIBNL 1
| #define HAVE_LIBNL_3_x 1
| #define HAVE_LIBNL_NLE 1
| #define HAVE_LIBNL_SOCKETS 1
| #define HAVE_LINUX_ETHTOOL_H 1
| #define HAVE_TPACKET_STATS 1
| #define HAVE_LINUX_TPACKET_AUXDATA_TP_VLAN_TCI 1
| #define HAVE_SOCKLEN_T 1
| #define INET6 1
| #define HAVE_SOCKADDR_STORAGE 1
| /* end confdefs.h.  */
| 
| #	include <sys/types.h>
| #	include <sys/dlpi.h>
| #	include <sys/dlpi_ext.h>
| int
| main ()
| {
| u_int i = sizeof(((dl_hp_ppa_info_t *)0)->dl_module_id_1)
|   ;
|   return 0;
| }
configure:11019: result: no
configure:11029: checking if unaligned accesses fail
configure:11116: result: yes
configure:11157: checking for USB sniffing support
configure:11167: result: yes
configure:11178: Device for USB sniffing is /dev/usbmon
configure:11199: checking linux/compiler.h usability
configure:11216: arm-cas-linux-gnueabi-gcc -c -g -O2  conftest.c >&5
conftest.c:85:28: fatal error: linux/compiler.h: No such file or directory
compilation terminated.
configure:11222: $? = 1
configure: failed program was:
| /* confdefs.h.  */
| #define PACKAGE_NAME ""
| #define PACKAGE_TARNAME ""
| #define PACKAGE_VERSION ""
| #define PACKAGE_STRING ""
| #define PACKAGE_BUGREPORT ""
| #define inline inline
| #define HAVE___ATTRIBUTE__ 1
| #define __ATTRIBUTE___FORMAT_OK 1
| #define STDC_HEADERS 1
| #define HAVE_SYS_TYPES_H 1
| #define HAVE_SYS_STAT_H 1
| #define HAVE_STDLIB_H 1
| #define HAVE_STRING_H 1
| #define HAVE_MEMORY_H 1
| #define HAVE_STRINGS_H 1
| #define HAVE_INTTYPES_H 1
| #define HAVE_STDINT_H 1
| #define HAVE_UNISTD_H 1
| #define HAVE_SYS_BITYPES_H 1
| #define _FILE_OFFSET_BITS 64
| #define HAVE_FSEEKO 1
| #define HAVE_LIMITS_H 1
| #define HAVE_PATHS_H 1
| #define HAVE_LINUX_TYPES_H 1
| #define HAVE_LINUX_IF_PACKET_H 1
| #define HAVE_NETPACKET_PACKET_H 1
| #define HAVE_NETINET_IF_ETHER_H 1
| #define HAVE_STRERROR 1
| #define HAVE_VSNPRINTF 1
| #define HAVE_SNPRINTF 1
| #define HAVE_ETHER_HOSTTON 1
| #define HAVE_NETINET_ETHER_H 1
| #define NETINET_ETHER_H_DECLARES_ETHER_HOSTTON
| #define HAVE_DECL_ETHER_HOSTTON 1
| #define HAVE_LINUX_WIRELESS_H 1
| #define HAVE_LIBNL 1
| #define HAVE_LIBNL_3_x 1
| #define HAVE_LIBNL_NLE 1
| #define HAVE_LIBNL_SOCKETS 1
| #define HAVE_LINUX_ETHTOOL_H 1
| #define HAVE_TPACKET_STATS 1
| #define HAVE_LINUX_TPACKET_AUXDATA_TP_VLAN_TCI 1
| #define HAVE_SOCKLEN_T 1
| #define INET6 1
| #define HAVE_SOCKADDR_STORAGE 1
| #define LBL_ALIGN 1
| #define HAVE_VERSION_H 1
| #define PCAP_SUPPORT_USB 1
| #define LINUX_USB_MON_DEV "/dev/usbmon"
| /* end confdefs.h.  */
| #include <stdio.h>
| #ifdef HAVE_SYS_TYPES_H
| # include <sys/types.h>
| #endif
| #ifdef HAVE_SYS_STAT_H
| # include <sys/stat.h>
| #endif
| #ifdef STDC_HEADERS
| # include <stdlib.h>
| # include <stddef.h>
| #else
| # ifdef HAVE_STDLIB_H
| #  include <stdlib.h>
| # endif
| #endif
| #ifdef HAVE_STRING_H
| # if !defined STDC_HEADERS && defined HAVE_MEMORY_H
| #  include <memory.h>
| # endif
| # include <string.h>
| #endif
| #ifdef HAVE_STRINGS_H
| # include <strings.h>
| #endif
| #ifdef HAVE_INTTYPES_H
| # include <inttypes.h>
| #endif
| #ifdef HAVE_STDINT_H
| # include <stdint.h>
| #endif
| #ifdef HAVE_UNISTD_H
| # include <unistd.h>
| #endif
| #include <linux/compiler.h>
configure:11236: result: no
configure:11240: checking linux/compiler.h presence
configure:11255: arm-cas-linux-gnueabi-gcc -E  conftest.c
conftest.c:52:28: fatal error: linux/compiler.h: No such file or directory
compilation terminated.
configure:11261: $? = 1
configure: failed program was:
| /* confdefs.h.  */
| #define PACKAGE_NAME ""
| #define PACKAGE_TARNAME ""
| #define PACKAGE_VERSION ""
| #define PACKAGE_STRING ""
| #define PACKAGE_BUGREPORT ""
| #define inline inline
| #define HAVE___ATTRIBUTE__ 1
| #define __ATTRIBUTE___FORMAT_OK 1
| #define STDC_HEADERS 1
| #define HAVE_SYS_TYPES_H 1
| #define HAVE_SYS_STAT_H 1
| #define HAVE_STDLIB_H 1
| #define HAVE_STRING_H 1
| #define HAVE_MEMORY_H 1
| #define HAVE_STRINGS_H 1
| #define HAVE_INTTYPES_H 1
| #define HAVE_STDINT_H 1
| #define HAVE_UNISTD_H 1
| #define HAVE_SYS_BITYPES_H 1
| #define _FILE_OFFSET_BITS 64
| #define HAVE_FSEEKO 1
| #define HAVE_LIMITS_H 1
| #define HAVE_PATHS_H 1
| #define HAVE_LINUX_TYPES_H 1
| #define HAVE_LINUX_IF_PACKET_H 1
| #define HAVE_NETPACKET_PACKET_H 1
| #define HAVE_NETINET_IF_ETHER_H 1
| #define HAVE_STRERROR 1
| #define HAVE_VSNPRINTF 1
| #define HAVE_SNPRINTF 1
| #define HAVE_ETHER_HOSTTON 1
| #define HAVE_NETINET_ETHER_H 1
| #define NETINET_ETHER_H_DECLARES_ETHER_HOSTTON
| #define HAVE_DECL_ETHER_HOSTTON 1
| #define HAVE_LINUX_WIRELESS_H 1
| #define HAVE_LIBNL 1
| #define HAVE_LIBNL_3_x 1
| #define HAVE_LIBNL_NLE 1
| #define HAVE_LIBNL_SOCKETS 1
| #define HAVE_LINUX_ETHTOOL_H 1
| #define HAVE_TPACKET_STATS 1
| #define HAVE_LINUX_TPACKET_AUXDATA_TP_VLAN_TCI 1
| #define HAVE_SOCKLEN_T 1
| #define INET6 1
| #define HAVE_SOCKADDR_STORAGE 1
| #define LBL_ALIGN 1
| #define HAVE_VERSION_H 1
| #define PCAP_SUPPORT_USB 1
| #define LINUX_USB_MON_DEV "/dev/usbmon"
| /* end confdefs.h.  */
| #include <linux/compiler.h>
configure:11275: result: no
configure:11303: checking for linux/compiler.h
configure:11311: result: no
configure:11402: checking linux/usbdevice_fs.h usability
configure:11419: arm-cas-linux-gnueabi-gcc -c -g -O2  conftest.c >&5
configure:11425: $? = 0
configure:11439: result: yes
configure:11443: checking linux/usbdevice_fs.h presence
configure:11458: arm-cas-linux-gnueabi-gcc -E  conftest.c
configure:11464: $? = 0
configure:11478: result: yes
configure:11506: checking for linux/usbdevice_fs.h
configure:11514: result: yes
configure:11535: checking if usbdevfs_ctrltransfer struct has bRequestType member
configure:11569: arm-cas-linux-gnueabi-gcc -c -g -O2  conftest.c >&5
configure:11575: $? = 0
configure:11591: result: yes
configure:11610: checking whether the platform could support netfilter sniffing
configure:11614: result: yes
configure:11624: checking whether we can compile the netfilter support
configure:11660: arm-cas-linux-gnueabi-gcc -c -g -O2  conftest.c >&5
configure:11666: $? = 0
configure:11682: result: yes
configure:11722: checking bluetooth/bluetooth.h usability
configure:11739: arm-cas-linux-gnueabi-gcc -c -g -O2  conftest.c >&5
conftest.c:88:33: fatal error: bluetooth/bluetooth.h: No such file or directory
compilation terminated.
configure:11745: $? = 1
configure: failed program was:
| /* confdefs.h.  */
| #define PACKAGE_NAME ""
| #define PACKAGE_TARNAME ""
| #define PACKAGE_VERSION ""
| #define PACKAGE_STRING ""
| #define PACKAGE_BUGREPORT ""
| #define inline inline
| #define HAVE___ATTRIBUTE__ 1
| #define __ATTRIBUTE___FORMAT_OK 1
| #define STDC_HEADERS 1
| #define HAVE_SYS_TYPES_H 1
| #define HAVE_SYS_STAT_H 1
| #define HAVE_STDLIB_H 1
| #define HAVE_STRING_H 1
| #define HAVE_MEMORY_H 1
| #define HAVE_STRINGS_H 1
| #define HAVE_INTTYPES_H 1
| #define HAVE_STDINT_H 1
| #define HAVE_UNISTD_H 1
| #define HAVE_SYS_BITYPES_H 1
| #define _FILE_OFFSET_BITS 64
| #define HAVE_FSEEKO 1
| #define HAVE_LIMITS_H 1
| #define HAVE_PATHS_H 1
| #define HAVE_LINUX_TYPES_H 1
| #define HAVE_LINUX_IF_PACKET_H 1
| #define HAVE_NETPACKET_PACKET_H 1
| #define HAVE_NETINET_IF_ETHER_H 1
| #define HAVE_STRERROR 1
| #define HAVE_VSNPRINTF 1
| #define HAVE_SNPRINTF 1
| #define HAVE_ETHER_HOSTTON 1
| #define HAVE_NETINET_ETHER_H 1
| #define NETINET_ETHER_H_DECLARES_ETHER_HOSTTON
| #define HAVE_DECL_ETHER_HOSTTON 1
| #define HAVE_LINUX_WIRELESS_H 1
| #define HAVE_LIBNL 1
| #define HAVE_LIBNL_3_x 1
| #define HAVE_LIBNL_NLE 1
| #define HAVE_LIBNL_SOCKETS 1
| #define HAVE_LINUX_ETHTOOL_H 1
| #define HAVE_TPACKET_STATS 1
| #define HAVE_LINUX_TPACKET_AUXDATA_TP_VLAN_TCI 1
| #define HAVE_SOCKLEN_T 1
| #define INET6 1
| #define HAVE_SOCKADDR_STORAGE 1
| #define LBL_ALIGN 1
| #define HAVE_VERSION_H 1
| #define PCAP_SUPPORT_USB 1
| #define LINUX_USB_MON_DEV "/dev/usbmon"
| #define HAVE_LINUX_USBDEVICE_FS_H 1
| #define HAVE_USBDEVFS_CTRLTRANSFER_BREQUESTTYPE 1
| #define PCAP_SUPPORT_NETFILTER 1
| /* end confdefs.h.  */
| #include <stdio.h>
| #ifdef HAVE_SYS_TYPES_H
| # include <sys/types.h>
| #endif
| #ifdef HAVE_SYS_STAT_H
| # include <sys/stat.h>
| #endif
| #ifdef STDC_HEADERS
| # include <stdlib.h>
| # include <stddef.h>
| #else
| # ifdef HAVE_STDLIB_H
| #  include <stdlib.h>
| # endif
| #endif
| #ifdef HAVE_STRING_H
| # if !defined STDC_HEADERS && defined HAVE_MEMORY_H
| #  include <memory.h>
| # endif
| # include <string.h>
| #endif
| #ifdef HAVE_STRINGS_H
| # include <strings.h>
| #endif
| #ifdef HAVE_INTTYPES_H
| # include <inttypes.h>
| #endif
| #ifdef HAVE_STDINT_H
| # include <stdint.h>
| #endif
| #ifdef HAVE_UNISTD_H
| # include <unistd.h>
| #endif
| #include <bluetooth/bluetooth.h>
configure:11759: result: no
configure:11763: checking bluetooth/bluetooth.h presence
configure:11778: arm-cas-linux-gnueabi-gcc -E  conftest.c
conftest.c:55:33: fatal error: bluetooth/bluetooth.h: No such file or directory
compilation terminated.
configure:11784: $? = 1
configure: failed program was:
| /* confdefs.h.  */
| #define PACKAGE_NAME ""
| #define PACKAGE_TARNAME ""
| #define PACKAGE_VERSION ""
| #define PACKAGE_STRING ""
| #define PACKAGE_BUGREPORT ""
| #define inline inline
| #define HAVE___ATTRIBUTE__ 1
| #define __ATTRIBUTE___FORMAT_OK 1
| #define STDC_HEADERS 1
| #define HAVE_SYS_TYPES_H 1
| #define HAVE_SYS_STAT_H 1
| #define HAVE_STDLIB_H 1
| #define HAVE_STRING_H 1
| #define HAVE_MEMORY_H 1
| #define HAVE_STRINGS_H 1
| #define HAVE_INTTYPES_H 1
| #define HAVE_STDINT_H 1
| #define HAVE_UNISTD_H 1
| #define HAVE_SYS_BITYPES_H 1
| #define _FILE_OFFSET_BITS 64
| #define HAVE_FSEEKO 1
| #define HAVE_LIMITS_H 1
| #define HAVE_PATHS_H 1
| #define HAVE_LINUX_TYPES_H 1
| #define HAVE_LINUX_IF_PACKET_H 1
| #define HAVE_NETPACKET_PACKET_H 1
| #define HAVE_NETINET_IF_ETHER_H 1
| #define HAVE_STRERROR 1
| #define HAVE_VSNPRINTF 1
| #define HAVE_SNPRINTF 1
| #define HAVE_ETHER_HOSTTON 1
| #define HAVE_NETINET_ETHER_H 1
| #define NETINET_ETHER_H_DECLARES_ETHER_HOSTTON
| #define HAVE_DECL_ETHER_HOSTTON 1
| #define HAVE_LINUX_WIRELESS_H 1
| #define HAVE_LIBNL 1
| #define HAVE_LIBNL_3_x 1
| #define HAVE_LIBNL_NLE 1
| #define HAVE_LIBNL_SOCKETS 1
| #define HAVE_LINUX_ETHTOOL_H 1
| #define HAVE_TPACKET_STATS 1
| #define HAVE_LINUX_TPACKET_AUXDATA_TP_VLAN_TCI 1
| #define HAVE_SOCKLEN_T 1
| #define INET6 1
| #define HAVE_SOCKADDR_STORAGE 1
| #define LBL_ALIGN 1
| #define HAVE_VERSION_H 1
| #define PCAP_SUPPORT_USB 1
| #define LINUX_USB_MON_DEV "/dev/usbmon"
| #define HAVE_LINUX_USBDEVICE_FS_H 1
| #define HAVE_USBDEVFS_CTRLTRANSFER_BREQUESTTYPE 1
| #define PCAP_SUPPORT_NETFILTER 1
| /* end confdefs.h.  */
| #include <bluetooth/bluetooth.h>
configure:11798: result: no
configure:11826: checking for bluetooth/bluetooth.h
configure:11833: result: no
configure:11914: Bluetooth sniffing is not supported; install bluez-lib devel to enable it
configure:11951: checking libusb-1.0/libusb.h usability
configure:11968: arm-cas-linux-gnueabi-gcc -c -g -O2  conftest.c >&5
configure:11974: $? = 0
configure:11988: result: yes
configure:11992: checking libusb-1.0/libusb.h presence
configure:12007: arm-cas-linux-gnueabi-gcc -E  conftest.c
configure:12013: $? = 0
configure:12027: result: yes
configure:12055: checking for libusb-1.0/libusb.h
configure:12062: result: yes
configure:12075: canusb sniffing is supported
configure:12106: checking for linux/can.h
configure:12128: arm-cas-linux-gnueabi-gcc -c -g -O2  conftest.c >&5
configure:12134: $? = 0
configure:12149: result: yes
configure:12158: CAN sniffing is supported
configure:12187: checking for pkg-config
configure:12203: found /home/uidj7648/Workspace/toyota-1.19.3/release/fs/host/usr/bin/pkg-config
configure:12215: result: pkg-config
configure:12224: checking for D-Bus
configure:12306: result: no
configure:12336: checking linux/net_tstamp.h usability
configure:12353: arm-cas-linux-gnueabi-gcc -c -g -O2  conftest.c >&5
configure:12359: $? = 0
configure:12373: result: yes
configure:12377: checking linux/net_tstamp.h presence
configure:12392: arm-cas-linux-gnueabi-gcc -E  conftest.c
configure:12398: $? = 0
configure:12412: result: yes
configure:12440: checking for linux/net_tstamp.h
configure:12448: result: yes
configure:12481: checking for a BSD-compatible install
configure:12537: result: /usr/bin/install -c
configure:12656: creating ./config.status

## ---------------------- ##
## Running config.status. ##
## ---------------------- ##

This file was extended by config.status, which was
generated by GNU Autoconf 2.61.  Invocation command line was

  CONFIG_FILES    = 
  CONFIG_HEADERS  = 
  CONFIG_LINKS    = 
  CONFIG_COMMANDS = 
  $ ./config.status 

on zuv4200u

config.status:671: creating Makefile
config.status:671: creating pcap-filter.manmisc
config.status:671: creating pcap-linktype.manmisc
config.status:671: creating pcap-tstamp.manmisc
config.status:671: creating pcap-savefile.manfile
config.status:671: creating pcap.3pcap
config.status:671: creating pcap_compile.3pcap
config.status:671: creating pcap_datalink.3pcap
config.status:671: creating pcap_dump_open.3pcap
config.status:671: creating pcap_list_datalinks.3pcap
config.status:671: creating pcap_list_tstamp_types.3pcap
config.status:671: creating pcap_open_dead.3pcap
config.status:671: creating pcap_open_offline.3pcap
config.status:671: creating pcap_set_tstamp_type.3pcap
config.status:671: creating config.h
config.status:950: executing default-1 commands

## ---------------- ##
## Cache variables. ##
## ---------------- ##

ac_cv___attribute__=yes
ac_cv___attribute___format=yes
ac_cv___attribute___unused=yes
ac_cv_build=x86_64-pc-linux-gnu
ac_cv_c_compiler_gnu=yes
ac_cv_env_CC_set=
ac_cv_env_CC_value=
ac_cv_env_CFLAGS_set=
ac_cv_env_CFLAGS_value=
ac_cv_env_CPPFLAGS_set=
ac_cv_env_CPPFLAGS_value=
ac_cv_env_CPP_set=
ac_cv_env_CPP_value=
ac_cv_env_LDFLAGS_set=
ac_cv_env_LDFLAGS_value=
ac_cv_env_LIBS_set=
ac_cv_env_LIBS_value=
ac_cv_env_build_alias_set=set
ac_cv_env_build_alias_value=x86_64-pc-linux-gnu
ac_cv_env_host_alias_set=set
ac_cv_env_host_alias_value=arm-cas-linux-gnueabi
ac_cv_env_target_alias_set=
ac_cv_env_target_alias_value=
ac_cv_func_ether_hostton=yes
ac_cv_func_getaddrinfo=yes
ac_cv_func_getifaddrs=yes
ac_cv_func_snprintf=yes
ac_cv_func_strerror=yes
ac_cv_func_strlcpy=no
ac_cv_func_vsnprintf=yes
ac_cv_have_decl_ether_hostton=yes
ac_cv_header_bluetooth_bluetooth_h=no
ac_cv_header_ifaddrs_h=yes
ac_cv_header_inttypes_h=yes
ac_cv_header_libusb_1_0_libusb_h=yes
ac_cv_header_limits_h=yes
ac_cv_header_linux_can_h=yes
ac_cv_header_linux_compiler_h=no
ac_cv_header_linux_ethtool_h=yes
ac_cv_header_linux_if_packet_h=yes
ac_cv_header_linux_net_tstamp_h=yes
ac_cv_header_linux_types_h=yes
ac_cv_header_linux_usbdevice_fs_h=yes
ac_cv_header_linux_wireless_h=yes
ac_cv_header_memory_h=yes
ac_cv_header_net_pfvar_h=no
ac_cv_header_netinet_ether_h=yes
ac_cv_header_netinet_if_ether_h=yes
ac_cv_header_netpacket_if_packet_h=no
ac_cv_header_netpacket_packet_h=yes
ac_cv_header_paths_h=yes
ac_cv_header_stdc=yes
ac_cv_header_stdint_h=yes
ac_cv_header_stdlib_h=yes
ac_cv_header_string_h=yes
ac_cv_header_strings_h=yes
ac_cv_header_sys_bitypes_h=yes
ac_cv_header_sys_ioccom_h=no
ac_cv_header_sys_sockio_h=no
ac_cv_header_sys_stat_h=yes
ac_cv_header_sys_types_h=yes
ac_cv_header_unistd_h=yes
ac_cv_host=arm-cas-linux-gnueabi
ac_cv_lbl_dag_api=no
ac_cv_lbl_dl_hp_ppa_info_t_has_dl_module_id_1=no
ac_cv_lbl_flex_v24=yes
ac_cv_lbl_gcc_fixincludes=yes
ac_cv_lbl_gcc_vers=4
ac_cv_lbl_has_sockaddr_storage=yes
ac_cv_lbl_inline=inline
ac_cv_lbl_linux_tpacket_auxdata_tp_vlan_tci=yes
ac_cv_lbl_septel_api=no
ac_cv_lbl_snf_api=no
ac_cv_lbl_sockaddr_has_sa_len=no
ac_cv_lbl_tpacket_stats=yes
ac_cv_lbl_unaligned_fail=yes
ac_cv_lib_nl_3_nl_socket_alloc=yes
ac_cv_linux_vers=2
ac_cv_netfilter_can_compile=yes
ac_cv_objext=o
ac_cv_path_EGREP='/bin/grep -E'
ac_cv_path_GREP=/bin/grep
ac_cv_path_install='/usr/bin/install -c'
ac_cv_prog_AR=arm-cas-linux-gnueabi-ar
ac_cv_prog_CC=arm-cas-linux-gnueabi-gcc
ac_cv_prog_CPP='arm-cas-linux-gnueabi-gcc -E'
ac_cv_prog_PKGCONFIG=pkg-config
ac_cv_prog_RANLIB=arm-cas-linux-gnueabi-ranlib
ac_cv_prog_V_LEX=flex
ac_cv_prog_V_YACC=bison
ac_cv_prog_cc_c89=
ac_cv_prog_cc_g=yes
ac_cv_search_gethostbyname='none required'
ac_cv_search_putmsg='none required'
ac_cv_search_socket='none required'
ac_cv_sys_file_offset_bits=64
ac_cv_sys_largefile_CC=no
ac_cv_sys_largefile_source=no
ac_cv_target=arm-cas-linux-gnueabi
ac_cv_type_int16_t=yes
ac_cv_type_int32_t=yes
ac_cv_type_int64_t=yes
ac_cv_type_int8_t=yes
ac_cv_type_u_int16_t=yes
ac_cv_type_u_int32_t=yes
ac_cv_type_u_int64_t=yes
ac_cv_type_u_int8_t=yes
ac_cv_usbdevfs_ctrltransfer_has_bRequestType=yes

## ----------------- ##
## Output variables. ##
## ----------------- ##

ADDLARCHIVEOBJS=''
ADDLOBJS=''
AR='arm-cas-linux-gnueabi-ar'
BT_SRC=''
CANUSB_SRC='pcap-canusb-linux.c'
CAN_SRC='pcap-can-linux.c'
CC='arm-cas-linux-gnueabi-gcc'
CFLAGS='-g -O2'
CPP='arm-cas-linux-gnueabi-gcc -E'
CPPFLAGS=''
DBUS_SRC=''
DEFS='-DHAVE_CONFIG_H'
DEPENDENCY_CFLAG=''
DYEXT='so'
ECHO_C=''
ECHO_N='-n'
ECHO_T=''
EGREP='/bin/grep -E'
EXEEXT=''
GREP='/bin/grep'
HAVE_LINUX_TPACKET_AUXDATA='tp_vlan_tci'
INSTALL_DATA='${INSTALL} -m 644'
INSTALL_PROGRAM='${INSTALL}'
INSTALL_SCRIPT='${INSTALL}'
LDFLAGS=''
LIBOBJS=''
LIBS='-lusb-1.0 -lpthread -lnl-genl-3 -lnl-3 '
LN_S='ln -s'
LTLIBOBJS=''
MAN_FILE_FORMATS='5'
MAN_MISC_INFO='7'
MKDEP=''
NETFILTER_SRC='pcap-netfilter-linux.c'
OBJEXT='o'
PACKAGE_BUGREPORT=''
PACKAGE_NAME=''
PACKAGE_STRING=''
PACKAGE_TARNAME=''
PACKAGE_VERSION=''
PATH_SEPARATOR=':'
PCAP_SUPPORT_BT=''
PCAP_SUPPORT_CAN=''
PCAP_SUPPORT_CANUSB=''
PCAP_SUPPORT_DBUS=''
PCAP_SUPPORT_NETFILTER=''
PCAP_SUPPORT_USB=''
PKGCONFIG='pkg-config'
RANLIB='arm-cas-linux-gnueabi-ranlib'
SHELL='/bin/sh'
SHLICC2=''
SSRC=''
USB_SRC='pcap-usb-linux.c'
V_CCOPT='-O2 -fpic'
V_DEFS=' -D_U_="__attribute__((unused))"'
V_FINDALLDEVS='getad'
V_INCLS=' -I/usr/include/libnl3'
V_LEX='flex -Ppcap_'
V_PCAP='linux'
V_RPATH_OPT='-Wl,-rpath,'
V_SHLIB_CMD='$(CC)'
V_SHLIB_OPT='-shared'
V_SONAME_OPT='-Wl,-soname,'
V_YACC='bison -y -p pcap_'
ac_ct_CC=''
bindir='${exec_prefix}/bin'
build='x86_64-pc-linux-gnu'
build_alias='x86_64-pc-linux-gnu'
build_cpu='x86_64'
build_os='linux-gnu'
build_vendor='pc'
datadir='${datarootdir}'
datarootdir='${prefix}/share'
docdir='${datarootdir}/doc/${PACKAGE}'
dvidir='${docdir}'
exec_prefix='${prefix}'
host='arm-cas-linux-gnueabi'
host_alias='arm-cas-linux-gnueabi'
host_cpu='arm'
host_os='linux-gnueabi'
host_vendor='cas'
htmldir='${docdir}'
includedir='${prefix}/include'
infodir='${datarootdir}/info'
libdir='${exec_prefix}/lib'
libexecdir='${exec_prefix}/libexec'
localedir='${datarootdir}/locale'
localstatedir='${prefix}/var'
mandir='${datarootdir}/man'
oldincludedir='/usr/include'
pdfdir='${docdir}'
prefix='/usr'
program_transform_name='s,x,x,'
psdir='${docdir}'
sbindir='${exec_prefix}/sbin'
sharedstatedir='${prefix}/com'
sysconfdir='${prefix}/etc'
target='arm-cas-linux-gnueabi'
target_alias=''
target_cpu='arm'
target_os='linux-gnueabi'
target_vendor='cas'

## ----------- ##
## confdefs.h. ##
## ----------- ##

#define PACKAGE_NAME ""
#define PACKAGE_TARNAME ""
#define PACKAGE_VERSION ""
#define PACKAGE_STRING ""
#define PACKAGE_BUGREPORT ""
#define inline inline
#define HAVE___ATTRIBUTE__ 1
#define __ATTRIBUTE___FORMAT_OK 1
#define STDC_HEADERS 1
#define HAVE_SYS_TYPES_H 1
#define HAVE_SYS_STAT_H 1
#define HAVE_STDLIB_H 1
#define HAVE_STRING_H 1
#define HAVE_MEMORY_H 1
#define HAVE_STRINGS_H 1
#define HAVE_INTTYPES_H 1
#define HAVE_STDINT_H 1
#define HAVE_UNISTD_H 1
#define HAVE_SYS_BITYPES_H 1
#define _FILE_OFFSET_BITS 64
#define HAVE_FSEEKO 1
#define HAVE_LIMITS_H 1
#define HAVE_PATHS_H 1
#define HAVE_LINUX_TYPES_H 1
#define HAVE_LINUX_IF_PACKET_H 1
#define HAVE_NETPACKET_PACKET_H 1
#define HAVE_NETINET_IF_ETHER_H 1
#define HAVE_STRERROR 1
#define HAVE_VSNPRINTF 1
#define HAVE_SNPRINTF 1
#define HAVE_ETHER_HOSTTON 1
#define HAVE_NETINET_ETHER_H 1
#define NETINET_ETHER_H_DECLARES_ETHER_HOSTTON
#define HAVE_DECL_ETHER_HOSTTON 1
#define HAVE_LINUX_WIRELESS_H 1
#define HAVE_LIBNL 1
#define HAVE_LIBNL_3_x 1
#define HAVE_LIBNL_NLE 1
#define HAVE_LIBNL_SOCKETS 1
#define HAVE_LINUX_ETHTOOL_H 1
#define HAVE_TPACKET_STATS 1
#define HAVE_LINUX_TPACKET_AUXDATA_TP_VLAN_TCI 1
#define HAVE_SOCKLEN_T 1
#define INET6 1
#define HAVE_SOCKADDR_STORAGE 1
#define LBL_ALIGN 1
#define HAVE_VERSION_H 1
#define PCAP_SUPPORT_USB 1
#define LINUX_USB_MON_DEV "/dev/usbmon"
#define HAVE_LINUX_USBDEVICE_FS_H 1
#define HAVE_USBDEVFS_CTRLTRANSFER_BREQUESTTYPE 1
#define PCAP_SUPPORT_NETFILTER 1
#define PCAP_SUPPORT_CANUSB 1
#define PCAP_SUPPORT_CAN 1
#define HAVE_LINUX_NET_TSTAMP_H 1

configure: exit 0

## ---------------------- ##
## Running config.status. ##
## ---------------------- ##

This file was extended by config.status, which was
generated by GNU Autoconf 2.61.  Invocation command line was

  CONFIG_FILES    = 
  CONFIG_HEADERS  = 
  CONFIG_LINKS    = 
  CONFIG_COMMANDS = 
  $ ./config.status --file=pcap-config.tmp:./pcap-config.in

on zuv4200u

config.status:671: creating pcap-config.tmp
