This file contains any messages produced by compilers while
running configure, to aid debugging if configure makes a mistake.

It was created by iptables configure 1.4.12.2, which was
generated by GNU Autoconf 2.68.  Invocation command line was

  $ ./configure --build=x86_64-pc-linux-gnu --host=arm-cas-linux-gnueabi --target=arm-cas-linux-gnueabi --program-prefix= --prefix=/usr --sysconfdir=/etc --enable-ipv6

## --------- ##
## Platform. ##
## --------- ##

hostname = zuv4200u
uname -m = x86_64
uname -r = 3.13.0-92-generic
uname -s = Linux
uname -v = #139~precise1-Ubuntu SMP Wed Jun 29 21:30:37 UTC 2016

/usr/bin/uname -p = unknown
/bin/uname -X     = unknown

/bin/arch              = unknown
/usr/bin/arch -k       = unknown
/usr/convex/getsysinfo = unknown
/usr/bin/hostinfo      = unknown
/bin/machine           = unknown
/usr/bin/oslevel       = unknown
/bin/universe          = unknown

PATH: /home/uidj7648/Workspace/toyota-1.19.3/release/fs/host/usr/bin
PATH: /home/uidj7648/Workspace/toyota-1.19.3/release/fs/host/bin
PATH: /home/uidj7648/Workspace/toyota-1.19.3/release/fs/devel/usr/bin
PATH: /home/uidj7648/bin
PATH: /usr/lib/lightdm/lightdm
PATH: /usr/local/sbin
PATH: /usr/local/bin
PATH: /usr/sbin
PATH: /usr/bin
PATH: /sbin
PATH: /bin
PATH: /usr/games
PATH: /home/uidj7648/bin
PATH: /home/uidj7648/bin


## ----------- ##
## Core tests. ##
## ----------- ##

configure:2472: checking for a BSD-compatible install
configure:2540: result: /usr/bin/install -c
configure:2553: checking whether build environment is sane
configure:2603: result: yes
configure:2652: checking for arm-cas-linux-gnueabi-strip
configure:2668: found /home/uidj7648/Workspace/toyota-1.19.3/release/fs/devel/usr/bin/arm-cas-linux-gnueabi-strip
configure:2679: result: arm-cas-linux-gnueabi-strip
configure:2744: checking for a thread-safe mkdir -p
configure:2783: result: /bin/mkdir -p
configure:2796: checking for gawk
configure:2812: found /usr/bin/gawk
configure:2823: result: gawk
configure:2834: checking whether make sets $(MAKE)
configure:2856: result: yes
configure:2944: checking for arm-cas-linux-gnueabi-gcc
configure:2960: found /home/uidj7648/Workspace/toyota-1.19.3/release/fs/devel/usr/bin/arm-cas-linux-gnueabi-gcc
configure:2971: result: arm-cas-linux-gnueabi-gcc
configure:3240: checking for C compiler version
configure:3249: arm-cas-linux-gnueabi-gcc --version >&5
arm-cas-linux-gnueabi-gcc (GCC) 4.6.2
Copyright (C) 2011 Free Software Foundation, Inc.
This is free software; see the source for copying conditions.  There is NO
warranty; not even for MERCHANTABILITY or FITNESS FOR A PARTICULAR PURPOSE.

configure:3260: $? = 0
configure:3249: arm-cas-linux-gnueabi-gcc -v >&5
Using built-in specs.
COLLECT_GCC=arm-cas-linux-gnueabi-gcc
COLLECT_LTO_WRAPPER=/home/uidj7648/Workspace/toyota-1.19.3/release/fs/devel/usr/bin/../libexec/gcc/arm-cas-linux-gnueabi/4.6.2/lto-wrapper
Target: arm-cas-linux-gnueabi
Configured with: ../configure --with-cpu=cortex-a5 --with-tune=cortex-a5 --with-float=hard --with-fpu=vfpv4 --with-interwork --build=x86_64-pc-linux-gnu --host=x86_64-pc-linux-gnu --target=arm-cas-linux-gnueabi --prefix=/ --exec-prefix=/usr --includedir=/usr/include --datarootdir=/usr/share --with-slibdir=/lib --with-local-prefix=/usr --enable-symvers=gnu --enable-long-long --enable-c99 --disable-nls --disable-libmudflap --disable-multilib --disable-libgomp --disable-libstdcxx-pch --disable-libquadmath --disable-target-libiberty --without-ppl --without-cloog --enable-threads=posix --enable-shared --enable-shared-libgcc --disable-static --disable-bootstrap --enable-languages=c,c++ --with-build-sysroot=/home/uidj7648/Workspace/toyota-1.19.3/release/fs/devel --with-sysroot=/ --enable-__cxa_atexit=yes
Thread model: posix
gcc version 4.6.2 (GCC) 
configure:3260: $? = 0
configure:3249: arm-cas-linux-gnueabi-gcc -V >&5
arm-cas-linux-gnueabi-gcc: error: unrecognized option '-V'
arm-cas-linux-gnueabi-gcc: fatal error: no input files
compilation terminated.
configure:3260: $? = 1
configure:3249: arm-cas-linux-gnueabi-gcc -qversion >&5
arm-cas-linux-gnueabi-gcc: error: unrecognized option '-qversion'
arm-cas-linux-gnueabi-gcc: fatal error: no input files
compilation terminated.
configure:3260: $? = 1
configure:3280: checking whether the C compiler works
configure:3302: arm-cas-linux-gnueabi-gcc    conftest.c  >&5
configure:3306: $? = 0
configure:3354: result: yes
configure:3357: checking for C compiler default output file name
configure:3359: result: a.out
configure:3365: checking for suffix of executables
configure:3372: arm-cas-linux-gnueabi-gcc -o conftest    conftest.c  >&5
configure:3376: $? = 0
configure:3398: result: 
configure:3420: checking whether we are cross compiling
configure:3458: result: yes
configure:3463: checking for suffix of object files
configure:3485: arm-cas-linux-gnueabi-gcc -c   conftest.c >&5
configure:3489: $? = 0
configure:3510: result: o
configure:3514: checking whether we are using the GNU C compiler
configure:3533: arm-cas-linux-gnueabi-gcc -c   conftest.c >&5
configure:3533: $? = 0
configure:3542: result: yes
configure:3551: checking whether arm-cas-linux-gnueabi-gcc accepts -g
configure:3571: arm-cas-linux-gnueabi-gcc -c -g  conftest.c >&5
configure:3571: $? = 0
configure:3612: result: yes
configure:3629: checking for arm-cas-linux-gnueabi-gcc option to accept ISO C89
configure:3693: arm-cas-linux-gnueabi-gcc  -c -g -O2  conftest.c >&5
configure:3693: $? = 0
configure:3706: result: none needed
configure:3737: checking for style of include used by make
configure:3765: result: GNU
configure:3791: checking dependency style of arm-cas-linux-gnueabi-gcc
configure:3902: result: gcc3
configure:3918: checking whether arm-cas-linux-gnueabi-gcc and cc understand -c and -o together
configure:3949: arm-cas-linux-gnueabi-gcc -c conftest.c -o conftest2.o >&5
configure:3953: $? = 0
configure:3959: arm-cas-linux-gnueabi-gcc -c conftest.c -o conftest2.o >&5
configure:3963: $? = 0
configure:3974: cc -c conftest.c >&5
configure:3978: $? = 0
configure:3986: cc -c conftest.c -o conftest2.o >&5
configure:3990: $? = 0
configure:3996: cc -c conftest.c -o conftest2.o >&5
configure:4000: $? = 0
configure:4018: result: yes
configure:4103: checking build system type
configure:4117: result: x86_64-pc-linux-gnu
configure:4137: checking host system type
configure:4150: result: arm-cas-linux-gnueabi
configure:4191: checking how to print strings
configure:4218: result: printf
configure:4239: checking for a sed that does not truncate output
configure:4303: result: /bin/sed
configure:4321: checking for grep that handles long lines and -e
configure:4379: result: /bin/grep
configure:4384: checking for egrep
configure:4446: result: /bin/grep -E
configure:4451: checking for fgrep
configure:4513: result: /bin/grep -F
configure:4548: checking for ld used by arm-cas-linux-gnueabi-gcc
configure:4615: result: /home/uidj7648/Workspace/toyota-1.19.3/release/fs/devel/usr/arm-cas-linux-gnueabi/bin/ld
configure:4622: checking if the linker (/home/uidj7648/Workspace/toyota-1.19.3/release/fs/devel/usr/arm-cas-linux-gnueabi/bin/ld) is GNU ld
configure:4637: result: yes
configure:4649: checking for BSD- or MS-compatible name lister (nm)
configure:4698: result: /home/uidj7648/Workspace/toyota-1.19.3/release/fs/devel/usr/bin/arm-cas-linux-gnueabi-nm -B
configure:4828: checking the name lister (/home/uidj7648/Workspace/toyota-1.19.3/release/fs/devel/usr/bin/arm-cas-linux-gnueabi-nm -B) interface
configure:4835: arm-cas-linux-gnueabi-gcc -c -g -O2  conftest.c >&5
configure:4838: /home/uidj7648/Workspace/toyota-1.19.3/release/fs/devel/usr/bin/arm-cas-linux-gnueabi-nm -B "conftest.o"
configure:4841: output
00000000 B some_variable
configure:4848: result: BSD nm
configure:4851: checking whether ln -s works
configure:4855: result: yes
configure:4863: checking the maximum length of command line arguments
configure:4988: result: 3458764513820540925
configure:5005: checking whether the shell understands some XSI constructs
configure:5015: result: yes
configure:5019: checking whether the shell understands "+="
configure:5025: result: yes
configure:5060: checking how to convert x86_64-pc-linux-gnu file names to arm-cas-linux-gnueabi format
configure:5100: result: func_convert_file_noop
configure:5107: checking how to convert x86_64-pc-linux-gnu file names to toolchain format
configure:5127: result: func_convert_file_noop
configure:5134: checking for /home/uidj7648/Workspace/toyota-1.19.3/release/fs/devel/usr/arm-cas-linux-gnueabi/bin/ld option to reload object files
configure:5141: result: -r
configure:5175: checking for arm-cas-linux-gnueabi-objdump
configure:5191: found /home/uidj7648/Workspace/toyota-1.19.3/release/fs/devel/usr/bin/arm-cas-linux-gnueabi-objdump
configure:5202: result: arm-cas-linux-gnueabi-objdump
configure:5274: checking how to recognize dependent libraries
configure:5476: result: pass_all
configure:5521: checking for arm-cas-linux-gnueabi-dlltool
configure:5551: result: no
configure:5561: checking for dlltool
configure:5591: result: no
configure:5621: checking how to associate runtime and link libraries
configure:5648: result: printf %s\n
configure:5665: checking for arm-cas-linux-gnueabi-ar
configure:5681: found /home/uidj7648/Workspace/toyota-1.19.3/release/fs/devel/usr/bin/arm-cas-linux-gnueabi-ar
configure:5692: result: arm-cas-linux-gnueabi-ar
configure:5773: checking for archiver @FILE support
configure:5790: arm-cas-linux-gnueabi-gcc -c -g -O2  conftest.c >&5
configure:5790: $? = 0
configure:5793: arm-cas-linux-gnueabi-ar cru libconftest.a @conftest.lst >&5
configure:5796: $? = 0
configure:5801: arm-cas-linux-gnueabi-ar cru libconftest.a @conftest.lst >&5
arm-cas-linux-gnueabi-ar: conftest.o: No such file or directory
configure:5804: $? = 1
configure:5816: result: @
configure:5834: checking for arm-cas-linux-gnueabi-strip
configure:5861: result: arm-cas-linux-gnueabi-strip
configure:5933: checking for arm-cas-linux-gnueabi-ranlib
configure:5949: found /home/uidj7648/Workspace/toyota-1.19.3/release/fs/devel/usr/bin/arm-cas-linux-gnueabi-ranlib
configure:5960: result: arm-cas-linux-gnueabi-ranlib
configure:6102: checking command to parse /home/uidj7648/Workspace/toyota-1.19.3/release/fs/devel/usr/bin/arm-cas-linux-gnueabi-nm -B output from arm-cas-linux-gnueabi-gcc object
configure:6221: arm-cas-linux-gnueabi-gcc -c -g -O2  conftest.c >&5
configure:6224: $? = 0
configure:6228: /home/uidj7648/Workspace/toyota-1.19.3/release/fs/devel/usr/bin/arm-cas-linux-gnueabi-nm -B conftest.o \| sed -n -e 's/^.*[ ]\([ABCDGIRSTW][ABCDGIRSTW]*\)[ ][ ]*\([_A-Za-z][_A-Za-z0-9]*\)$/\1 \2 \2/p' | sed '/ __gnu_lto/d' \> conftest.nm
configure:6231: $? = 0
configure:6297: arm-cas-linux-gnueabi-gcc -o conftest -g -O2   conftest.c conftstm.o >&5
configure:6300: $? = 0
configure:6338: result: ok
configure:6375: checking for sysroot
configure:6405: result: no
configure:6608: checking for arm-cas-linux-gnueabi-mt
configure:6638: result: no
configure:6648: checking for mt
configure:6664: found /bin/mt
configure:6675: result: mt
configure:6687: WARNING: using cross tools not prefixed with host triplet
configure:6698: checking if mt is a manifest tool
configure:6704: mt '-?'
configure:6712: result: no
configure:7344: checking how to run the C preprocessor
configure:7375: arm-cas-linux-gnueabi-gcc -E  conftest.c
configure:7375: $? = 0
configure:7389: arm-cas-linux-gnueabi-gcc -E  conftest.c
conftest.c:11:28: fatal error: ac_nonexistent.h: No such file or directory
compilation terminated.
configure:7389: $? = 1
configure: failed program was:
| /* confdefs.h */
| #define PACKAGE_NAME "iptables"
| #define PACKAGE_TARNAME "iptables"
| #define PACKAGE_VERSION "1.4.12.2"
| #define PACKAGE_STRING "iptables 1.4.12.2"
| #define PACKAGE_BUGREPORT ""
| #define PACKAGE_URL ""
| #define PACKAGE "iptables"
| #define VERSION "1.4.12.2"
| /* end confdefs.h.  */
| #include <ac_nonexistent.h>
configure:7414: result: arm-cas-linux-gnueabi-gcc -E
configure:7434: arm-cas-linux-gnueabi-gcc -E  conftest.c
configure:7434: $? = 0
configure:7448: arm-cas-linux-gnueabi-gcc -E  conftest.c
conftest.c:11:28: fatal error: ac_nonexistent.h: No such file or directory
compilation terminated.
configure:7448: $? = 1
configure: failed program was:
| /* confdefs.h */
| #define PACKAGE_NAME "iptables"
| #define PACKAGE_TARNAME "iptables"
| #define PACKAGE_VERSION "1.4.12.2"
| #define PACKAGE_STRING "iptables 1.4.12.2"
| #define PACKAGE_BUGREPORT ""
| #define PACKAGE_URL ""
| #define PACKAGE "iptables"
| #define VERSION "1.4.12.2"
| /* end confdefs.h.  */
| #include <ac_nonexistent.h>
configure:7477: checking for ANSI C header files
configure:7497: arm-cas-linux-gnueabi-gcc -c -g -O2  conftest.c >&5
configure:7497: $? = 0
configure:7581: result: yes
configure:7594: checking for sys/types.h
configure:7594: arm-cas-linux-gnueabi-gcc -c -g -O2  conftest.c >&5
configure:7594: $? = 0
configure:7594: result: yes
configure:7594: checking for sys/stat.h
configure:7594: arm-cas-linux-gnueabi-gcc -c -g -O2  conftest.c >&5
configure:7594: $? = 0
configure:7594: result: yes
configure:7594: checking for stdlib.h
configure:7594: arm-cas-linux-gnueabi-gcc -c -g -O2  conftest.c >&5
configure:7594: $? = 0
configure:7594: result: yes
configure:7594: checking for string.h
configure:7594: arm-cas-linux-gnueabi-gcc -c -g -O2  conftest.c >&5
configure:7594: $? = 0
configure:7594: result: yes
configure:7594: checking for memory.h
configure:7594: arm-cas-linux-gnueabi-gcc -c -g -O2  conftest.c >&5
configure:7594: $? = 0
configure:7594: result: yes
configure:7594: checking for strings.h
configure:7594: arm-cas-linux-gnueabi-gcc -c -g -O2  conftest.c >&5
configure:7594: $? = 0
configure:7594: result: yes
configure:7594: checking for inttypes.h
configure:7594: arm-cas-linux-gnueabi-gcc -c -g -O2  conftest.c >&5
configure:7594: $? = 0
configure:7594: result: yes
configure:7594: checking for stdint.h
configure:7594: arm-cas-linux-gnueabi-gcc -c -g -O2  conftest.c >&5
configure:7594: $? = 0
configure:7594: result: yes
configure:7594: checking for unistd.h
configure:7594: arm-cas-linux-gnueabi-gcc -c -g -O2  conftest.c >&5
configure:7594: $? = 0
configure:7594: result: yes
configure:7608: checking for dlfcn.h
configure:7608: arm-cas-linux-gnueabi-gcc -c -g -O2  conftest.c >&5
configure:7608: $? = 0
configure:7608: result: yes
configure:7765: checking for objdir
configure:7780: result: .libs
configure:8051: checking if arm-cas-linux-gnueabi-gcc supports -fno-rtti -fno-exceptions
configure:8069: arm-cas-linux-gnueabi-gcc -c -g -O2  -fno-rtti -fno-exceptions conftest.c >&5
cc1: warning: command line option '-fno-rtti' is valid for C++/ObjC++ but not for C [enabled by default]
configure:8073: $? = 0
configure:8086: result: no
configure:8396: checking for arm-cas-linux-gnueabi-gcc option to produce PIC
configure:8403: result: -fPIC -DPIC
configure:8411: checking if arm-cas-linux-gnueabi-gcc PIC flag -fPIC -DPIC works
configure:8429: arm-cas-linux-gnueabi-gcc -c -g -O2  -fPIC -DPIC -DPIC conftest.c >&5
configure:8433: $? = 0
configure:8446: result: yes
configure:8475: checking if arm-cas-linux-gnueabi-gcc static flag -static works
configure:8503: result: yes
configure:8518: checking if arm-cas-linux-gnueabi-gcc supports -c -o file.o
configure:8539: arm-cas-linux-gnueabi-gcc -c -g -O2  -o out/conftest2.o conftest.c >&5
configure:8543: $? = 0
configure:8565: result: yes
configure:8573: checking if arm-cas-linux-gnueabi-gcc supports -c -o file.o
configure:8620: result: yes
configure:8653: checking whether the arm-cas-linux-gnueabi-gcc linker (/home/uidj7648/Workspace/toyota-1.19.3/release/fs/devel/usr/arm-cas-linux-gnueabi/bin/ld) supports shared libraries
configure:9811: result: yes
configure:9848: checking whether -lc should be explicitly linked in
configure:9856: arm-cas-linux-gnueabi-gcc -c -g -O2  conftest.c >&5
configure:9859: $? = 0
configure:9874: arm-cas-linux-gnueabi-gcc -shared  -fPIC -DPIC conftest.o  -v -Wl,-soname -Wl,conftest -o conftest 2\>\&1 \| /bin/grep  -lc  \>/dev/null 2\>\&1
configure:9877: $? = 0
configure:9891: result: no
configure:10056: checking dynamic linker characteristics
configure:10570: arm-cas-linux-gnueabi-gcc -o conftest -g -O2   -Wl,-rpath -Wl,/foo conftest.c  >&5
configure:10570: $? = 0
configure:10792: result: GNU/Linux ld.so
configure:10899: checking how to hardcode library paths into programs
configure:10924: result: immediate
configure:11464: checking whether stripping libraries is possible
configure:11469: result: yes
configure:11504: checking if libtool supports shared libraries
configure:11506: result: yes
configure:11509: checking whether to build shared libraries
configure:11530: result: yes
configure:11533: checking whether to build static libraries
configure:11537: result: no
configure:11643: checking whether the linker accepts -Wl,--no-as-needed
configure:11662: arm-cas-linux-gnueabi-gcc -o conftest -g -O2  -Wl,--no-as-needed conftest.c  >&5
configure:11662: $? = 0
configure:11673: result: yes
configure:11683: checking whether /home/uidj7648/Workspace/toyota-1.19.3/release/fs/devel/usr/arm-cas-linux-gnueabi/bin/ld knows -Wl,--no-undefined
configure:11691: arm-cas-linux-gnueabi-gcc -o conftest -g -O2  -Wl,--no-undefined conftest.c  >&5
configure:11691: $? = 0
configure:11692: result: yes
configure:11708: checking linux/dccp.h usability
configure:11708: arm-cas-linux-gnueabi-gcc -c -g -O2  conftest.c >&5
configure:11708: $? = 0
configure:11708: result: yes
configure:11708: checking linux/dccp.h presence
configure:11708: arm-cas-linux-gnueabi-gcc -E  conftest.c
configure:11708: $? = 0
configure:11708: result: yes
configure:11708: checking for linux/dccp.h
configure:11708: result: yes
configure:11708: checking linux/ip_vs.h usability
configure:11708: arm-cas-linux-gnueabi-gcc -c -g -O2  conftest.c >&5
configure:11708: $? = 0
configure:11708: result: yes
configure:11708: checking linux/ip_vs.h presence
configure:11708: arm-cas-linux-gnueabi-gcc -E  conftest.c
configure:11708: $? = 0
configure:11708: result: yes
configure:11708: checking for linux/ip_vs.h
configure:11708: result: yes
configure:11708: checking linux/magic.h usability
configure:11708: arm-cas-linux-gnueabi-gcc -c -g -O2  conftest.c >&5
configure:11708: $? = 0
configure:11708: result: yes
configure:11708: checking linux/magic.h presence
configure:11708: arm-cas-linux-gnueabi-gcc -E  conftest.c
configure:11708: $? = 0
configure:11708: result: yes
configure:11708: checking for linux/magic.h
configure:11708: result: yes
configure:11708: checking linux/proc_fs.h usability
configure:11708: arm-cas-linux-gnueabi-gcc -c -g -O2  conftest.c >&5
conftest.c:59:27: fatal error: linux/proc_fs.h: No such file or directory
compilation terminated.
configure:11708: $? = 1
configure: failed program was:
| /* confdefs.h */
| #define PACKAGE_NAME "iptables"
| #define PACKAGE_TARNAME "iptables"
| #define PACKAGE_VERSION "1.4.12.2"
| #define PACKAGE_STRING "iptables 1.4.12.2"
| #define PACKAGE_BUGREPORT ""
| #define PACKAGE_URL ""
| #define PACKAGE "iptables"
| #define VERSION "1.4.12.2"
| #define STDC_HEADERS 1
| #define HAVE_SYS_TYPES_H 1
| #define HAVE_SYS_STAT_H 1
| #define HAVE_STDLIB_H 1
| #define HAVE_STRING_H 1
| #define HAVE_MEMORY_H 1
| #define HAVE_STRINGS_H 1
| #define HAVE_INTTYPES_H 1
| #define HAVE_STDINT_H 1
| #define HAVE_UNISTD_H 1
| #define HAVE_DLFCN_H 1
| #define LT_OBJDIR ".libs/"
| #define HAVE_LINUX_DCCP_H 1
| #define HAVE_LINUX_IP_VS_H 1
| #define HAVE_LINUX_MAGIC_H 1
| /* end confdefs.h.  */
| #include <stdio.h>
| #ifdef HAVE_SYS_TYPES_H
| # include <sys/types.h>
| #endif
| #ifdef HAVE_SYS_STAT_H
| # include <sys/stat.h>
| #endif
| #ifdef STDC_HEADERS
| # include <stdlib.h>
| # include <stddef.h>
| #else
| # ifdef HAVE_STDLIB_H
| #  include <stdlib.h>
| # endif
| #endif
| #ifdef HAVE_STRING_H
| # if !defined STDC_HEADERS && defined HAVE_MEMORY_H
| #  include <memory.h>
| # endif
| # include <string.h>
| #endif
| #ifdef HAVE_STRINGS_H
| # include <strings.h>
| #endif
| #ifdef HAVE_INTTYPES_H
| # include <inttypes.h>
| #endif
| #ifdef HAVE_STDINT_H
| # include <stdint.h>
| #endif
| #ifdef HAVE_UNISTD_H
| # include <unistd.h>
| #endif
| #include <linux/proc_fs.h>
configure:11708: result: no
configure:11708: checking linux/proc_fs.h presence
configure:11708: arm-cas-linux-gnueabi-gcc -E  conftest.c
conftest.c:26:27: fatal error: linux/proc_fs.h: No such file or directory
compilation terminated.
configure:11708: $? = 1
configure: failed program was:
| /* confdefs.h */
| #define PACKAGE_NAME "iptables"
| #define PACKAGE_TARNAME "iptables"
| #define PACKAGE_VERSION "1.4.12.2"
| #define PACKAGE_STRING "iptables 1.4.12.2"
| #define PACKAGE_BUGREPORT ""
| #define PACKAGE_URL ""
| #define PACKAGE "iptables"
| #define VERSION "1.4.12.2"
| #define STDC_HEADERS 1
| #define HAVE_SYS_TYPES_H 1
| #define HAVE_SYS_STAT_H 1
| #define HAVE_STDLIB_H 1
| #define HAVE_STRING_H 1
| #define HAVE_MEMORY_H 1
| #define HAVE_STRINGS_H 1
| #define HAVE_INTTYPES_H 1
| #define HAVE_STDINT_H 1
| #define HAVE_UNISTD_H 1
| #define HAVE_DLFCN_H 1
| #define LT_OBJDIR ".libs/"
| #define HAVE_LINUX_DCCP_H 1
| #define HAVE_LINUX_IP_VS_H 1
| #define HAVE_LINUX_MAGIC_H 1
| /* end confdefs.h.  */
| #include <linux/proc_fs.h>
configure:11708: result: no
configure:11708: checking for linux/proc_fs.h
configure:11708: result: no
configure:11730: checking size of struct ip6_hdr
configure:11735: arm-cas-linux-gnueabi-gcc -c -g -O2  conftest.c >&5
configure:11735: $? = 0
configure:11735: arm-cas-linux-gnueabi-gcc -c -g -O2  conftest.c >&5
conftest.c: In function 'main':
conftest.c:31:12: error: size of array 'test_array' is negative
configure:11735: $? = 1
configure: failed program was:
| /* confdefs.h */
| #define PACKAGE_NAME "iptables"
| #define PACKAGE_TARNAME "iptables"
| #define PACKAGE_VERSION "1.4.12.2"
| #define PACKAGE_STRING "iptables 1.4.12.2"
| #define PACKAGE_BUGREPORT ""
| #define PACKAGE_URL ""
| #define PACKAGE "iptables"
| #define VERSION "1.4.12.2"
| #define STDC_HEADERS 1
| #define HAVE_SYS_TYPES_H 1
| #define HAVE_SYS_STAT_H 1
| #define HAVE_STDLIB_H 1
| #define HAVE_STRING_H 1
| #define HAVE_MEMORY_H 1
| #define HAVE_STRINGS_H 1
| #define HAVE_INTTYPES_H 1
| #define HAVE_STDINT_H 1
| #define HAVE_UNISTD_H 1
| #define HAVE_DLFCN_H 1
| #define LT_OBJDIR ".libs/"
| #define HAVE_LINUX_DCCP_H 1
| #define HAVE_LINUX_IP_VS_H 1
| #define HAVE_LINUX_MAGIC_H 1
| /* end confdefs.h.  */
| #include <netinet/ip6.h>
| 
| int
| main ()
| {
| static int test_array [1 - 2 * !(((long int) (sizeof (struct ip6_hdr))) <= 0)];
| test_array [0] = 0
| 
|   ;
|   return 0;
| }
configure:11735: arm-cas-linux-gnueabi-gcc -c -g -O2  conftest.c >&5
conftest.c: In function 'main':
conftest.c:31:12: error: size of array 'test_array' is negative
configure:11735: $? = 1
configure: failed program was:
| /* confdefs.h */
| #define PACKAGE_NAME "iptables"
| #define PACKAGE_TARNAME "iptables"
| #define PACKAGE_VERSION "1.4.12.2"
| #define PACKAGE_STRING "iptables 1.4.12.2"
| #define PACKAGE_BUGREPORT ""
| #define PACKAGE_URL ""
| #define PACKAGE "iptables"
| #define VERSION "1.4.12.2"
| #define STDC_HEADERS 1
| #define HAVE_SYS_TYPES_H 1
| #define HAVE_SYS_STAT_H 1
| #define HAVE_STDLIB_H 1
| #define HAVE_STRING_H 1
| #define HAVE_MEMORY_H 1
| #define HAVE_STRINGS_H 1
| #define HAVE_INTTYPES_H 1
| #define HAVE_STDINT_H 1
| #define HAVE_UNISTD_H 1
| #define HAVE_DLFCN_H 1
| #define LT_OBJDIR ".libs/"
| #define HAVE_LINUX_DCCP_H 1
| #define HAVE_LINUX_IP_VS_H 1
| #define HAVE_LINUX_MAGIC_H 1
| /* end confdefs.h.  */
| #include <netinet/ip6.h>
| 
| int
| main ()
| {
| static int test_array [1 - 2 * !(((long int) (sizeof (struct ip6_hdr))) <= 1)];
| test_array [0] = 0
| 
|   ;
|   return 0;
| }
configure:11735: arm-cas-linux-gnueabi-gcc -c -g -O2  conftest.c >&5
conftest.c: In function 'main':
conftest.c:31:12: error: size of array 'test_array' is negative
configure:11735: $? = 1
configure: failed program was:
| /* confdefs.h */
| #define PACKAGE_NAME "iptables"
| #define PACKAGE_TARNAME "iptables"
| #define PACKAGE_VERSION "1.4.12.2"
| #define PACKAGE_STRING "iptables 1.4.12.2"
| #define PACKAGE_BUGREPORT ""
| #define PACKAGE_URL ""
| #define PACKAGE "iptables"
| #define VERSION "1.4.12.2"
| #define STDC_HEADERS 1
| #define HAVE_SYS_TYPES_H 1
| #define HAVE_SYS_STAT_H 1
| #define HAVE_STDLIB_H 1
| #define HAVE_STRING_H 1
| #define HAVE_MEMORY_H 1
| #define HAVE_STRINGS_H 1
| #define HAVE_INTTYPES_H 1
| #define HAVE_STDINT_H 1
| #define HAVE_UNISTD_H 1
| #define HAVE_DLFCN_H 1
| #define LT_OBJDIR ".libs/"
| #define HAVE_LINUX_DCCP_H 1
| #define HAVE_LINUX_IP_VS_H 1
| #define HAVE_LINUX_MAGIC_H 1
| /* end confdefs.h.  */
| #include <netinet/ip6.h>
| 
| int
| main ()
| {
| static int test_array [1 - 2 * !(((long int) (sizeof (struct ip6_hdr))) <= 3)];
| test_array [0] = 0
| 
|   ;
|   return 0;
| }
configure:11735: arm-cas-linux-gnueabi-gcc -c -g -O2  conftest.c >&5
conftest.c: In function 'main':
conftest.c:31:12: error: size of array 'test_array' is negative
configure:11735: $? = 1
configure: failed program was:
| /* confdefs.h */
| #define PACKAGE_NAME "iptables"
| #define PACKAGE_TARNAME "iptables"
| #define PACKAGE_VERSION "1.4.12.2"
| #define PACKAGE_STRING "iptables 1.4.12.2"
| #define PACKAGE_BUGREPORT ""
| #define PACKAGE_URL ""
| #define PACKAGE "iptables"
| #define VERSION "1.4.12.2"
| #define STDC_HEADERS 1
| #define HAVE_SYS_TYPES_H 1
| #define HAVE_SYS_STAT_H 1
| #define HAVE_STDLIB_H 1
| #define HAVE_STRING_H 1
| #define HAVE_MEMORY_H 1
| #define HAVE_STRINGS_H 1
| #define HAVE_INTTYPES_H 1
| #define HAVE_STDINT_H 1
| #define HAVE_UNISTD_H 1
| #define HAVE_DLFCN_H 1
| #define LT_OBJDIR ".libs/"
| #define HAVE_LINUX_DCCP_H 1
| #define HAVE_LINUX_IP_VS_H 1
| #define HAVE_LINUX_MAGIC_H 1
| /* end confdefs.h.  */
| #include <netinet/ip6.h>
| 
| int
| main ()
| {
| static int test_array [1 - 2 * !(((long int) (sizeof (struct ip6_hdr))) <= 7)];
| test_array [0] = 0
| 
|   ;
|   return 0;
| }
configure:11735: arm-cas-linux-gnueabi-gcc -c -g -O2  conftest.c >&5
conftest.c: In function 'main':
conftest.c:31:12: error: size of array 'test_array' is negative
configure:11735: $? = 1
configure: failed program was:
| /* confdefs.h */
| #define PACKAGE_NAME "iptables"
| #define PACKAGE_TARNAME "iptables"
| #define PACKAGE_VERSION "1.4.12.2"
| #define PACKAGE_STRING "iptables 1.4.12.2"
| #define PACKAGE_BUGREPORT ""
| #define PACKAGE_URL ""
| #define PACKAGE "iptables"
| #define VERSION "1.4.12.2"
| #define STDC_HEADERS 1
| #define HAVE_SYS_TYPES_H 1
| #define HAVE_SYS_STAT_H 1
| #define HAVE_STDLIB_H 1
| #define HAVE_STRING_H 1
| #define HAVE_MEMORY_H 1
| #define HAVE_STRINGS_H 1
| #define HAVE_INTTYPES_H 1
| #define HAVE_STDINT_H 1
| #define HAVE_UNISTD_H 1
| #define HAVE_DLFCN_H 1
| #define LT_OBJDIR ".libs/"
| #define HAVE_LINUX_DCCP_H 1
| #define HAVE_LINUX_IP_VS_H 1
| #define HAVE_LINUX_MAGIC_H 1
| /* end confdefs.h.  */
| #include <netinet/ip6.h>
| 
| int
| main ()
| {
| static int test_array [1 - 2 * !(((long int) (sizeof (struct ip6_hdr))) <= 15)];
| test_array [0] = 0
| 
|   ;
|   return 0;
| }
configure:11735: arm-cas-linux-gnueabi-gcc -c -g -O2  conftest.c >&5
conftest.c: In function 'main':
conftest.c:31:12: error: size of array 'test_array' is negative
configure:11735: $? = 1
configure: failed program was:
| /* confdefs.h */
| #define PACKAGE_NAME "iptables"
| #define PACKAGE_TARNAME "iptables"
| #define PACKAGE_VERSION "1.4.12.2"
| #define PACKAGE_STRING "iptables 1.4.12.2"
| #define PACKAGE_BUGREPORT ""
| #define PACKAGE_URL ""
| #define PACKAGE "iptables"
| #define VERSION "1.4.12.2"
| #define STDC_HEADERS 1
| #define HAVE_SYS_TYPES_H 1
| #define HAVE_SYS_STAT_H 1
| #define HAVE_STDLIB_H 1
| #define HAVE_STRING_H 1
| #define HAVE_MEMORY_H 1
| #define HAVE_STRINGS_H 1
| #define HAVE_INTTYPES_H 1
| #define HAVE_STDINT_H 1
| #define HAVE_UNISTD_H 1
| #define HAVE_DLFCN_H 1
| #define LT_OBJDIR ".libs/"
| #define HAVE_LINUX_DCCP_H 1
| #define HAVE_LINUX_IP_VS_H 1
| #define HAVE_LINUX_MAGIC_H 1
| /* end confdefs.h.  */
| #include <netinet/ip6.h>
| 
| int
| main ()
| {
| static int test_array [1 - 2 * !(((long int) (sizeof (struct ip6_hdr))) <= 31)];
| test_array [0] = 0
| 
|   ;
|   return 0;
| }
configure:11735: arm-cas-linux-gnueabi-gcc -c -g -O2  conftest.c >&5
configure:11735: $? = 0
configure:11735: arm-cas-linux-gnueabi-gcc -c -g -O2  conftest.c >&5
configure:11735: $? = 0
configure:11735: arm-cas-linux-gnueabi-gcc -c -g -O2  conftest.c >&5
conftest.c: In function 'main':
conftest.c:31:12: error: size of array 'test_array' is negative
configure:11735: $? = 1
configure: failed program was:
| /* confdefs.h */
| #define PACKAGE_NAME "iptables"
| #define PACKAGE_TARNAME "iptables"
| #define PACKAGE_VERSION "1.4.12.2"
| #define PACKAGE_STRING "iptables 1.4.12.2"
| #define PACKAGE_BUGREPORT ""
| #define PACKAGE_URL ""
| #define PACKAGE "iptables"
| #define VERSION "1.4.12.2"
| #define STDC_HEADERS 1
| #define HAVE_SYS_TYPES_H 1
| #define HAVE_SYS_STAT_H 1
| #define HAVE_STDLIB_H 1
| #define HAVE_STRING_H 1
| #define HAVE_MEMORY_H 1
| #define HAVE_STRINGS_H 1
| #define HAVE_INTTYPES_H 1
| #define HAVE_STDINT_H 1
| #define HAVE_UNISTD_H 1
| #define HAVE_DLFCN_H 1
| #define LT_OBJDIR ".libs/"
| #define HAVE_LINUX_DCCP_H 1
| #define HAVE_LINUX_IP_VS_H 1
| #define HAVE_LINUX_MAGIC_H 1
| /* end confdefs.h.  */
| #include <netinet/ip6.h>
| 
| int
| main ()
| {
| static int test_array [1 - 2 * !(((long int) (sizeof (struct ip6_hdr))) <= 39)];
| test_array [0] = 0
| 
|   ;
|   return 0;
| }
configure:11735: arm-cas-linux-gnueabi-gcc -c -g -O2  conftest.c >&5
configure:11735: $? = 0
configure:11735: arm-cas-linux-gnueabi-gcc -c -g -O2  conftest.c >&5
configure:11735: $? = 0
configure:11735: arm-cas-linux-gnueabi-gcc -c -g -O2  conftest.c >&5
configure:11735: $? = 0
configure:11750: result: 40
configure:11829: checking for arm-cas-linux-gnueabi-pkg-config
configure:11847: found /home/uidj7648/Workspace/toyota-1.19.3/release/fs/host/usr/bin/arm-cas-linux-gnueabi-pkg-config
configure:11859: result: /home/uidj7648/Workspace/toyota-1.19.3/release/fs/host/usr/bin/arm-cas-linux-gnueabi-pkg-config
configure:11927: checking pkg-config is at least version 0.9.0
configure:11930: result: yes
configure:11940: checking for libnfnetlink
configure:11947: $PKG_CONFIG --exists --print-errors "libnfnetlink >= 1.0"
Package libnfnetlink was not found in the pkg-config search path.
Perhaps you should add the directory containing `libnfnetlink.pc'
to the PKG_CONFIG_PATH environment variable
No package 'libnfnetlink' found
configure:11950: $? = 1
configure:11964: $PKG_CONFIG --exists --print-errors "libnfnetlink >= 1.0"
Package libnfnetlink was not found in the pkg-config search path.
Perhaps you should add the directory containing `libnfnetlink.pc'
to the PKG_CONFIG_PATH environment variable
No package 'libnfnetlink' found
configure:11967: $? = 1
configure:11981: result: no
No package 'libnfnetlink' found
configure:12210: creating ./config.status

## ---------------------- ##
## Running config.status. ##
## ---------------------- ##

This file was extended by iptables config.status 1.4.12.2, which was
generated by GNU Autoconf 2.68.  Invocation command line was

  CONFIG_FILES    = 
  CONFIG_HEADERS  = 
  CONFIG_LINKS    = 
  CONFIG_COMMANDS = 
  $ ./config.status 

on zuv4200u

config.status:1142: creating Makefile
config.status:1142: creating extensions/GNUmakefile
config.status:1142: creating include/Makefile
config.status:1142: creating iptables/Makefile
config.status:1142: creating iptables/xtables.pc
config.status:1142: creating libipq/Makefile
config.status:1142: creating libipq/libipq.pc
config.status:1142: creating libiptc/Makefile
config.status:1142: creating libiptc/libiptc.pc
config.status:1142: creating libiptc/libip4tc.pc
config.status:1142: creating libiptc/libip6tc.pc
config.status:1142: creating libxtables/Makefile
config.status:1142: creating utils/Makefile
config.status:1142: creating include/xtables.h
config.status:1142: creating include/iptables/internal.h
config.status:1142: creating config.h
config.status:1371: executing depfiles commands
config.status:1371: executing libtool commands

## ---------------- ##
## Cache variables. ##
## ---------------- ##

ac_cv_build=x86_64-pc-linux-gnu
ac_cv_c_compiler_gnu=yes
ac_cv_env_CC_set=
ac_cv_env_CC_value=
ac_cv_env_CFLAGS_set=
ac_cv_env_CFLAGS_value=
ac_cv_env_CPPFLAGS_set=
ac_cv_env_CPPFLAGS_value=
ac_cv_env_CPP_set=
ac_cv_env_CPP_value=
ac_cv_env_LDFLAGS_set=
ac_cv_env_LDFLAGS_value=
ac_cv_env_LIBS_set=
ac_cv_env_LIBS_value=
ac_cv_env_PKG_CONFIG_LIBDIR_set=set
ac_cv_env_PKG_CONFIG_LIBDIR_value=/home/uidj7648/Workspace/toyota-1.19.3/release/fs/devel/usr/lib/pkgconfig
ac_cv_env_PKG_CONFIG_PATH_set=set
ac_cv_env_PKG_CONFIG_PATH_value=/home/uidj7648/Workspace/toyota-1.19.3/release/fs/devel/usr/lib/pkgconfig:/home/uidj7648/Workspace/toyota-1.19.3/release/fs/devel/usr/share/pkgconfig:/home/uidj7648/Workspace/toyota-1.19.3/release/fs/devel/opt/conti/lib/pkgconfig
ac_cv_env_PKG_CONFIG_set=
ac_cv_env_PKG_CONFIG_value=
ac_cv_env_build_alias_set=set
ac_cv_env_build_alias_value=x86_64-pc-linux-gnu
ac_cv_env_host_alias_set=set
ac_cv_env_host_alias_value=arm-cas-linux-gnueabi
ac_cv_env_libnfnetlink_CFLAGS_set=
ac_cv_env_libnfnetlink_CFLAGS_value=
ac_cv_env_libnfnetlink_LIBS_set=
ac_cv_env_libnfnetlink_LIBS_value=
ac_cv_env_target_alias_set=set
ac_cv_env_target_alias_value=arm-cas-linux-gnueabi
ac_cv_header_dlfcn_h=yes
ac_cv_header_inttypes_h=yes
ac_cv_header_linux_dccp_h=yes
ac_cv_header_linux_ip_vs_h=yes
ac_cv_header_linux_magic_h=yes
ac_cv_header_linux_proc_fs_h=no
ac_cv_header_memory_h=yes
ac_cv_header_stdc=yes
ac_cv_header_stdint_h=yes
ac_cv_header_stdlib_h=yes
ac_cv_header_string_h=yes
ac_cv_header_strings_h=yes
ac_cv_header_sys_stat_h=yes
ac_cv_header_sys_types_h=yes
ac_cv_header_unistd_h=yes
ac_cv_host=arm-cas-linux-gnueabi
ac_cv_objext=o
ac_cv_path_EGREP='/bin/grep -E'
ac_cv_path_FGREP='/bin/grep -F'
ac_cv_path_GREP=/bin/grep
ac_cv_path_PKG_CONFIG=/home/uidj7648/Workspace/toyota-1.19.3/release/fs/host/usr/bin/arm-cas-linux-gnueabi-pkg-config
ac_cv_path_SED=/bin/sed
ac_cv_path_install='/usr/bin/install -c'
ac_cv_path_mkdir=/bin/mkdir
ac_cv_prog_AR=arm-cas-linux-gnueabi-ar
ac_cv_prog_AWK=gawk
ac_cv_prog_CC=arm-cas-linux-gnueabi-gcc
ac_cv_prog_CPP='arm-cas-linux-gnueabi-gcc -E'
ac_cv_prog_OBJDUMP=arm-cas-linux-gnueabi-objdump
ac_cv_prog_RANLIB=arm-cas-linux-gnueabi-ranlib
ac_cv_prog_STRIP=arm-cas-linux-gnueabi-strip
ac_cv_prog_ac_ct_MANIFEST_TOOL=mt
ac_cv_prog_cc_arm_cas_linux_gnueabi_gcc_c_o=yes
ac_cv_prog_cc_c89=
ac_cv_prog_cc_g=yes
ac_cv_prog_make_make_set=yes
ac_cv_sizeof_struct_ip6_hdr=40
am_cv_CC_dependencies_compiler_type=gcc3
ax_cv_linker_flags__Wl___no_as_needed=yes
lt_cv_ar_at_file=@
lt_cv_archive_cmds_need_lc=no
lt_cv_deplibs_check_method=pass_all
lt_cv_file_magic_cmd='$MAGIC_CMD'
lt_cv_file_magic_test_file=
lt_cv_ld_reload_flag=-r
lt_cv_nm_interface='BSD nm'
lt_cv_objdir=.libs
lt_cv_path_LD=/home/uidj7648/Workspace/toyota-1.19.3/release/fs/devel/usr/arm-cas-linux-gnueabi/bin/ld
lt_cv_path_NM='/home/uidj7648/Workspace/toyota-1.19.3/release/fs/devel/usr/bin/arm-cas-linux-gnueabi-nm -B'
lt_cv_path_mainfest_tool=no
lt_cv_prog_compiler_c_o=yes
lt_cv_prog_compiler_pic='-fPIC -DPIC'
lt_cv_prog_compiler_pic_works=yes
lt_cv_prog_compiler_rtti_exceptions=no
lt_cv_prog_compiler_static_works=yes
lt_cv_prog_gnu_ld=yes
lt_cv_sharedlib_from_linklib_cmd='printf %s\n'
lt_cv_shlibpath_overrides_runpath=no
lt_cv_sys_global_symbol_pipe='sed -n -e '\''s/^.*[	 ]\([ABCDGIRSTW][ABCDGIRSTW]*\)[	 ][	 ]*\([_A-Za-z][_A-Za-z0-9]*\)$/\1 \2 \2/p'\'' | sed '\''/ __gnu_lto/d'\'''
lt_cv_sys_global_symbol_to_c_name_address='sed -n -e '\''s/^: \([^ ]*\)[ ]*$/  {\"\1\", (void *) 0},/p'\'' -e '\''s/^[ABCDGIRSTW]* \([^ ]*\) \([^ ]*\)$/  {"\2", (void *) \&\2},/p'\'''
lt_cv_sys_global_symbol_to_c_name_address_lib_prefix='sed -n -e '\''s/^: \([^ ]*\)[ ]*$/  {\"\1\", (void *) 0},/p'\'' -e '\''s/^[ABCDGIRSTW]* \([^ ]*\) \(lib[^ ]*\)$/  {"\2", (void *) \&\2},/p'\'' -e '\''s/^[ABCDGIRSTW]* \([^ ]*\) \([^ ]*\)$/  {"lib\2", (void *) \&\2},/p'\'''
lt_cv_sys_global_symbol_to_cdecl='sed -n -e '\''s/^T .* \(.*\)$/extern int \1();/p'\'' -e '\''s/^[ABCDGIRSTW]* .* \(.*\)$/extern char \1;/p'\'''
lt_cv_sys_max_cmd_len=3458764513820540925
lt_cv_to_host_file_cmd=func_convert_file_noop
lt_cv_to_tool_file_cmd=func_convert_file_noop

## ----------------- ##
## Output variables. ##
## ----------------- ##

ACLOCAL='${SHELL} /home/uidj7648/Workspace/toyota-1.19.3/package/opensource/iptables/build-aux/missing --run aclocal-1.11'
AMDEPBACKSLASH='\'
AMDEP_FALSE='#'
AMDEP_TRUE=''
AMTAR='$${TAR-tar}'
AR='arm-cas-linux-gnueabi-ar'
AUTOCONF='${SHELL} /home/uidj7648/Workspace/toyota-1.19.3/package/opensource/iptables/build-aux/missing --run autoconf'
AUTOHEADER='${SHELL} /home/uidj7648/Workspace/toyota-1.19.3/package/opensource/iptables/build-aux/missing --run autoheader'
AUTOMAKE='${SHELL} /home/uidj7648/Workspace/toyota-1.19.3/package/opensource/iptables/build-aux/missing --run automake-1.11'
AWK='gawk'
CC='arm-cas-linux-gnueabi-gcc'
CCDEPMODE='depmode=gcc3'
CFLAGS='-g -O2'
CPP='arm-cas-linux-gnueabi-gcc -E'
CPPFLAGS=''
CYGPATH_W='echo'
DEFS='-DHAVE_CONFIG_H'
DEPDIR='.deps'
DLLTOOL='false'
DSYMUTIL=''
DUMPBIN=''
ECHO_C=''
ECHO_N='-n'
ECHO_T=''
EGREP='/bin/grep -E'
ENABLE_DEVEL_FALSE='#'
ENABLE_DEVEL_TRUE=''
ENABLE_IPV4_FALSE='#'
ENABLE_IPV4_TRUE=''
ENABLE_IPV6_FALSE='#'
ENABLE_IPV6_TRUE=''
ENABLE_LARGEFILE_FALSE='#'
ENABLE_LARGEFILE_TRUE=''
ENABLE_LIBIPQ_FALSE=''
ENABLE_LIBIPQ_TRUE='#'
ENABLE_SHARED_FALSE='#'
ENABLE_SHARED_TRUE=''
ENABLE_STATIC_FALSE=''
ENABLE_STATIC_TRUE='#'
EXEEXT=''
FGREP='/bin/grep -F'
GREP='/bin/grep'
HAVE_LIBNFNETLINK_FALSE=''
HAVE_LIBNFNETLINK_TRUE='#'
INSTALL_DATA='${INSTALL} -m 644'
INSTALL_PROGRAM='${INSTALL}'
INSTALL_SCRIPT='${INSTALL}'
INSTALL_STRIP_PROGRAM='$(install_sh) -c -s'
LD='/home/uidj7648/Workspace/toyota-1.19.3/release/fs/devel/usr/arm-cas-linux-gnueabi/bin/ld'
LDFLAGS=''
LIBOBJS=''
LIBS=''
LIBTOOL='$(SHELL) $(top_builddir)/libtool'
LIPO=''
LN_S='ln -s'
LTLIBOBJS=''
MAKEINFO='${SHELL} /home/uidj7648/Workspace/toyota-1.19.3/package/opensource/iptables/build-aux/missing --run makeinfo'
MANIFEST_TOOL=':'
MKDIR_P='/bin/mkdir -p'
NM='/home/uidj7648/Workspace/toyota-1.19.3/release/fs/devel/usr/bin/arm-cas-linux-gnueabi-nm -B'
NMEDIT=''
OBJDUMP='arm-cas-linux-gnueabi-objdump'
OBJEXT='o'
OTOOL64=''
OTOOL=''
PACKAGE='iptables'
PACKAGE_BUGREPORT=''
PACKAGE_NAME='iptables'
PACKAGE_STRING='iptables 1.4.12.2'
PACKAGE_TARNAME='iptables'
PACKAGE_URL=''
PACKAGE_VERSION='1.4.12.2'
PATH_SEPARATOR=':'
PKG_CONFIG='/home/uidj7648/Workspace/toyota-1.19.3/release/fs/host/usr/bin/arm-cas-linux-gnueabi-pkg-config'
PKG_CONFIG_LIBDIR='/home/uidj7648/Workspace/toyota-1.19.3/release/fs/devel/usr/lib/pkgconfig'
PKG_CONFIG_PATH='/home/uidj7648/Workspace/toyota-1.19.3/release/fs/devel/usr/lib/pkgconfig:/home/uidj7648/Workspace/toyota-1.19.3/release/fs/devel/usr/share/pkgconfig:/home/uidj7648/Workspace/toyota-1.19.3/release/fs/devel/opt/conti/lib/pkgconfig'
RANLIB='arm-cas-linux-gnueabi-ranlib'
SED='/bin/sed'
SET_MAKE=''
SHELL='/bin/sh'
STRIP='arm-cas-linux-gnueabi-strip'
VERSION='1.4.12.2'
ac_ct_AR=''
ac_ct_CC=''
ac_ct_DUMPBIN=''
am__EXEEXT_FALSE=''
am__EXEEXT_TRUE='#'
am__fastdepCC_FALSE='#'
am__fastdepCC_TRUE=''
am__include='include'
am__isrc=''
am__leading_dot='.'
am__nodep='_no'
am__quote=''
am__tar='$${TAR-tar} chof - "$$tardir"'
am__untar='$${TAR-tar} xf -'
bindir='${exec_prefix}/bin'
blacklist_modules=''
build='x86_64-pc-linux-gnu'
build_alias='x86_64-pc-linux-gnu'
build_cpu='x86_64'
build_os='linux-gnu'
build_vendor='pc'
datadir='${datarootdir}'
datarootdir='${prefix}/share'
docdir='${datarootdir}/doc/${PACKAGE_TARNAME}'
dvidir='${docdir}'
exec_prefix='${prefix}'
host='arm-cas-linux-gnueabi'
host_alias='arm-cas-linux-gnueabi'
host_cpu='arm'
host_os='linux-gnueabi'
host_vendor='cas'
htmldir='${docdir}'
includedir='${prefix}/include'
infodir='${datarootdir}/info'
install_sh='${SHELL} /home/uidj7648/Workspace/toyota-1.19.3/package/opensource/iptables/build-aux/install-sh'
kbuilddir=''
kinclude_CPPFLAGS=''
ksourcedir=''
libdir='${exec_prefix}/lib'
libexecdir='${exec_prefix}/libexec'
libiptc_LDFLAGS2='-Wl,--no-as-needed'
libnfnetlink_CFLAGS=''
libnfnetlink_LIBS=''
libxtables_vage='0'
libxtables_vcurrent='7'
libxtables_vmajor='7'
localedir='${datarootdir}/locale'
localstatedir='${prefix}/var'
mandir='${datarootdir}/man'
mkdir_p='/bin/mkdir -p'
noundef_LDFLAGS='-Wl,--no-undefined'
oldincludedir='/usr/include'
pdfdir='${docdir}'
pkgconfigdir='${libdir}/pkgconfig'
pkgdatadir='${datadir}/xtables'
prefix='/usr'
program_transform_name='s&^&&'
psdir='${docdir}'
regular_CFLAGS='-Wall -Waggregate-return -Wmissing-declarations 	-Wmissing-prototypes -Wredundant-decls -Wshadow -Wstrict-prototypes 	-Winline -pipe'
regular_CPPFLAGS='-D_LARGEFILE_SOURCE=1 -D_LARGE_FILES -D_FILE_OFFSET_BITS=64 -D_REENTRANT 	-DXTABLES_LIBDIR=\"${xtlibdir}\" -DXTABLES_INTERNAL'
sbindir='${exec_prefix}/sbin'
sharedstatedir='${prefix}/com'
sysconfdir='/etc'
target_alias='arm-cas-linux-gnueabi'
xtlibdir='${exec_prefix}/lib/xtables'

## ----------- ##
## confdefs.h. ##
## ----------- ##

/* confdefs.h */
#define PACKAGE_NAME "iptables"
#define PACKAGE_TARNAME "iptables"
#define PACKAGE_VERSION "1.4.12.2"
#define PACKAGE_STRING "iptables 1.4.12.2"
#define PACKAGE_BUGREPORT ""
#define PACKAGE_URL ""
#define PACKAGE "iptables"
#define VERSION "1.4.12.2"
#define STDC_HEADERS 1
#define HAVE_SYS_TYPES_H 1
#define HAVE_SYS_STAT_H 1
#define HAVE_STDLIB_H 1
#define HAVE_STRING_H 1
#define HAVE_MEMORY_H 1
#define HAVE_STRINGS_H 1
#define HAVE_INTTYPES_H 1
#define HAVE_STDINT_H 1
#define HAVE_UNISTD_H 1
#define HAVE_DLFCN_H 1
#define LT_OBJDIR ".libs/"
#define HAVE_LINUX_DCCP_H 1
#define HAVE_LINUX_IP_VS_H 1
#define HAVE_LINUX_MAGIC_H 1
#define SIZEOF_STRUCT_IP6_HDR 40

configure: exit 0
