This file contains any messages produced by compilers while
running configure, to aid debugging if configure makes a mistake.

It was created by libusb configure 1.0.9, which was
generated by GNU Autoconf 2.68.  Invocation command line was

  $ ./configure --prefix=/usr --build=x86_64-pc-linux-gnu --host=arm-cas-linux-gnueabi --disable-static

## --------- ##
## Platform. ##
## --------- ##

hostname = zuv4200u
uname -m = x86_64
uname -r = 3.13.0-92-generic
uname -s = Linux
uname -v = #139~precise1-Ubuntu SMP Wed Jun 29 21:30:37 UTC 2016

/usr/bin/uname -p = unknown
/bin/uname -X     = unknown

/bin/arch              = unknown
/usr/bin/arch -k       = unknown
/usr/convex/getsysinfo = unknown
/usr/bin/hostinfo      = unknown
/bin/machine           = unknown
/usr/bin/oslevel       = unknown
/bin/universe          = unknown

PATH: /home/uidj7648/Workspace/toyota-1.19.3/release/fs/host/usr/bin
PATH: /home/uidj7648/Workspace/toyota-1.19.3/release/fs/host/bin
PATH: /home/uidj7648/Workspace/toyota-1.19.3/release/fs/devel/usr/bin
PATH: /home/uidj7648/bin
PATH: /usr/lib/lightdm/lightdm
PATH: /usr/local/sbin
PATH: /usr/local/bin
PATH: /usr/sbin
PATH: /usr/bin
PATH: /sbin
PATH: /bin
PATH: /usr/games
PATH: /home/uidj7648/bin
PATH: /home/uidj7648/bin


## ----------- ##
## Core tests. ##
## ----------- ##

configure:2376: checking for a BSD-compatible install
configure:2444: result: /usr/bin/install -c
configure:2455: checking whether build environment is sane
configure:2505: result: yes
configure:2554: checking for arm-cas-linux-gnueabi-strip
configure:2570: found /home/uidj7648/Workspace/toyota-1.19.3/release/fs/devel/usr/bin/arm-cas-linux-gnueabi-strip
configure:2581: result: arm-cas-linux-gnueabi-strip
configure:2646: checking for a thread-safe mkdir -p
configure:2685: result: /bin/mkdir -p
configure:2698: checking for gawk
configure:2714: found /usr/bin/gawk
configure:2725: result: gawk
configure:2736: checking whether make sets $(MAKE)
configure:2758: result: yes
configure:2839: checking whether to enable maintainer-specific portions of Makefiles
configure:2848: result: no
configure:2877: checking whether make supports nested variables
configure:2894: result: yes
configure:2915: checking for arm-cas-linux-gnueabi-gcc
configure:2931: found /home/uidj7648/Workspace/toyota-1.19.3/release/fs/devel/usr/bin/arm-cas-linux-gnueabi-gcc
configure:2942: result: arm-cas-linux-gnueabi-gcc
configure:3211: checking for C compiler version
configure:3220: arm-cas-linux-gnueabi-gcc --version >&5
arm-cas-linux-gnueabi-gcc (GCC) 4.6.2
Copyright (C) 2011 Free Software Foundation, Inc.
This is free software; see the source for copying conditions.  There is NO
warranty; not even for MERCHANTABILITY or FITNESS FOR A PARTICULAR PURPOSE.

configure:3231: $? = 0
configure:3220: arm-cas-linux-gnueabi-gcc -v >&5
Using built-in specs.
COLLECT_GCC=arm-cas-linux-gnueabi-gcc
COLLECT_LTO_WRAPPER=/home/uidj7648/Workspace/toyota-1.19.3/release/fs/devel/usr/bin/../libexec/gcc/arm-cas-linux-gnueabi/4.6.2/lto-wrapper
Target: arm-cas-linux-gnueabi
Configured with: ../configure --with-cpu=cortex-a5 --with-tune=cortex-a5 --with-float=hard --with-fpu=vfpv4 --with-interwork --build=x86_64-pc-linux-gnu --host=x86_64-pc-linux-gnu --target=arm-cas-linux-gnueabi --prefix=/ --exec-prefix=/usr --includedir=/usr/include --datarootdir=/usr/share --with-slibdir=/lib --with-local-prefix=/usr --enable-symvers=gnu --enable-long-long --enable-c99 --disable-nls --disable-libmudflap --disable-multilib --disable-libgomp --disable-libstdcxx-pch --disable-libquadmath --disable-target-libiberty --without-ppl --without-cloog --enable-threads=posix --enable-shared --enable-shared-libgcc --disable-static --disable-bootstrap --enable-languages=c,c++ --with-build-sysroot=/home/uidj7648/Workspace/toyota-1.19.3/release/fs/devel --with-sysroot=/ --enable-__cxa_atexit=yes
Thread model: posix
gcc version 4.6.2 (GCC) 
configure:3231: $? = 0
configure:3220: arm-cas-linux-gnueabi-gcc -V >&5
arm-cas-linux-gnueabi-gcc: error: unrecognized option '-V'
arm-cas-linux-gnueabi-gcc: fatal error: no input files
compilation terminated.
configure:3231: $? = 1
configure:3220: arm-cas-linux-gnueabi-gcc -qversion >&5
arm-cas-linux-gnueabi-gcc: error: unrecognized option '-qversion'
arm-cas-linux-gnueabi-gcc: fatal error: no input files
compilation terminated.
configure:3231: $? = 1
configure:3251: checking whether the C compiler works
configure:3273: arm-cas-linux-gnueabi-gcc    conftest.c  >&5
configure:3277: $? = 0
configure:3325: result: yes
configure:3328: checking for C compiler default output file name
configure:3330: result: a.out
configure:3336: checking for suffix of executables
configure:3343: arm-cas-linux-gnueabi-gcc -o conftest    conftest.c  >&5
configure:3347: $? = 0
configure:3369: result: 
configure:3391: checking whether we are cross compiling
configure:3429: result: yes
configure:3434: checking for suffix of object files
configure:3456: arm-cas-linux-gnueabi-gcc -c   conftest.c >&5
configure:3460: $? = 0
configure:3481: result: o
configure:3485: checking whether we are using the GNU C compiler
configure:3504: arm-cas-linux-gnueabi-gcc -c   conftest.c >&5
configure:3504: $? = 0
configure:3513: result: yes
configure:3522: checking whether arm-cas-linux-gnueabi-gcc accepts -g
configure:3542: arm-cas-linux-gnueabi-gcc -c -g  conftest.c >&5
configure:3542: $? = 0
configure:3583: result: yes
configure:3600: checking for arm-cas-linux-gnueabi-gcc option to accept ISO C89
configure:3664: arm-cas-linux-gnueabi-gcc  -c -g -O2  conftest.c >&5
configure:3664: $? = 0
configure:3677: result: none needed
configure:3708: checking for style of include used by make
configure:3736: result: GNU
configure:3762: checking dependency style of arm-cas-linux-gnueabi-gcc
configure:3873: result: gcc3
configure:3917: checking build system type
configure:3931: result: x86_64-pc-linux-gnu
configure:3951: checking host system type
configure:3964: result: arm-cas-linux-gnueabi
configure:4005: checking how to print strings
configure:4032: result: printf
configure:4053: checking for a sed that does not truncate output
configure:4117: result: /bin/sed
configure:4135: checking for grep that handles long lines and -e
configure:4193: result: /bin/grep
configure:4198: checking for egrep
configure:4260: result: /bin/grep -E
configure:4265: checking for fgrep
configure:4327: result: /bin/grep -F
configure:4362: checking for ld used by arm-cas-linux-gnueabi-gcc
configure:4429: result: /home/uidj7648/Workspace/toyota-1.19.3/release/fs/devel/usr/arm-cas-linux-gnueabi/bin/ld
configure:4436: checking if the linker (/home/uidj7648/Workspace/toyota-1.19.3/release/fs/devel/usr/arm-cas-linux-gnueabi/bin/ld) is GNU ld
configure:4451: result: yes
configure:4463: checking for BSD- or MS-compatible name lister (nm)
configure:4512: result: /home/uidj7648/Workspace/toyota-1.19.3/release/fs/devel/usr/bin/arm-cas-linux-gnueabi-nm -B
configure:4642: checking the name lister (/home/uidj7648/Workspace/toyota-1.19.3/release/fs/devel/usr/bin/arm-cas-linux-gnueabi-nm -B) interface
configure:4649: arm-cas-linux-gnueabi-gcc -c -g -O2  conftest.c >&5
configure:4652: /home/uidj7648/Workspace/toyota-1.19.3/release/fs/devel/usr/bin/arm-cas-linux-gnueabi-nm -B "conftest.o"
configure:4655: output
00000000 B some_variable
configure:4662: result: BSD nm
configure:4665: checking whether ln -s works
configure:4669: result: yes
configure:4677: checking the maximum length of command line arguments
configure:4802: result: 3458764513820540925
configure:4819: checking whether the shell understands some XSI constructs
configure:4829: result: yes
configure:4833: checking whether the shell understands "+="
configure:4839: result: yes
configure:4874: checking how to convert x86_64-pc-linux-gnu file names to arm-cas-linux-gnueabi format
configure:4914: result: func_convert_file_noop
configure:4921: checking how to convert x86_64-pc-linux-gnu file names to toolchain format
configure:4941: result: func_convert_file_noop
configure:4948: checking for /home/uidj7648/Workspace/toyota-1.19.3/release/fs/devel/usr/arm-cas-linux-gnueabi/bin/ld option to reload object files
configure:4955: result: -r
configure:4989: checking for arm-cas-linux-gnueabi-objdump
configure:5005: found /home/uidj7648/Workspace/toyota-1.19.3/release/fs/devel/usr/bin/arm-cas-linux-gnueabi-objdump
configure:5016: result: arm-cas-linux-gnueabi-objdump
configure:5088: checking how to recognize dependent libraries
configure:5290: result: pass_all
configure:5335: checking for arm-cas-linux-gnueabi-dlltool
configure:5365: result: no
configure:5375: checking for dlltool
configure:5405: result: no
configure:5435: checking how to associate runtime and link libraries
configure:5462: result: printf %s\n
configure:5479: checking for arm-cas-linux-gnueabi-ar
configure:5495: found /home/uidj7648/Workspace/toyota-1.19.3/release/fs/devel/usr/bin/arm-cas-linux-gnueabi-ar
configure:5506: result: arm-cas-linux-gnueabi-ar
configure:5587: checking for archiver @FILE support
configure:5604: arm-cas-linux-gnueabi-gcc -c -g -O2  conftest.c >&5
configure:5604: $? = 0
configure:5607: arm-cas-linux-gnueabi-ar cru libconftest.a @conftest.lst >&5
configure:5610: $? = 0
configure:5615: arm-cas-linux-gnueabi-ar cru libconftest.a @conftest.lst >&5
arm-cas-linux-gnueabi-ar: conftest.o: No such file or directory
configure:5618: $? = 1
configure:5630: result: @
configure:5648: checking for arm-cas-linux-gnueabi-strip
configure:5675: result: arm-cas-linux-gnueabi-strip
configure:5747: checking for arm-cas-linux-gnueabi-ranlib
configure:5763: found /home/uidj7648/Workspace/toyota-1.19.3/release/fs/devel/usr/bin/arm-cas-linux-gnueabi-ranlib
configure:5774: result: arm-cas-linux-gnueabi-ranlib
configure:5916: checking command to parse /home/uidj7648/Workspace/toyota-1.19.3/release/fs/devel/usr/bin/arm-cas-linux-gnueabi-nm -B output from arm-cas-linux-gnueabi-gcc object
configure:6035: arm-cas-linux-gnueabi-gcc -c -g -O2  conftest.c >&5
configure:6038: $? = 0
configure:6042: /home/uidj7648/Workspace/toyota-1.19.3/release/fs/devel/usr/bin/arm-cas-linux-gnueabi-nm -B conftest.o \| sed -n -e 's/^.*[ ]\([ABCDGIRSTW][ABCDGIRSTW]*\)[ ][ ]*\([_A-Za-z][_A-Za-z0-9]*\)$/\1 \2 \2/p' | sed '/ __gnu_lto/d' \> conftest.nm
configure:6045: $? = 0
configure:6111: arm-cas-linux-gnueabi-gcc -o conftest -g -O2   conftest.c conftstm.o >&5
configure:6114: $? = 0
configure:6152: result: ok
configure:6189: checking for sysroot
configure:6219: result: no
configure:6422: checking for arm-cas-linux-gnueabi-mt
configure:6452: result: no
configure:6462: checking for mt
configure:6478: found /bin/mt
configure:6489: result: mt
configure:6501: WARNING: using cross tools not prefixed with host triplet
configure:6512: checking if mt is a manifest tool
configure:6518: mt '-?'
configure:6526: result: no
configure:7158: checking how to run the C preprocessor
configure:7189: arm-cas-linux-gnueabi-gcc -E  conftest.c
configure:7189: $? = 0
configure:7203: arm-cas-linux-gnueabi-gcc -E  conftest.c
conftest.c:11:28: fatal error: ac_nonexistent.h: No such file or directory
compilation terminated.
configure:7203: $? = 1
configure: failed program was:
| /* confdefs.h */
| #define PACKAGE_NAME "libusb"
| #define PACKAGE_TARNAME "libusb"
| #define PACKAGE_VERSION "1.0.9"
| #define PACKAGE_STRING "libusb 1.0.9"
| #define PACKAGE_BUGREPORT "libusb-devel@lists.sourceforge.net"
| #define PACKAGE_URL "http://www.libusb.org/"
| #define PACKAGE "libusb"
| #define VERSION "1.0.9"
| /* end confdefs.h.  */
| #include <ac_nonexistent.h>
configure:7228: result: arm-cas-linux-gnueabi-gcc -E
configure:7248: arm-cas-linux-gnueabi-gcc -E  conftest.c
configure:7248: $? = 0
configure:7262: arm-cas-linux-gnueabi-gcc -E  conftest.c
conftest.c:11:28: fatal error: ac_nonexistent.h: No such file or directory
compilation terminated.
configure:7262: $? = 1
configure: failed program was:
| /* confdefs.h */
| #define PACKAGE_NAME "libusb"
| #define PACKAGE_TARNAME "libusb"
| #define PACKAGE_VERSION "1.0.9"
| #define PACKAGE_STRING "libusb 1.0.9"
| #define PACKAGE_BUGREPORT "libusb-devel@lists.sourceforge.net"
| #define PACKAGE_URL "http://www.libusb.org/"
| #define PACKAGE "libusb"
| #define VERSION "1.0.9"
| /* end confdefs.h.  */
| #include <ac_nonexistent.h>
configure:7291: checking for ANSI C header files
configure:7311: arm-cas-linux-gnueabi-gcc -c -g -O2  conftest.c >&5
configure:7311: $? = 0
configure:7395: result: yes
configure:7408: checking for sys/types.h
configure:7408: arm-cas-linux-gnueabi-gcc -c -g -O2  conftest.c >&5
configure:7408: $? = 0
configure:7408: result: yes
configure:7408: checking for sys/stat.h
configure:7408: arm-cas-linux-gnueabi-gcc -c -g -O2  conftest.c >&5
configure:7408: $? = 0
configure:7408: result: yes
configure:7408: checking for stdlib.h
configure:7408: arm-cas-linux-gnueabi-gcc -c -g -O2  conftest.c >&5
configure:7408: $? = 0
configure:7408: result: yes
configure:7408: checking for string.h
configure:7408: arm-cas-linux-gnueabi-gcc -c -g -O2  conftest.c >&5
configure:7408: $? = 0
configure:7408: result: yes
configure:7408: checking for memory.h
configure:7408: arm-cas-linux-gnueabi-gcc -c -g -O2  conftest.c >&5
configure:7408: $? = 0
configure:7408: result: yes
configure:7408: checking for strings.h
configure:7408: arm-cas-linux-gnueabi-gcc -c -g -O2  conftest.c >&5
configure:7408: $? = 0
configure:7408: result: yes
configure:7408: checking for inttypes.h
configure:7408: arm-cas-linux-gnueabi-gcc -c -g -O2  conftest.c >&5
configure:7408: $? = 0
configure:7408: result: yes
configure:7408: checking for stdint.h
configure:7408: arm-cas-linux-gnueabi-gcc -c -g -O2  conftest.c >&5
configure:7408: $? = 0
configure:7408: result: yes
configure:7408: checking for unistd.h
configure:7408: arm-cas-linux-gnueabi-gcc -c -g -O2  conftest.c >&5
configure:7408: $? = 0
configure:7408: result: yes
configure:7422: checking for dlfcn.h
configure:7422: arm-cas-linux-gnueabi-gcc -c -g -O2  conftest.c >&5
configure:7422: $? = 0
configure:7422: result: yes
configure:7609: checking for objdir
configure:7624: result: .libs
configure:7895: checking if arm-cas-linux-gnueabi-gcc supports -fno-rtti -fno-exceptions
configure:7913: arm-cas-linux-gnueabi-gcc -c -g -O2  -fno-rtti -fno-exceptions conftest.c >&5
cc1: warning: command line option '-fno-rtti' is valid for C++/ObjC++ but not for C [enabled by default]
configure:7917: $? = 0
configure:7930: result: no
configure:8240: checking for arm-cas-linux-gnueabi-gcc option to produce PIC
configure:8247: result: -fPIC -DPIC
configure:8255: checking if arm-cas-linux-gnueabi-gcc PIC flag -fPIC -DPIC works
configure:8273: arm-cas-linux-gnueabi-gcc -c -g -O2  -fPIC -DPIC -DPIC conftest.c >&5
configure:8277: $? = 0
configure:8290: result: yes
configure:8319: checking if arm-cas-linux-gnueabi-gcc static flag -static works
configure:8347: result: yes
configure:8362: checking if arm-cas-linux-gnueabi-gcc supports -c -o file.o
configure:8383: arm-cas-linux-gnueabi-gcc -c -g -O2  -o out/conftest2.o conftest.c >&5
configure:8387: $? = 0
configure:8409: result: yes
configure:8417: checking if arm-cas-linux-gnueabi-gcc supports -c -o file.o
configure:8464: result: yes
configure:8497: checking whether the arm-cas-linux-gnueabi-gcc linker (/home/uidj7648/Workspace/toyota-1.19.3/release/fs/devel/usr/arm-cas-linux-gnueabi/bin/ld) supports shared libraries
configure:9655: result: yes
configure:9692: checking whether -lc should be explicitly linked in
configure:9700: arm-cas-linux-gnueabi-gcc -c -g -O2  conftest.c >&5
configure:9703: $? = 0
configure:9718: arm-cas-linux-gnueabi-gcc -shared  -fPIC -DPIC conftest.o  -v -Wl,-soname -Wl,conftest -o conftest 2\>\&1 \| /bin/grep  -lc  \>/dev/null 2\>\&1
configure:9721: $? = 0
configure:9735: result: no
configure:9900: checking dynamic linker characteristics
configure:10414: arm-cas-linux-gnueabi-gcc -o conftest -g -O2   -Wl,-rpath -Wl,/foo conftest.c  >&5
configure:10414: $? = 0
configure:10636: result: GNU/Linux ld.so
configure:10743: checking how to hardcode library paths into programs
configure:10768: result: immediate
configure:11308: checking whether stripping libraries is possible
configure:11313: result: yes
configure:11348: checking if libtool supports shared libraries
configure:11350: result: yes
configure:11353: checking whether to build shared libraries
configure:11374: result: yes
configure:11377: checking whether to build static libraries
configure:11381: result: no
configure:11419: checking for arm-cas-linux-gnueabi-windres
configure:11449: result: no
configure:11459: checking for windres
configure:11489: result: no
configure:11593: checking for inline
configure:11609: arm-cas-linux-gnueabi-gcc -c -g -O2  conftest.c >&5
configure:11609: $? = 0
configure:11617: result: inline
configure:11636: checking whether arm-cas-linux-gnueabi-gcc and cc understand -c and -o together
configure:11667: arm-cas-linux-gnueabi-gcc -c conftest.c -o conftest2.o >&5
configure:11671: $? = 0
configure:11677: arm-cas-linux-gnueabi-gcc -c conftest.c -o conftest2.o >&5
configure:11681: $? = 0
configure:11692: cc -c conftest.c >&5
configure:11696: $? = 0
configure:11704: cc -c conftest.c -o conftest2.o >&5
configure:11708: $? = 0
configure:11714: cc -c conftest.c -o conftest2.o >&5
configure:11718: $? = 0
configure:11736: result: yes
configure:11767: checking operating system
configure:11771: result: Linux
configure:11810: checking for library containing clock_gettime
configure:11841: arm-cas-linux-gnueabi-gcc -o conftest -g -O2   conftest.c  >&5
/tmp/ccWmPbxL.o: In function `main':
/home/uidj7648/Workspace/toyota-1.19.3/package/opensource/libusb/conftest.c:36: undefined reference to `clock_gettime'
collect2: ld returned 1 exit status
configure:11841: $? = 1
configure: failed program was:
| /* confdefs.h */
| #define PACKAGE_NAME "libusb"
| #define PACKAGE_TARNAME "libusb"
| #define PACKAGE_VERSION "1.0.9"
| #define PACKAGE_STRING "libusb 1.0.9"
| #define PACKAGE_BUGREPORT "libusb-devel@lists.sourceforge.net"
| #define PACKAGE_URL "http://www.libusb.org/"
| #define PACKAGE "libusb"
| #define VERSION "1.0.9"
| #define STDC_HEADERS 1
| #define HAVE_SYS_TYPES_H 1
| #define HAVE_SYS_STAT_H 1
| #define HAVE_STDLIB_H 1
| #define HAVE_STRING_H 1
| #define HAVE_MEMORY_H 1
| #define HAVE_STRINGS_H 1
| #define HAVE_INTTYPES_H 1
| #define HAVE_STDINT_H 1
| #define HAVE_UNISTD_H 1
| #define HAVE_DLFCN_H 1
| #define LT_OBJDIR ".libs/"
| #define _GNU_SOURCE 1
| #define OS_LINUX 1
| /* end confdefs.h.  */
| 
| /* Override any GCC internal prototype to avoid an error.
|    Use char because int might match the return type of a GCC
|    builtin and then its argument prototype would still apply.  */
| #ifdef __cplusplus
| extern "C"
| #endif
| char clock_gettime ();
| int
| main ()
| {
| return clock_gettime ();
|   ;
|   return 0;
| }
configure:11841: arm-cas-linux-gnueabi-gcc -o conftest -g -O2   conftest.c -lrt -pthread  >&5
configure:11841: $? = 0
configure:11858: result: -lrt
configure:11871: checking poll.h usability
configure:11871: arm-cas-linux-gnueabi-gcc -c -g -O2  conftest.c >&5
configure:11871: $? = 0
configure:11871: result: yes
configure:11871: checking poll.h presence
configure:11871: arm-cas-linux-gnueabi-gcc -E  conftest.c
configure:11871: $? = 0
configure:11871: result: yes
configure:11871: checking for poll.h
configure:11871: result: yes
configure:12003: checking sys/timerfd.h usability
configure:12003: arm-cas-linux-gnueabi-gcc -c -g -O2  conftest.c >&5
configure:12003: $? = 0
configure:12003: result: yes
configure:12003: checking sys/timerfd.h presence
configure:12003: arm-cas-linux-gnueabi-gcc -E  conftest.c
configure:12003: $? = 0
configure:12003: result: yes
configure:12003: checking for sys/timerfd.h
configure:12003: result: yes
configure:12023: checking whether TFD_NONBLOCK is declared
configure:12023: arm-cas-linux-gnueabi-gcc -c -g -O2  conftest.c >&5
configure:12023: $? = 0
configure:12023: result: yes
configure:12035: checking whether to use timerfd for timing
configure:12042: result: yes
configure:12053: checking for struct timespec
configure:12053: arm-cas-linux-gnueabi-gcc -c -g -O2  conftest.c >&5
configure:12053: $? = 0
configure:12053: arm-cas-linux-gnueabi-gcc -c -g -O2  conftest.c >&5
conftest.c: In function 'main':
conftest.c:65:30: error: expected expression before ')' token
configure:12053: $? = 1
configure: failed program was:
| /* confdefs.h */
| #define PACKAGE_NAME "libusb"
| #define PACKAGE_TARNAME "libusb"
| #define PACKAGE_VERSION "1.0.9"
| #define PACKAGE_STRING "libusb 1.0.9"
| #define PACKAGE_BUGREPORT "libusb-devel@lists.sourceforge.net"
| #define PACKAGE_URL "http://www.libusb.org/"
| #define PACKAGE "libusb"
| #define VERSION "1.0.9"
| #define STDC_HEADERS 1
| #define HAVE_SYS_TYPES_H 1
| #define HAVE_SYS_STAT_H 1
| #define HAVE_STDLIB_H 1
| #define HAVE_STRING_H 1
| #define HAVE_MEMORY_H 1
| #define HAVE_STRINGS_H 1
| #define HAVE_INTTYPES_H 1
| #define HAVE_STDINT_H 1
| #define HAVE_UNISTD_H 1
| #define HAVE_DLFCN_H 1
| #define LT_OBJDIR ".libs/"
| #define _GNU_SOURCE 1
| #define OS_LINUX 1
| #define HAVE_POLL_H 1
| #define POLL_NFDS_TYPE nfds_t
| #define THREADS_POSIX 1
| #define USBI_TIMERFD_AVAILABLE 1
| /* end confdefs.h.  */
| #include <stdio.h>
| #ifdef HAVE_SYS_TYPES_H
| # include <sys/types.h>
| #endif
| #ifdef HAVE_SYS_STAT_H
| # include <sys/stat.h>
| #endif
| #ifdef STDC_HEADERS
| # include <stdlib.h>
| # include <stddef.h>
| #else
| # ifdef HAVE_STDLIB_H
| #  include <stdlib.h>
| # endif
| #endif
| #ifdef HAVE_STRING_H
| # if !defined STDC_HEADERS && defined HAVE_MEMORY_H
| #  include <memory.h>
| # endif
| # include <string.h>
| #endif
| #ifdef HAVE_STRINGS_H
| # include <strings.h>
| #endif
| #ifdef HAVE_INTTYPES_H
| # include <inttypes.h>
| #endif
| #ifdef HAVE_STDINT_H
| # include <stdint.h>
| #endif
| #ifdef HAVE_UNISTD_H
| # include <unistd.h>
| #endif
| int
| main ()
| {
| if (sizeof ((struct timespec)))
| 	    return 0;
|   ;
|   return 0;
| }
configure:12053: result: yes
configure:12123: arm-cas-linux-gnueabi-gcc -c -g -O2 -Werror -fvisibility=hidden  conftest.c >&5
configure:12123: $? = 0
configure:12151: arm-cas-linux-gnueabi-gcc -c -g -O2 -Wno-pointer-sign  conftest.c >&5
configure:12151: $? = 0
configure:12160: checking for sigaction
configure:12160: arm-cas-linux-gnueabi-gcc -o conftest -g -O2   conftest.c -lrt  -pthread >&5
configure:12160: $? = 0
configure:12160: result: yes
configure:12179: checking sys/time.h usability
configure:12179: arm-cas-linux-gnueabi-gcc -c -g -O2  conftest.c >&5
configure:12179: $? = 0
configure:12179: result: yes
configure:12179: checking sys/time.h presence
configure:12179: arm-cas-linux-gnueabi-gcc -E  conftest.c
configure:12179: $? = 0
configure:12179: result: yes
configure:12179: checking for sys/time.h
configure:12179: result: yes
configure:12191: checking for gettimeofday
configure:12191: arm-cas-linux-gnueabi-gcc -o conftest -g -O2   conftest.c -lrt  -pthread >&5
configure:12191: $? = 0
configure:12191: result: yes
configure:12380: creating ./config.status

## ---------------------- ##
## Running config.status. ##
## ---------------------- ##

This file was extended by libusb config.status 1.0.9, which was
generated by GNU Autoconf 2.68.  Invocation command line was

  CONFIG_FILES    = 
  CONFIG_HEADERS  = 
  CONFIG_LINKS    = 
  CONFIG_COMMANDS = 
  $ ./config.status 

on zuv4200u

config.status:1178: creating libusb-1.0.pc
config.status:1178: creating Makefile
config.status:1178: creating libusb/Makefile
config.status:1178: creating examples/Makefile
config.status:1178: creating doc/Makefile
config.status:1178: creating doc/doxygen.cfg
config.status:1178: creating config.h
config.status:1407: executing depfiles commands
config.status:1407: executing libtool commands

## ---------------- ##
## Cache variables. ##
## ---------------- ##

ac_cv_build=x86_64-pc-linux-gnu
ac_cv_c_compiler_gnu=yes
ac_cv_c_inline=inline
ac_cv_env_CC_set=
ac_cv_env_CC_value=
ac_cv_env_CFLAGS_set=
ac_cv_env_CFLAGS_value=
ac_cv_env_CPPFLAGS_set=
ac_cv_env_CPPFLAGS_value=
ac_cv_env_CPP_set=
ac_cv_env_CPP_value=
ac_cv_env_LDFLAGS_set=
ac_cv_env_LDFLAGS_value=
ac_cv_env_LIBS_set=
ac_cv_env_LIBS_value=
ac_cv_env_build_alias_set=set
ac_cv_env_build_alias_value=x86_64-pc-linux-gnu
ac_cv_env_host_alias_set=set
ac_cv_env_host_alias_value=arm-cas-linux-gnueabi
ac_cv_env_target_alias_set=
ac_cv_env_target_alias_value=
ac_cv_func_gettimeofday=yes
ac_cv_func_sigaction=yes
ac_cv_have_decl_TFD_NONBLOCK=yes
ac_cv_header_dlfcn_h=yes
ac_cv_header_inttypes_h=yes
ac_cv_header_memory_h=yes
ac_cv_header_poll_h=yes
ac_cv_header_stdc=yes
ac_cv_header_stdint_h=yes
ac_cv_header_stdlib_h=yes
ac_cv_header_string_h=yes
ac_cv_header_strings_h=yes
ac_cv_header_sys_stat_h=yes
ac_cv_header_sys_time_h=yes
ac_cv_header_sys_timerfd_h=yes
ac_cv_header_sys_types_h=yes
ac_cv_header_unistd_h=yes
ac_cv_host=arm-cas-linux-gnueabi
ac_cv_objext=o
ac_cv_path_EGREP='/bin/grep -E'
ac_cv_path_FGREP='/bin/grep -F'
ac_cv_path_GREP=/bin/grep
ac_cv_path_SED=/bin/sed
ac_cv_path_install='/usr/bin/install -c'
ac_cv_path_mkdir=/bin/mkdir
ac_cv_prog_AR=arm-cas-linux-gnueabi-ar
ac_cv_prog_AWK=gawk
ac_cv_prog_CC=arm-cas-linux-gnueabi-gcc
ac_cv_prog_CPP='arm-cas-linux-gnueabi-gcc -E'
ac_cv_prog_OBJDUMP=arm-cas-linux-gnueabi-objdump
ac_cv_prog_RANLIB=arm-cas-linux-gnueabi-ranlib
ac_cv_prog_STRIP=arm-cas-linux-gnueabi-strip
ac_cv_prog_ac_ct_MANIFEST_TOOL=mt
ac_cv_prog_cc_arm_cas_linux_gnueabi_gcc_c_o=yes
ac_cv_prog_cc_c89=
ac_cv_prog_cc_g=yes
ac_cv_prog_make_make_set=yes
ac_cv_search_clock_gettime=-lrt
ac_cv_type_struct_timespec=yes
am_cv_CC_dependencies_compiler_type=gcc3
am_cv_make_support_nested_variables=yes
lt_cv_ar_at_file=@
lt_cv_archive_cmds_need_lc=no
lt_cv_deplibs_check_method=pass_all
lt_cv_file_magic_cmd='$MAGIC_CMD'
lt_cv_file_magic_test_file=
lt_cv_ld_reload_flag=-r
lt_cv_nm_interface='BSD nm'
lt_cv_objdir=.libs
lt_cv_path_LD=/home/uidj7648/Workspace/toyota-1.19.3/release/fs/devel/usr/arm-cas-linux-gnueabi/bin/ld
lt_cv_path_NM='/home/uidj7648/Workspace/toyota-1.19.3/release/fs/devel/usr/bin/arm-cas-linux-gnueabi-nm -B'
lt_cv_path_mainfest_tool=no
lt_cv_prog_compiler_c_o=yes
lt_cv_prog_compiler_c_o_RC=yes
lt_cv_prog_compiler_pic='-fPIC -DPIC'
lt_cv_prog_compiler_pic_works=yes
lt_cv_prog_compiler_rtti_exceptions=no
lt_cv_prog_compiler_static_works=yes
lt_cv_prog_gnu_ld=yes
lt_cv_sharedlib_from_linklib_cmd='printf %s\n'
lt_cv_shlibpath_overrides_runpath=no
lt_cv_sys_global_symbol_pipe='sed -n -e '\''s/^.*[	 ]\([ABCDGIRSTW][ABCDGIRSTW]*\)[	 ][	 ]*\([_A-Za-z][_A-Za-z0-9]*\)$/\1 \2 \2/p'\'' | sed '\''/ __gnu_lto/d'\'''
lt_cv_sys_global_symbol_to_c_name_address='sed -n -e '\''s/^: \([^ ]*\)[ ]*$/  {\"\1\", (void *) 0},/p'\'' -e '\''s/^[ABCDGIRSTW]* \([^ ]*\) \([^ ]*\)$/  {"\2", (void *) \&\2},/p'\'''
lt_cv_sys_global_symbol_to_c_name_address_lib_prefix='sed -n -e '\''s/^: \([^ ]*\)[ ]*$/  {\"\1\", (void *) 0},/p'\'' -e '\''s/^[ABCDGIRSTW]* \([^ ]*\) \(lib[^ ]*\)$/  {"\2", (void *) \&\2},/p'\'' -e '\''s/^[ABCDGIRSTW]* \([^ ]*\) \([^ ]*\)$/  {"lib\2", (void *) \&\2},/p'\'''
lt_cv_sys_global_symbol_to_cdecl='sed -n -e '\''s/^T .* \(.*\)$/extern int \1();/p'\'' -e '\''s/^[ABCDGIRSTW]* .* \(.*\)$/extern char \1;/p'\'''
lt_cv_sys_max_cmd_len=3458764513820540925
lt_cv_to_host_file_cmd=func_convert_file_noop
lt_cv_to_tool_file_cmd=func_convert_file_noop

## ----------------- ##
## Output variables. ##
## ----------------- ##

ACLOCAL='${SHELL} /home/uidj7648/Workspace/toyota-1.19.3/package/opensource/libusb/missing --run aclocal-1.11'
AMDEPBACKSLASH='\'
AMDEP_FALSE='#'
AMDEP_TRUE=''
AMTAR='$${TAR-tar}'
AM_BACKSLASH='\'
AM_CFLAGS='-std=gnu99 -Wall -Wundef -Wunused -Wstrict-prototypes -Werror-implicit-function-declaration -Wno-pointer-sign -Wshadow -pthread -fvisibility=hidden'
AM_DEFAULT_V='$(AM_DEFAULT_VERBOSITY)'
AM_DEFAULT_VERBOSITY='0'
AM_V='$(V)'
AR='arm-cas-linux-gnueabi-ar'
AUTOCONF='${SHELL} /home/uidj7648/Workspace/toyota-1.19.3/package/opensource/libusb/missing --run autoconf'
AUTOHEADER='${SHELL} /home/uidj7648/Workspace/toyota-1.19.3/package/opensource/libusb/missing --run autoheader'
AUTOMAKE='${SHELL} /home/uidj7648/Workspace/toyota-1.19.3/package/opensource/libusb/missing --run automake-1.11'
AWK='gawk'
BUILD_EXAMPLES_FALSE=''
BUILD_EXAMPLES_TRUE='#'
CC='arm-cas-linux-gnueabi-gcc'
CCDEPMODE='depmode=gcc3'
CFLAGS='-g -O2'
CPP='arm-cas-linux-gnueabi-gcc -E'
CPPFLAGS=''
CYGPATH_W='echo'
DEFS='-DHAVE_CONFIG_H'
DEPDIR='.deps'
DLLTOOL='false'
DSYMUTIL=''
DUMPBIN=''
ECHO_C=''
ECHO_N='-n'
ECHO_T=''
EGREP='/bin/grep -E'
EXEEXT=''
FGREP='/bin/grep -F'
GREP='/bin/grep'
HAVE_SIGACTION_FALSE='#'
HAVE_SIGACTION_TRUE=''
INSTALL_DATA='${INSTALL} -m 644'
INSTALL_PROGRAM='${INSTALL}'
INSTALL_SCRIPT='${INSTALL}'
INSTALL_STRIP_PROGRAM='$(install_sh) -c -s'
LD='/home/uidj7648/Workspace/toyota-1.19.3/release/fs/devel/usr/arm-cas-linux-gnueabi/bin/ld'
LDFLAGS=''
LIBOBJS=''
LIBS='-lrt  -pthread'
LIBTOOL='$(SHELL) $(top_builddir)/libtool'
LIPO=''
LN_S='ln -s'
LTLDFLAGS='-version-info 1:0:1 -no-undefined'
LTLIBOBJS=''
MAINT='#'
MAINTAINER_MODE_FALSE=''
MAINTAINER_MODE_TRUE='#'
MAKEINFO='${SHELL} /home/uidj7648/Workspace/toyota-1.19.3/package/opensource/libusb/missing --run makeinfo'
MANIFEST_TOOL=':'
MKDIR_P='/bin/mkdir -p'
NM='/home/uidj7648/Workspace/toyota-1.19.3/release/fs/devel/usr/bin/arm-cas-linux-gnueabi-nm -B'
NMEDIT=''
OBJDUMP='arm-cas-linux-gnueabi-objdump'
OBJEXT='o'
OS_DARWIN=''
OS_DARWIN_FALSE=''
OS_DARWIN_TRUE='#'
OS_LINUX=''
OS_LINUX_FALSE='#'
OS_LINUX_TRUE=''
OS_OPENBSD=''
OS_OPENBSD_FALSE=''
OS_OPENBSD_TRUE='#'
OS_WINDOWS=''
OS_WINDOWS_FALSE=''
OS_WINDOWS_TRUE='#'
OTOOL64=''
OTOOL=''
PACKAGE='libusb'
PACKAGE_BUGREPORT='libusb-devel@lists.sourceforge.net'
PACKAGE_NAME='libusb'
PACKAGE_STRING='libusb 1.0.9'
PACKAGE_TARNAME='libusb'
PACKAGE_URL='http://www.libusb.org/'
PACKAGE_VERSION='1.0.9'
PATH_SEPARATOR=':'
RANLIB='arm-cas-linux-gnueabi-ranlib'
RC=''
SED='/bin/sed'
SET_MAKE=''
SHELL='/bin/sh'
STRIP='arm-cas-linux-gnueabi-strip'
THREADS_POSIX_FALSE='#'
THREADS_POSIX_TRUE=''
VERSION='1.0.9'
ac_ct_AR=''
ac_ct_CC=''
ac_ct_DUMPBIN=''
am__EXEEXT_FALSE=''
am__EXEEXT_TRUE='#'
am__fastdepCC_FALSE='#'
am__fastdepCC_TRUE=''
am__include='include'
am__isrc=''
am__leading_dot='.'
am__nodep='_no'
am__quote=''
am__tar='$${TAR-tar} chof - "$$tardir"'
am__untar='$${TAR-tar} xf -'
bindir='${exec_prefix}/bin'
build='x86_64-pc-linux-gnu'
build_alias='x86_64-pc-linux-gnu'
build_cpu='x86_64'
build_os='linux-gnu'
build_vendor='pc'
datadir='${datarootdir}'
datarootdir='${prefix}/share'
docdir='${datarootdir}/doc/${PACKAGE_TARNAME}'
dvidir='${docdir}'
exec_prefix='${prefix}'
host='arm-cas-linux-gnueabi'
host_alias='arm-cas-linux-gnueabi'
host_cpu='arm'
host_os='linux-gnueabi'
host_vendor='cas'
htmldir='${docdir}'
includedir='${prefix}/include'
infodir='${datarootdir}/info'
install_sh='${SHELL} /home/uidj7648/Workspace/toyota-1.19.3/package/opensource/libusb/install-sh'
libdir='${exec_prefix}/lib'
libexecdir='${exec_prefix}/libexec'
localedir='${datarootdir}/locale'
localstatedir='${prefix}/var'
mandir='${datarootdir}/man'
mkdir_p='/bin/mkdir -p'
oldincludedir='/usr/include'
pdfdir='${docdir}'
prefix='/usr'
program_transform_name='s,x,x,'
psdir='${docdir}'
sbindir='${exec_prefix}/sbin'
sharedstatedir='${prefix}/com'
sysconfdir='${prefix}/etc'
target_alias=''

## ----------- ##
## confdefs.h. ##
## ----------- ##

/* confdefs.h */
#define PACKAGE_NAME "libusb"
#define PACKAGE_TARNAME "libusb"
#define PACKAGE_VERSION "1.0.9"
#define PACKAGE_STRING "libusb 1.0.9"
#define PACKAGE_BUGREPORT "libusb-devel@lists.sourceforge.net"
#define PACKAGE_URL "http://www.libusb.org/"
#define PACKAGE "libusb"
#define VERSION "1.0.9"
#define STDC_HEADERS 1
#define HAVE_SYS_TYPES_H 1
#define HAVE_SYS_STAT_H 1
#define HAVE_STDLIB_H 1
#define HAVE_STRING_H 1
#define HAVE_MEMORY_H 1
#define HAVE_STRINGS_H 1
#define HAVE_INTTYPES_H 1
#define HAVE_STDINT_H 1
#define HAVE_UNISTD_H 1
#define HAVE_DLFCN_H 1
#define LT_OBJDIR ".libs/"
#define _GNU_SOURCE 1
#define OS_LINUX 1
#define HAVE_POLL_H 1
#define POLL_NFDS_TYPE nfds_t
#define THREADS_POSIX 1
#define USBI_TIMERFD_AVAILABLE 1
#define HAVE_STRUCT_TIMESPEC 1
#define ENABLE_LOGGING 1
#define DEFAULT_VISIBILITY __attribute__((visibility("default")))
#define HAVE_SYS_TIME_H 1
#define HAVE_GETTIMEOFDAY 1

configure: exit 0
