This file contains any messages produced by compilers while
running configure, to aid debugging if configure makes a mistake.

It was created by Protocol Buffers configure 2.6.1, which was
generated by GNU Autoconf 2.68.  Invocation command line was

  $ ./configure --with-protoc=/home/uidj7648/Workspace/toyota-1.19.3/release/fs/host/usr/bin/protoc --prefix=/usr --build=x86_64-pc-linux-gnu --host=arm-cas-linux-gnueabi

## --------- ##
## Platform. ##
## --------- ##

hostname = zuv4200u
uname -m = x86_64
uname -r = 3.13.0-92-generic
uname -s = Linux
uname -v = #139~precise1-Ubuntu SMP Wed Jun 29 21:30:37 UTC 2016

/usr/bin/uname -p = unknown
/bin/uname -X     = unknown

/bin/arch              = unknown
/usr/bin/arch -k       = unknown
/usr/convex/getsysinfo = unknown
/usr/bin/hostinfo      = unknown
/bin/machine           = unknown
/usr/bin/oslevel       = unknown
/bin/universe          = unknown

PATH: /home/uidj7648/Workspace/toyota-1.19.3/release/fs/host/usr/bin
PATH: /home/uidj7648/Workspace/toyota-1.19.3/release/fs/host/bin
PATH: /home/uidj7648/Workspace/toyota-1.19.3/release/fs/devel/usr/bin
PATH: /home/uidj7648/bin
PATH: /usr/lib/lightdm/lightdm
PATH: /usr/local/sbin
PATH: /usr/local/bin
PATH: /usr/sbin
PATH: /usr/bin
PATH: /sbin
PATH: /bin
PATH: /usr/games
PATH: /home/uidj7648/bin
PATH: /home/uidj7648/bin


## ----------- ##
## Core tests. ##
## ----------- ##

configure:2455: checking whether to enable maintainer-specific portions of Makefiles
configure:2464: result: yes
configure:2525: checking build system type
configure:2539: result: x86_64-pc-linux-gnu
configure:2559: checking host system type
configure:2572: result: arm-cas-linux-gnueabi
configure:2592: checking target system type
configure:2605: result: arm-cas-linux-gnueabi
configure:2648: checking for a BSD-compatible install
configure:2716: result: /usr/bin/install -c
configure:2727: checking whether build environment is sane
configure:2777: result: yes
configure:2826: checking for arm-cas-linux-gnueabi-strip
configure:2842: found /home/uidj7648/Workspace/toyota-1.19.3/release/fs/devel/usr/bin/arm-cas-linux-gnueabi-strip
configure:2853: result: arm-cas-linux-gnueabi-strip
configure:2918: checking for a thread-safe mkdir -p
configure:2957: result: /bin/mkdir -p
configure:2970: checking for gawk
configure:2986: found /usr/bin/gawk
configure:2997: result: gawk
configure:3008: checking whether make sets $(MAKE)
configure:3030: result: yes
configure:3138: checking for arm-cas-linux-gnueabi-gcc
configure:3154: found /home/uidj7648/Workspace/toyota-1.19.3/release/fs/devel/usr/bin/arm-cas-linux-gnueabi-gcc
configure:3165: result: arm-cas-linux-gnueabi-gcc
configure:3434: checking for C compiler version
configure:3443: arm-cas-linux-gnueabi-gcc --version >&5
arm-cas-linux-gnueabi-gcc (GCC) 4.6.2
Copyright (C) 2011 Free Software Foundation, Inc.
This is free software; see the source for copying conditions.  There is NO
warranty; not even for MERCHANTABILITY or FITNESS FOR A PARTICULAR PURPOSE.

configure:3454: $? = 0
configure:3443: arm-cas-linux-gnueabi-gcc -v >&5
Using built-in specs.
COLLECT_GCC=arm-cas-linux-gnueabi-gcc
COLLECT_LTO_WRAPPER=/home/uidj7648/Workspace/toyota-1.19.3/release/fs/devel/usr/bin/../libexec/gcc/arm-cas-linux-gnueabi/4.6.2/lto-wrapper
Target: arm-cas-linux-gnueabi
Configured with: ../configure --with-cpu=cortex-a5 --with-tune=cortex-a5 --with-float=hard --with-fpu=vfpv4 --with-interwork --build=x86_64-pc-linux-gnu --host=x86_64-pc-linux-gnu --target=arm-cas-linux-gnueabi --prefix=/ --exec-prefix=/usr --includedir=/usr/include --datarootdir=/usr/share --with-slibdir=/lib --with-local-prefix=/usr --enable-symvers=gnu --enable-long-long --enable-c99 --disable-nls --disable-libmudflap --disable-multilib --disable-libgomp --disable-libstdcxx-pch --disable-libquadmath --disable-target-libiberty --without-ppl --without-cloog --enable-threads=posix --enable-shared --enable-shared-libgcc --disable-static --disable-bootstrap --enable-languages=c,c++ --with-build-sysroot=/home/uidj7648/Workspace/toyota-1.19.3/release/fs/devel --with-sysroot=/ --enable-__cxa_atexit=yes
Thread model: posix
gcc version 4.6.2 (GCC) 
configure:3454: $? = 0
configure:3443: arm-cas-linux-gnueabi-gcc -V >&5
arm-cas-linux-gnueabi-gcc: error: unrecognized option '-V'
arm-cas-linux-gnueabi-gcc: fatal error: no input files
compilation terminated.
configure:3454: $? = 1
configure:3443: arm-cas-linux-gnueabi-gcc -qversion >&5
arm-cas-linux-gnueabi-gcc: error: unrecognized option '-qversion'
arm-cas-linux-gnueabi-gcc: fatal error: no input files
compilation terminated.
configure:3454: $? = 1
configure:3474: checking whether the C compiler works
configure:3496: arm-cas-linux-gnueabi-gcc    conftest.c  >&5
configure:3500: $? = 0
configure:3548: result: yes
configure:3551: checking for C compiler default output file name
configure:3553: result: a.out
configure:3559: checking for suffix of executables
configure:3566: arm-cas-linux-gnueabi-gcc -o conftest    conftest.c  >&5
configure:3570: $? = 0
configure:3592: result: 
configure:3614: checking whether we are cross compiling
configure:3652: result: yes
configure:3657: checking for suffix of object files
configure:3679: arm-cas-linux-gnueabi-gcc -c   conftest.c >&5
configure:3683: $? = 0
configure:3704: result: o
configure:3708: checking whether we are using the GNU C compiler
configure:3727: arm-cas-linux-gnueabi-gcc -c   conftest.c >&5
configure:3727: $? = 0
configure:3736: result: yes
configure:3745: checking whether arm-cas-linux-gnueabi-gcc accepts -g
configure:3765: arm-cas-linux-gnueabi-gcc -c -g  conftest.c >&5
configure:3765: $? = 0
configure:3806: result: yes
configure:3823: checking for arm-cas-linux-gnueabi-gcc option to accept ISO C89
configure:3887: arm-cas-linux-gnueabi-gcc  -c   conftest.c >&5
configure:3887: $? = 0
configure:3900: result: none needed
configure:3931: checking for style of include used by make
configure:3959: result: GNU
configure:3985: checking dependency style of arm-cas-linux-gnueabi-gcc
configure:4096: result: gcc3
configure:4125: checking for arm-cas-linux-gnueabi-g++
configure:4141: found /home/uidj7648/Workspace/toyota-1.19.3/release/fs/devel/usr/bin/arm-cas-linux-gnueabi-g++
configure:4152: result: arm-cas-linux-gnueabi-g++
configure:4223: checking for C++ compiler version
configure:4232: arm-cas-linux-gnueabi-g++ --version >&5
arm-cas-linux-gnueabi-g++ (GCC) 4.6.2
Copyright (C) 2011 Free Software Foundation, Inc.
This is free software; see the source for copying conditions.  There is NO
warranty; not even for MERCHANTABILITY or FITNESS FOR A PARTICULAR PURPOSE.

configure:4243: $? = 0
configure:4232: arm-cas-linux-gnueabi-g++ -v >&5
Using built-in specs.
COLLECT_GCC=arm-cas-linux-gnueabi-g++
COLLECT_LTO_WRAPPER=/home/uidj7648/Workspace/toyota-1.19.3/release/fs/devel/usr/bin/../libexec/gcc/arm-cas-linux-gnueabi/4.6.2/lto-wrapper
Target: arm-cas-linux-gnueabi
Configured with: ../configure --with-cpu=cortex-a5 --with-tune=cortex-a5 --with-float=hard --with-fpu=vfpv4 --with-interwork --build=x86_64-pc-linux-gnu --host=x86_64-pc-linux-gnu --target=arm-cas-linux-gnueabi --prefix=/ --exec-prefix=/usr --includedir=/usr/include --datarootdir=/usr/share --with-slibdir=/lib --with-local-prefix=/usr --enable-symvers=gnu --enable-long-long --enable-c99 --disable-nls --disable-libmudflap --disable-multilib --disable-libgomp --disable-libstdcxx-pch --disable-libquadmath --disable-target-libiberty --without-ppl --without-cloog --enable-threads=posix --enable-shared --enable-shared-libgcc --disable-static --disable-bootstrap --enable-languages=c,c++ --with-build-sysroot=/home/uidj7648/Workspace/toyota-1.19.3/release/fs/devel --with-sysroot=/ --enable-__cxa_atexit=yes
Thread model: posix
gcc version 4.6.2 (GCC) 
configure:4243: $? = 0
configure:4232: arm-cas-linux-gnueabi-g++ -V >&5
arm-cas-linux-gnueabi-g++: error: unrecognized option '-V'
arm-cas-linux-gnueabi-g++: fatal error: no input files
compilation terminated.
configure:4243: $? = 1
configure:4232: arm-cas-linux-gnueabi-g++ -qversion >&5
arm-cas-linux-gnueabi-g++: error: unrecognized option '-qversion'
arm-cas-linux-gnueabi-g++: fatal error: no input files
compilation terminated.
configure:4243: $? = 1
configure:4247: checking whether we are using the GNU C++ compiler
configure:4266: arm-cas-linux-gnueabi-g++ -c   conftest.cpp >&5
configure:4266: $? = 0
configure:4275: result: yes
configure:4284: checking whether arm-cas-linux-gnueabi-g++ accepts -g
configure:4304: arm-cas-linux-gnueabi-g++ -c -g  conftest.cpp >&5
configure:4304: $? = 0
configure:4345: result: yes
configure:4370: checking dependency style of arm-cas-linux-gnueabi-g++
configure:4481: result: gcc3
configure:4508: checking how to run the C++ preprocessor
configure:4535: arm-cas-linux-gnueabi-g++ -E  conftest.cpp
configure:4535: $? = 0
configure:4549: arm-cas-linux-gnueabi-g++ -E  conftest.cpp
conftest.cpp:11:28: fatal error: ac_nonexistent.h: No such file or directory
compilation terminated.
configure:4549: $? = 1
configure: failed program was:
| /* confdefs.h */
| #define PACKAGE_NAME "Protocol Buffers"
| #define PACKAGE_TARNAME "protobuf"
| #define PACKAGE_VERSION "2.6.1"
| #define PACKAGE_STRING "Protocol Buffers 2.6.1"
| #define PACKAGE_BUGREPORT "protobuf@googlegroups.com"
| #define PACKAGE_URL ""
| #define PACKAGE "protobuf"
| #define VERSION "2.6.1"
| /* end confdefs.h.  */
| #include <ac_nonexistent.h>
configure:4574: result: arm-cas-linux-gnueabi-g++ -E
configure:4594: arm-cas-linux-gnueabi-g++ -E  conftest.cpp
configure:4594: $? = 0
configure:4608: arm-cas-linux-gnueabi-g++ -E  conftest.cpp
conftest.cpp:11:28: fatal error: ac_nonexistent.h: No such file or directory
compilation terminated.
configure:4608: $? = 1
configure: failed program was:
| /* confdefs.h */
| #define PACKAGE_NAME "Protocol Buffers"
| #define PACKAGE_TARNAME "protobuf"
| #define PACKAGE_VERSION "2.6.1"
| #define PACKAGE_STRING "Protocol Buffers 2.6.1"
| #define PACKAGE_BUGREPORT "protobuf@googlegroups.com"
| #define PACKAGE_URL ""
| #define PACKAGE "protobuf"
| #define VERSION "2.6.1"
| /* end confdefs.h.  */
| #include <ac_nonexistent.h>
configure:4637: checking for grep that handles long lines and -e
configure:4695: result: /bin/grep
configure:4700: checking for egrep
configure:4762: result: /bin/grep -E
configure:4767: checking for ANSI C header files
configure:4787: arm-cas-linux-gnueabi-g++ -c   conftest.cpp >&5
configure:4787: $? = 0
configure:4871: result: yes
configure:4884: checking for sys/types.h
configure:4884: arm-cas-linux-gnueabi-g++ -c   conftest.cpp >&5
configure:4884: $? = 0
configure:4884: result: yes
configure:4884: checking for sys/stat.h
configure:4884: arm-cas-linux-gnueabi-g++ -c   conftest.cpp >&5
configure:4884: $? = 0
configure:4884: result: yes
configure:4884: checking for stdlib.h
configure:4884: arm-cas-linux-gnueabi-g++ -c   conftest.cpp >&5
configure:4884: $? = 0
configure:4884: result: yes
configure:4884: checking for string.h
configure:4884: arm-cas-linux-gnueabi-g++ -c   conftest.cpp >&5
configure:4884: $? = 0
configure:4884: result: yes
configure:4884: checking for memory.h
configure:4884: arm-cas-linux-gnueabi-g++ -c   conftest.cpp >&5
configure:4884: $? = 0
configure:4884: result: yes
configure:4884: checking for strings.h
configure:4884: arm-cas-linux-gnueabi-g++ -c   conftest.cpp >&5
configure:4884: $? = 0
configure:4884: result: yes
configure:4884: checking for inttypes.h
configure:4884: arm-cas-linux-gnueabi-g++ -c   conftest.cpp >&5
configure:4884: $? = 0
configure:4884: result: yes
configure:4884: checking for stdint.h
configure:4884: arm-cas-linux-gnueabi-g++ -c   conftest.cpp >&5
configure:4884: $? = 0
configure:4884: result: yes
configure:4884: checking for unistd.h
configure:4884: arm-cas-linux-gnueabi-g++ -c   conftest.cpp >&5
configure:4884: $? = 0
configure:4884: result: yes
configure:4897: checking minix/config.h usability
configure:4897: arm-cas-linux-gnueabi-g++ -c   conftest.cpp >&5
conftest.cpp:54:26: fatal error: minix/config.h: No such file or directory
compilation terminated.
configure:4897: $? = 1
configure: failed program was:
| /* confdefs.h */
| #define PACKAGE_NAME "Protocol Buffers"
| #define PACKAGE_TARNAME "protobuf"
| #define PACKAGE_VERSION "2.6.1"
| #define PACKAGE_STRING "Protocol Buffers 2.6.1"
| #define PACKAGE_BUGREPORT "protobuf@googlegroups.com"
| #define PACKAGE_URL ""
| #define PACKAGE "protobuf"
| #define VERSION "2.6.1"
| #define STDC_HEADERS 1
| #define HAVE_SYS_TYPES_H 1
| #define HAVE_SYS_STAT_H 1
| #define HAVE_STDLIB_H 1
| #define HAVE_STRING_H 1
| #define HAVE_MEMORY_H 1
| #define HAVE_STRINGS_H 1
| #define HAVE_INTTYPES_H 1
| #define HAVE_STDINT_H 1
| #define HAVE_UNISTD_H 1
| /* end confdefs.h.  */
| #include <stdio.h>
| #ifdef HAVE_SYS_TYPES_H
| # include <sys/types.h>
| #endif
| #ifdef HAVE_SYS_STAT_H
| # include <sys/stat.h>
| #endif
| #ifdef STDC_HEADERS
| # include <stdlib.h>
| # include <stddef.h>
| #else
| # ifdef HAVE_STDLIB_H
| #  include <stdlib.h>
| # endif
| #endif
| #ifdef HAVE_STRING_H
| # if !defined STDC_HEADERS && defined HAVE_MEMORY_H
| #  include <memory.h>
| # endif
| # include <string.h>
| #endif
| #ifdef HAVE_STRINGS_H
| # include <strings.h>
| #endif
| #ifdef HAVE_INTTYPES_H
| # include <inttypes.h>
| #endif
| #ifdef HAVE_STDINT_H
| # include <stdint.h>
| #endif
| #ifdef HAVE_UNISTD_H
| # include <unistd.h>
| #endif
| #include <minix/config.h>
configure:4897: result: no
configure:4897: checking minix/config.h presence
configure:4897: arm-cas-linux-gnueabi-g++ -E  conftest.cpp
conftest.cpp:21:26: fatal error: minix/config.h: No such file or directory
compilation terminated.
configure:4897: $? = 1
configure: failed program was:
| /* confdefs.h */
| #define PACKAGE_NAME "Protocol Buffers"
| #define PACKAGE_TARNAME "protobuf"
| #define PACKAGE_VERSION "2.6.1"
| #define PACKAGE_STRING "Protocol Buffers 2.6.1"
| #define PACKAGE_BUGREPORT "protobuf@googlegroups.com"
| #define PACKAGE_URL ""
| #define PACKAGE "protobuf"
| #define VERSION "2.6.1"
| #define STDC_HEADERS 1
| #define HAVE_SYS_TYPES_H 1
| #define HAVE_SYS_STAT_H 1
| #define HAVE_STDLIB_H 1
| #define HAVE_STRING_H 1
| #define HAVE_MEMORY_H 1
| #define HAVE_STRINGS_H 1
| #define HAVE_INTTYPES_H 1
| #define HAVE_STDINT_H 1
| #define HAVE_UNISTD_H 1
| /* end confdefs.h.  */
| #include <minix/config.h>
configure:4897: result: no
configure:4897: checking for minix/config.h
configure:4897: result: no
configure:4918: checking whether it is safe to define __EXTENSIONS__
configure:4936: arm-cas-linux-gnueabi-g++ -c   conftest.cpp >&5
configure:4936: $? = 0
configure:4943: result: yes
configure:4972: checking C++ compiler flags...
configure:4988: result: use default: -O2  -g -DNDEBUG
configure:5008: checking whether __SUNPRO_CC is declared
configure:5008: arm-cas-linux-gnueabi-g++ -c  -g -DNDEBUG  conftest.cpp >&5
conftest.cpp: In function 'int main()':
conftest.cpp:64:10: error: '__SUNPRO_CC' was not declared in this scope
configure:5008: $? = 1
configure: failed program was:
| /* confdefs.h */
| #define PACKAGE_NAME "Protocol Buffers"
| #define PACKAGE_TARNAME "protobuf"
| #define PACKAGE_VERSION "2.6.1"
| #define PACKAGE_STRING "Protocol Buffers 2.6.1"
| #define PACKAGE_BUGREPORT "protobuf@googlegroups.com"
| #define PACKAGE_URL ""
| #define PACKAGE "protobuf"
| #define VERSION "2.6.1"
| #define STDC_HEADERS 1
| #define HAVE_SYS_TYPES_H 1
| #define HAVE_SYS_STAT_H 1
| #define HAVE_STDLIB_H 1
| #define HAVE_STRING_H 1
| #define HAVE_MEMORY_H 1
| #define HAVE_STRINGS_H 1
| #define HAVE_INTTYPES_H 1
| #define HAVE_STDINT_H 1
| #define HAVE_UNISTD_H 1
| #define __EXTENSIONS__ 1
| #define _ALL_SOURCE 1
| #define _GNU_SOURCE 1
| #define _POSIX_PTHREAD_SEMANTICS 1
| #define _TANDEM_SOURCE 1
| /* end confdefs.h.  */
| #include <stdio.h>
| #ifdef HAVE_SYS_TYPES_H
| # include <sys/types.h>
| #endif
| #ifdef HAVE_SYS_STAT_H
| # include <sys/stat.h>
| #endif
| #ifdef STDC_HEADERS
| # include <stdlib.h>
| # include <stddef.h>
| #else
| # ifdef HAVE_STDLIB_H
| #  include <stdlib.h>
| # endif
| #endif
| #ifdef HAVE_STRING_H
| # if !defined STDC_HEADERS && defined HAVE_MEMORY_H
| #  include <memory.h>
| # endif
| # include <string.h>
| #endif
| #ifdef HAVE_STRINGS_H
| # include <strings.h>
| #endif
| #ifdef HAVE_INTTYPES_H
| # include <inttypes.h>
| #endif
| #ifdef HAVE_STDINT_H
| # include <stdint.h>
| #endif
| #ifdef HAVE_UNISTD_H
| # include <unistd.h>
| #endif
| int
| main ()
| {
| #ifndef __SUNPRO_CC
| #ifdef __cplusplus
|   (void) __SUNPRO_CC;
| #else
|   (void) __SUNPRO_CC;
| #endif
| #endif
| 
|   ;
|   return 0;
| }
configure:5008: result: no
configure:5183: checking how to print strings
configure:5210: result: printf
configure:5231: checking for a sed that does not truncate output
configure:5295: result: /bin/sed
configure:5313: checking for fgrep
configure:5375: result: /bin/grep -F
configure:5410: checking for ld used by arm-cas-linux-gnueabi-gcc
configure:5477: result: /home/uidj7648/Workspace/toyota-1.19.3/release/fs/devel/usr/arm-cas-linux-gnueabi/bin/ld
configure:5484: checking if the linker (/home/uidj7648/Workspace/toyota-1.19.3/release/fs/devel/usr/arm-cas-linux-gnueabi/bin/ld) is GNU ld
configure:5499: result: yes
configure:5511: checking for BSD- or MS-compatible name lister (nm)
configure:5560: result: /home/uidj7648/Workspace/toyota-1.19.3/release/fs/devel/usr/bin/arm-cas-linux-gnueabi-nm -B
configure:5690: checking the name lister (/home/uidj7648/Workspace/toyota-1.19.3/release/fs/devel/usr/bin/arm-cas-linux-gnueabi-nm -B) interface
configure:5697: arm-cas-linux-gnueabi-g++ -c  -g -DNDEBUG  conftest.cpp >&5
configure:5700: /home/uidj7648/Workspace/toyota-1.19.3/release/fs/devel/usr/bin/arm-cas-linux-gnueabi-nm -B "conftest.o"
configure:5703: output
00000000 B some_variable
configure:5710: result: BSD nm
configure:5713: checking whether ln -s works
configure:5717: result: yes
configure:5725: checking the maximum length of command line arguments
configure:5850: result: 3458764513820540925
configure:5867: checking whether the shell understands some XSI constructs
configure:5877: result: yes
configure:5881: checking whether the shell understands "+="
configure:5887: result: yes
configure:5922: checking how to convert x86_64-pc-linux-gnu file names to arm-cas-linux-gnueabi format
configure:5962: result: func_convert_file_noop
configure:5969: checking how to convert x86_64-pc-linux-gnu file names to toolchain format
configure:5989: result: func_convert_file_noop
configure:5996: checking for /home/uidj7648/Workspace/toyota-1.19.3/release/fs/devel/usr/arm-cas-linux-gnueabi/bin/ld option to reload object files
configure:6003: result: -r
configure:6037: checking for arm-cas-linux-gnueabi-objdump
configure:6053: found /home/uidj7648/Workspace/toyota-1.19.3/release/fs/devel/usr/bin/arm-cas-linux-gnueabi-objdump
configure:6064: result: arm-cas-linux-gnueabi-objdump
configure:6136: checking how to recognize dependent libraries
configure:6338: result: pass_all
configure:6383: checking for arm-cas-linux-gnueabi-dlltool
configure:6413: result: no
configure:6423: checking for dlltool
configure:6453: result: no
configure:6483: checking how to associate runtime and link libraries
configure:6510: result: printf %s\n
configure:6526: checking for arm-cas-linux-gnueabi-ar
configure:6542: found /home/uidj7648/Workspace/toyota-1.19.3/release/fs/devel/usr/bin/arm-cas-linux-gnueabi-ar
configure:6553: result: arm-cas-linux-gnueabi-ar
configure:6634: checking for archiver @FILE support
configure:6651: arm-cas-linux-gnueabi-g++ -c  -g -DNDEBUG  conftest.cpp >&5
configure:6651: $? = 0
configure:6654: arm-cas-linux-gnueabi-ar cru libconftest.a @conftest.lst >&5
configure:6657: $? = 0
configure:6662: arm-cas-linux-gnueabi-ar cru libconftest.a @conftest.lst >&5
arm-cas-linux-gnueabi-ar: conftest.o: No such file or directory
configure:6665: $? = 1
configure:6677: result: @
configure:6695: checking for arm-cas-linux-gnueabi-strip
configure:6722: result: arm-cas-linux-gnueabi-strip
configure:6794: checking for arm-cas-linux-gnueabi-ranlib
configure:6810: found /home/uidj7648/Workspace/toyota-1.19.3/release/fs/devel/usr/bin/arm-cas-linux-gnueabi-ranlib
configure:6821: result: arm-cas-linux-gnueabi-ranlib
configure:6963: checking command to parse /home/uidj7648/Workspace/toyota-1.19.3/release/fs/devel/usr/bin/arm-cas-linux-gnueabi-nm -B output from arm-cas-linux-gnueabi-gcc object
configure:7082: arm-cas-linux-gnueabi-g++ -c  -g -DNDEBUG  conftest.cpp >&5
configure:7085: $? = 0
configure:7089: /home/uidj7648/Workspace/toyota-1.19.3/release/fs/devel/usr/bin/arm-cas-linux-gnueabi-nm -B conftest.o \| sed -n -e 's/^.*[ ]\([ABCDGIRSTW][ABCDGIRSTW]*\)[ ][ ]*\([_A-Za-z][_A-Za-z0-9]*\)$/\1 \2 \2/p' | sed '/ __gnu_lto/d' \> conftest.nm
configure:7092: $? = 0
configure:7158: arm-cas-linux-gnueabi-g++ -o conftest  -g -DNDEBUG   conftest.cpp conftstm.o >&5
configure:7161: $? = 0
configure:7199: result: ok
configure:7236: checking for sysroot
configure:7266: result: no
configure:7470: checking for arm-cas-linux-gnueabi-mt
configure:7500: result: no
configure:7510: checking for mt
configure:7526: found /bin/mt
configure:7537: result: mt
configure:7549: WARNING: using cross tools not prefixed with host triplet
configure:7560: checking if mt is a manifest tool
configure:7566: mt '-?'
configure:7574: result: no
configure:8203: checking for dlfcn.h
configure:8203: arm-cas-linux-gnueabi-g++ -c  -g -DNDEBUG  conftest.cpp >&5
configure:8203: $? = 0
configure:8203: result: yes
configure:8400: checking for objdir
configure:8415: result: .libs
configure:8686: checking if arm-cas-linux-gnueabi-gcc supports -fno-rtti -fno-exceptions
configure:8704: arm-cas-linux-gnueabi-gcc -c   -fno-rtti -fno-exceptions conftest.c >&5
cc1: warning: command line option '-fno-rtti' is valid for C++/ObjC++ but not for C [enabled by default]
configure:8708: $? = 0
configure:8721: result: no
configure:9031: checking for arm-cas-linux-gnueabi-gcc option to produce PIC
configure:9038: result: -fPIC -DPIC
configure:9046: checking if arm-cas-linux-gnueabi-gcc PIC flag -fPIC -DPIC works
configure:9064: arm-cas-linux-gnueabi-gcc -c   -fPIC -DPIC -DPIC conftest.c >&5
configure:9068: $? = 0
configure:9081: result: yes
configure:9110: checking if arm-cas-linux-gnueabi-gcc static flag -static works
configure:9138: result: yes
configure:9153: checking if arm-cas-linux-gnueabi-gcc supports -c -o file.o
configure:9174: arm-cas-linux-gnueabi-gcc -c   -o out/conftest2.o conftest.c >&5
configure:9178: $? = 0
configure:9200: result: yes
configure:9208: checking if arm-cas-linux-gnueabi-gcc supports -c -o file.o
configure:9255: result: yes
configure:9288: checking whether the arm-cas-linux-gnueabi-gcc linker (/home/uidj7648/Workspace/toyota-1.19.3/release/fs/devel/usr/arm-cas-linux-gnueabi/bin/ld) supports shared libraries
configure:10446: result: yes
configure:10483: checking whether -lc should be explicitly linked in
configure:10491: arm-cas-linux-gnueabi-gcc -c   conftest.c >&5
configure:10494: $? = 0
configure:10509: arm-cas-linux-gnueabi-gcc -shared  -fPIC -DPIC conftest.o  -v -Wl,-soname -Wl,conftest -o conftest 2\>\&1 \| /bin/grep  -lc  \>/dev/null 2\>\&1
configure:10512: $? = 0
configure:10526: result: no
configure:10691: checking dynamic linker characteristics
configure:11205: arm-cas-linux-gnueabi-gcc -o conftest    -Wl,-rpath -Wl,/foo conftest.c  >&5
configure:11205: $? = 0
configure:11427: result: GNU/Linux ld.so
configure:11534: checking how to hardcode library paths into programs
configure:11559: result: immediate
configure:12099: checking whether stripping libraries is possible
configure:12104: result: yes
configure:12139: checking if libtool supports shared libraries
configure:12141: result: yes
configure:12144: checking whether to build shared libraries
configure:12165: result: yes
configure:12168: checking whether to build static libraries
configure:12172: result: yes
configure:12195: checking how to run the C++ preprocessor
configure:12261: result: arm-cas-linux-gnueabi-g++ -E
configure:12281: arm-cas-linux-gnueabi-g++ -E  conftest.cpp
configure:12281: $? = 0
configure:12295: arm-cas-linux-gnueabi-g++ -E  conftest.cpp
conftest.cpp:28:28: fatal error: ac_nonexistent.h: No such file or directory
compilation terminated.
configure:12295: $? = 1
configure: failed program was:
| /* confdefs.h */
| #define PACKAGE_NAME "Protocol Buffers"
| #define PACKAGE_TARNAME "protobuf"
| #define PACKAGE_VERSION "2.6.1"
| #define PACKAGE_STRING "Protocol Buffers 2.6.1"
| #define PACKAGE_BUGREPORT "protobuf@googlegroups.com"
| #define PACKAGE_URL ""
| #define PACKAGE "protobuf"
| #define VERSION "2.6.1"
| #define STDC_HEADERS 1
| #define HAVE_SYS_TYPES_H 1
| #define HAVE_SYS_STAT_H 1
| #define HAVE_STDLIB_H 1
| #define HAVE_STRING_H 1
| #define HAVE_MEMORY_H 1
| #define HAVE_STRINGS_H 1
| #define HAVE_INTTYPES_H 1
| #define HAVE_STDINT_H 1
| #define HAVE_UNISTD_H 1
| #define __EXTENSIONS__ 1
| #define _ALL_SOURCE 1
| #define _GNU_SOURCE 1
| #define _POSIX_PTHREAD_SEMANTICS 1
| #define _TANDEM_SOURCE 1
| #define HAVE_DLFCN_H 1
| #define LT_OBJDIR ".libs/"
| /* end confdefs.h.  */
| #include <ac_nonexistent.h>
configure:12465: checking for ld used by arm-cas-linux-gnueabi-g++
configure:12532: result: /home/uidj7648/Workspace/toyota-1.19.3/release/fs/devel/usr/arm-cas-linux-gnueabi/bin/ld
configure:12539: checking if the linker (/home/uidj7648/Workspace/toyota-1.19.3/release/fs/devel/usr/arm-cas-linux-gnueabi/bin/ld) is GNU ld
configure:12554: result: yes
configure:12609: checking whether the arm-cas-linux-gnueabi-g++ linker (/home/uidj7648/Workspace/toyota-1.19.3/release/fs/devel/usr/arm-cas-linux-gnueabi/bin/ld) supports shared libraries
configure:13613: result: yes
configure:13648: arm-cas-linux-gnueabi-g++ -c  -g -DNDEBUG  conftest.cpp >&5
configure:13651: $? = 0
configure:14171: checking for arm-cas-linux-gnueabi-g++ option to produce PIC
configure:14178: result: -fPIC -DPIC
configure:14186: checking if arm-cas-linux-gnueabi-g++ PIC flag -fPIC -DPIC works
configure:14204: arm-cas-linux-gnueabi-g++ -c  -g -DNDEBUG  -fPIC -DPIC -DPIC conftest.cpp >&5
configure:14208: $? = 0
configure:14221: result: yes
configure:14244: checking if arm-cas-linux-gnueabi-g++ static flag -static works
configure:14272: result: no
configure:14284: checking if arm-cas-linux-gnueabi-g++ supports -c -o file.o
configure:14305: arm-cas-linux-gnueabi-g++ -c  -g -DNDEBUG  -o out/conftest2.o conftest.cpp >&5
configure:14309: $? = 0
configure:14331: result: yes
configure:14336: checking if arm-cas-linux-gnueabi-g++ supports -c -o file.o
configure:14383: result: yes
configure:14413: checking whether the arm-cas-linux-gnueabi-g++ linker (/home/uidj7648/Workspace/toyota-1.19.3/release/fs/devel/usr/arm-cas-linux-gnueabi/bin/ld) supports shared libraries
configure:14447: result: yes
configure:14590: checking dynamic linker characteristics
configure:15260: result: GNU/Linux ld.so
configure:15313: checking how to hardcode library paths into programs
configure:15338: result: immediate
configure:15399: checking for ANSI C header files
configure:15503: result: yes
configure:15514: checking fcntl.h usability
configure:15514: arm-cas-linux-gnueabi-g++ -c  -g -DNDEBUG  conftest.cpp >&5
configure:15514: $? = 0
configure:15514: result: yes
configure:15514: checking fcntl.h presence
configure:15514: arm-cas-linux-gnueabi-g++ -E  conftest.cpp
configure:15514: $? = 0
configure:15514: result: yes
configure:15514: checking for fcntl.h
configure:15514: result: yes
configure:15514: checking for inttypes.h
configure:15514: result: yes
configure:15514: checking limits.h usability
configure:15514: arm-cas-linux-gnueabi-g++ -c  -g -DNDEBUG  conftest.cpp >&5
configure:15514: $? = 0
configure:15514: result: yes
configure:15514: checking limits.h presence
configure:15514: arm-cas-linux-gnueabi-g++ -E  conftest.cpp
configure:15514: $? = 0
configure:15514: result: yes
configure:15514: checking for limits.h
configure:15514: result: yes
configure:15514: checking for stdlib.h
configure:15514: result: yes
configure:15514: checking for unistd.h
configure:15514: result: yes
configure:15526: checking for working memcmp
configure:15579: result: no
configure:15588: checking for working strtod
configure:15639: result: no
configure:15648: checking for pow
configure:15648: arm-cas-linux-gnueabi-g++ -o conftest  -g -DNDEBUG   conftest.cpp  >&5
configure:15648: $? = 0
configure:15648: result: yes
configure:15704: checking for ftruncate
configure:15704: arm-cas-linux-gnueabi-g++ -o conftest  -g -DNDEBUG   conftest.cpp  >&5
configure:15704: $? = 0
configure:15704: result: yes
configure:15704: checking for memset
configure:15704: arm-cas-linux-gnueabi-g++ -o conftest  -g -DNDEBUG   conftest.cpp  >&5
configure:15704: $? = 0
configure:15704: result: yes
configure:15704: checking for mkdir
configure:15704: arm-cas-linux-gnueabi-g++ -o conftest  -g -DNDEBUG   conftest.cpp  >&5
configure:15704: $? = 0
configure:15704: result: yes
configure:15704: checking for strchr
configure:15704: arm-cas-linux-gnueabi-g++ -o conftest  -g -DNDEBUG   conftest.cpp  >&5
configure:15704: $? = 0
configure:15704: result: yes
configure:15704: checking for strerror
configure:15704: arm-cas-linux-gnueabi-g++ -o conftest  -g -DNDEBUG   conftest.cpp  >&5
configure:15704: $? = 0
configure:15704: result: yes
configure:15704: checking for strtol
configure:15704: arm-cas-linux-gnueabi-g++ -o conftest  -g -DNDEBUG   conftest.cpp  >&5
configure:15704: $? = 0
configure:15704: result: yes
configure:15718: checking zlib version
configure:15738: arm-cas-linux-gnueabi-g++ -c  -g -DNDEBUG  conftest.cpp >&5
configure:15738: $? = 0
configure:15740: result: ok (1.2.0.4 or later)
configure:15744: checking for library containing zlibVersion
configure:15775: arm-cas-linux-gnueabi-g++ -o conftest  -g -DNDEBUG   conftest.cpp  >&5
/tmp/ccm6PLZA.o: In function `main':
/home/uidj7648/Workspace/toyota-1.19.3/package/opensource/protobuf/conftest.cpp:51: undefined reference to `zlibVersion'
collect2: ld returned 1 exit status
configure:15775: $? = 1
configure: failed program was:
| /* confdefs.h */
| #define PACKAGE_NAME "Protocol Buffers"
| #define PACKAGE_TARNAME "protobuf"
| #define PACKAGE_VERSION "2.6.1"
| #define PACKAGE_STRING "Protocol Buffers 2.6.1"
| #define PACKAGE_BUGREPORT "protobuf@googlegroups.com"
| #define PACKAGE_URL ""
| #define PACKAGE "protobuf"
| #define VERSION "2.6.1"
| #define STDC_HEADERS 1
| #define HAVE_SYS_TYPES_H 1
| #define HAVE_SYS_STAT_H 1
| #define HAVE_STDLIB_H 1
| #define HAVE_STRING_H 1
| #define HAVE_MEMORY_H 1
| #define HAVE_STRINGS_H 1
| #define HAVE_INTTYPES_H 1
| #define HAVE_STDINT_H 1
| #define HAVE_UNISTD_H 1
| #define __EXTENSIONS__ 1
| #define _ALL_SOURCE 1
| #define _GNU_SOURCE 1
| #define _POSIX_PTHREAD_SEMANTICS 1
| #define _TANDEM_SOURCE 1
| #define HAVE_DLFCN_H 1
| #define LT_OBJDIR ".libs/"
| #define STDC_HEADERS 1
| #define HAVE_FCNTL_H 1
| #define HAVE_INTTYPES_H 1
| #define HAVE_LIMITS_H 1
| #define HAVE_STDLIB_H 1
| #define HAVE_UNISTD_H 1
| #define HAVE_FTRUNCATE 1
| #define HAVE_MEMSET 1
| #define HAVE_MKDIR 1
| #define HAVE_STRCHR 1
| #define HAVE_STRERROR 1
| #define HAVE_STRTOL 1
| /* end confdefs.h.  */
| 
| /* Override any GCC internal prototype to avoid an error.
|    Use char because int might match the return type of a GCC
|    builtin and then its argument prototype would still apply.  */
| #ifdef __cplusplus
| extern "C"
| #endif
| char zlibVersion ();
| int
| main ()
| {
| return zlibVersion ();
|   ;
|   return 0;
| }
configure:15775: arm-cas-linux-gnueabi-g++ -o conftest  -g -DNDEBUG   conftest.cpp -lz   >&5
configure:15775: $? = 0
configure:15792: result: -lz
configure:16043: checking for the pthreads library -lpthreads
configure:16076: arm-cas-linux-gnueabi-gcc -o conftest     conftest.c -lpthreads -lz  >&5
/home/uidj7648/Workspace/toyota-1.19.3/release/fs/devel/usr/bin/../lib/gcc/arm-cas-linux-gnueabi/4.6.2/../../../../../usr/arm-cas-linux-gnueabi/bin/ld: cannot find -lpthreads
collect2: ld returned 1 exit status
configure:16076: $? = 1
configure: failed program was:
| /* confdefs.h */
| #define PACKAGE_NAME "Protocol Buffers"
| #define PACKAGE_TARNAME "protobuf"
| #define PACKAGE_VERSION "2.6.1"
| #define PACKAGE_STRING "Protocol Buffers 2.6.1"
| #define PACKAGE_BUGREPORT "protobuf@googlegroups.com"
| #define PACKAGE_URL ""
| #define PACKAGE "protobuf"
| #define VERSION "2.6.1"
| #define STDC_HEADERS 1
| #define HAVE_SYS_TYPES_H 1
| #define HAVE_SYS_STAT_H 1
| #define HAVE_STDLIB_H 1
| #define HAVE_STRING_H 1
| #define HAVE_MEMORY_H 1
| #define HAVE_STRINGS_H 1
| #define HAVE_INTTYPES_H 1
| #define HAVE_STDINT_H 1
| #define HAVE_UNISTD_H 1
| #define __EXTENSIONS__ 1
| #define _ALL_SOURCE 1
| #define _GNU_SOURCE 1
| #define _POSIX_PTHREAD_SEMANTICS 1
| #define _TANDEM_SOURCE 1
| #define HAVE_DLFCN_H 1
| #define LT_OBJDIR ".libs/"
| #define STDC_HEADERS 1
| #define HAVE_FCNTL_H 1
| #define HAVE_INTTYPES_H 1
| #define HAVE_LIMITS_H 1
| #define HAVE_STDLIB_H 1
| #define HAVE_UNISTD_H 1
| #define HAVE_FTRUNCATE 1
| #define HAVE_MEMSET 1
| #define HAVE_MKDIR 1
| #define HAVE_STRCHR 1
| #define HAVE_STRERROR 1
| #define HAVE_STRTOL 1
| #define HAVE_ZLIB 1
| /* end confdefs.h.  */
| #include <pthread.h>
| int
| main ()
| {
| pthread_t th; pthread_join(th, 0);
|                      pthread_attr_init(0); pthread_cleanup_push(0, 0);
|                      pthread_create(0,0,0,0); pthread_cleanup_pop(0);
|   ;
|   return 0;
| }
configure:16085: result: no
configure:15988: checking whether pthreads work without any flags
configure:16076: arm-cas-linux-gnueabi-gcc -o conftest     conftest.c  -lz  >&5
/tmp/ccKbBISU.o: In function `main':
conftest.c:(.text+0x14): undefined reference to `pthread_join'
conftest.c:(.text+0x70): undefined reference to `__pthread_register_cancel'
conftest.c:(.text+0x84): undefined reference to `pthread_create'
conftest.c:(.text+0x90): undefined reference to `__pthread_unregister_cancel'
collect2: ld returned 1 exit status
configure:16076: $? = 1
configure: failed program was:
| /* confdefs.h */
| #define PACKAGE_NAME "Protocol Buffers"
| #define PACKAGE_TARNAME "protobuf"
| #define PACKAGE_VERSION "2.6.1"
| #define PACKAGE_STRING "Protocol Buffers 2.6.1"
| #define PACKAGE_BUGREPORT "protobuf@googlegroups.com"
| #define PACKAGE_URL ""
| #define PACKAGE "protobuf"
| #define VERSION "2.6.1"
| #define STDC_HEADERS 1
| #define HAVE_SYS_TYPES_H 1
| #define HAVE_SYS_STAT_H 1
| #define HAVE_STDLIB_H 1
| #define HAVE_STRING_H 1
| #define HAVE_MEMORY_H 1
| #define HAVE_STRINGS_H 1
| #define HAVE_INTTYPES_H 1
| #define HAVE_STDINT_H 1
| #define HAVE_UNISTD_H 1
| #define __EXTENSIONS__ 1
| #define _ALL_SOURCE 1
| #define _GNU_SOURCE 1
| #define _POSIX_PTHREAD_SEMANTICS 1
| #define _TANDEM_SOURCE 1
| #define HAVE_DLFCN_H 1
| #define LT_OBJDIR ".libs/"
| #define STDC_HEADERS 1
| #define HAVE_FCNTL_H 1
| #define HAVE_INTTYPES_H 1
| #define HAVE_LIMITS_H 1
| #define HAVE_STDLIB_H 1
| #define HAVE_UNISTD_H 1
| #define HAVE_FTRUNCATE 1
| #define HAVE_MEMSET 1
| #define HAVE_MKDIR 1
| #define HAVE_STRCHR 1
| #define HAVE_STRERROR 1
| #define HAVE_STRTOL 1
| #define HAVE_ZLIB 1
| /* end confdefs.h.  */
| #include <pthread.h>
| int
| main ()
| {
| pthread_t th; pthread_join(th, 0);
|                      pthread_attr_init(0); pthread_cleanup_push(0, 0);
|                      pthread_create(0,0,0,0); pthread_cleanup_pop(0);
|   ;
|   return 0;
| }
configure:16085: result: no
configure:15993: checking whether pthreads work with -Kthread
configure:16076: arm-cas-linux-gnueabi-gcc -o conftest  -Kthread   conftest.c  -lz  >&5
arm-cas-linux-gnueabi-gcc: error: unrecognized option '-Kthread'
configure:16076: $? = 1
configure: failed program was:
| /* confdefs.h */
| #define PACKAGE_NAME "Protocol Buffers"
| #define PACKAGE_TARNAME "protobuf"
| #define PACKAGE_VERSION "2.6.1"
| #define PACKAGE_STRING "Protocol Buffers 2.6.1"
| #define PACKAGE_BUGREPORT "protobuf@googlegroups.com"
| #define PACKAGE_URL ""
| #define PACKAGE "protobuf"
| #define VERSION "2.6.1"
| #define STDC_HEADERS 1
| #define HAVE_SYS_TYPES_H 1
| #define HAVE_SYS_STAT_H 1
| #define HAVE_STDLIB_H 1
| #define HAVE_STRING_H 1
| #define HAVE_MEMORY_H 1
| #define HAVE_STRINGS_H 1
| #define HAVE_INTTYPES_H 1
| #define HAVE_STDINT_H 1
| #define HAVE_UNISTD_H 1
| #define __EXTENSIONS__ 1
| #define _ALL_SOURCE 1
| #define _GNU_SOURCE 1
| #define _POSIX_PTHREAD_SEMANTICS 1
| #define _TANDEM_SOURCE 1
| #define HAVE_DLFCN_H 1
| #define LT_OBJDIR ".libs/"
| #define STDC_HEADERS 1
| #define HAVE_FCNTL_H 1
| #define HAVE_INTTYPES_H 1
| #define HAVE_LIMITS_H 1
| #define HAVE_STDLIB_H 1
| #define HAVE_UNISTD_H 1
| #define HAVE_FTRUNCATE 1
| #define HAVE_MEMSET 1
| #define HAVE_MKDIR 1
| #define HAVE_STRCHR 1
| #define HAVE_STRERROR 1
| #define HAVE_STRTOL 1
| #define HAVE_ZLIB 1
| /* end confdefs.h.  */
| #include <pthread.h>
| int
| main ()
| {
| pthread_t th; pthread_join(th, 0);
|                      pthread_attr_init(0); pthread_cleanup_push(0, 0);
|                      pthread_create(0,0,0,0); pthread_cleanup_pop(0);
|   ;
|   return 0;
| }
configure:16085: result: no
configure:15993: checking whether pthreads work with -kthread
configure:16076: arm-cas-linux-gnueabi-gcc -o conftest  -kthread   conftest.c  -lz  >&5
arm-cas-linux-gnueabi-gcc: error: unrecognized option '-kthread'
configure:16076: $? = 1
configure: failed program was:
| /* confdefs.h */
| #define PACKAGE_NAME "Protocol Buffers"
| #define PACKAGE_TARNAME "protobuf"
| #define PACKAGE_VERSION "2.6.1"
| #define PACKAGE_STRING "Protocol Buffers 2.6.1"
| #define PACKAGE_BUGREPORT "protobuf@googlegroups.com"
| #define PACKAGE_URL ""
| #define PACKAGE "protobuf"
| #define VERSION "2.6.1"
| #define STDC_HEADERS 1
| #define HAVE_SYS_TYPES_H 1
| #define HAVE_SYS_STAT_H 1
| #define HAVE_STDLIB_H 1
| #define HAVE_STRING_H 1
| #define HAVE_MEMORY_H 1
| #define HAVE_STRINGS_H 1
| #define HAVE_INTTYPES_H 1
| #define HAVE_STDINT_H 1
| #define HAVE_UNISTD_H 1
| #define __EXTENSIONS__ 1
| #define _ALL_SOURCE 1
| #define _GNU_SOURCE 1
| #define _POSIX_PTHREAD_SEMANTICS 1
| #define _TANDEM_SOURCE 1
| #define HAVE_DLFCN_H 1
| #define LT_OBJDIR ".libs/"
| #define STDC_HEADERS 1
| #define HAVE_FCNTL_H 1
| #define HAVE_INTTYPES_H 1
| #define HAVE_LIMITS_H 1
| #define HAVE_STDLIB_H 1
| #define HAVE_UNISTD_H 1
| #define HAVE_FTRUNCATE 1
| #define HAVE_MEMSET 1
| #define HAVE_MKDIR 1
| #define HAVE_STRCHR 1
| #define HAVE_STRERROR 1
| #define HAVE_STRTOL 1
| #define HAVE_ZLIB 1
| /* end confdefs.h.  */
| #include <pthread.h>
| int
| main ()
| {
| pthread_t th; pthread_join(th, 0);
|                      pthread_attr_init(0); pthread_cleanup_push(0, 0);
|                      pthread_create(0,0,0,0); pthread_cleanup_pop(0);
|   ;
|   return 0;
| }
configure:16085: result: no
configure:16043: checking for the pthreads library -llthread
configure:16076: arm-cas-linux-gnueabi-gcc -o conftest     conftest.c -llthread -lz  >&5
/home/uidj7648/Workspace/toyota-1.19.3/release/fs/devel/usr/bin/../lib/gcc/arm-cas-linux-gnueabi/4.6.2/../../../../../usr/arm-cas-linux-gnueabi/bin/ld: cannot find -llthread
collect2: ld returned 1 exit status
configure:16076: $? = 1
configure: failed program was:
| /* confdefs.h */
| #define PACKAGE_NAME "Protocol Buffers"
| #define PACKAGE_TARNAME "protobuf"
| #define PACKAGE_VERSION "2.6.1"
| #define PACKAGE_STRING "Protocol Buffers 2.6.1"
| #define PACKAGE_BUGREPORT "protobuf@googlegroups.com"
| #define PACKAGE_URL ""
| #define PACKAGE "protobuf"
| #define VERSION "2.6.1"
| #define STDC_HEADERS 1
| #define HAVE_SYS_TYPES_H 1
| #define HAVE_SYS_STAT_H 1
| #define HAVE_STDLIB_H 1
| #define HAVE_STRING_H 1
| #define HAVE_MEMORY_H 1
| #define HAVE_STRINGS_H 1
| #define HAVE_INTTYPES_H 1
| #define HAVE_STDINT_H 1
| #define HAVE_UNISTD_H 1
| #define __EXTENSIONS__ 1
| #define _ALL_SOURCE 1
| #define _GNU_SOURCE 1
| #define _POSIX_PTHREAD_SEMANTICS 1
| #define _TANDEM_SOURCE 1
| #define HAVE_DLFCN_H 1
| #define LT_OBJDIR ".libs/"
| #define STDC_HEADERS 1
| #define HAVE_FCNTL_H 1
| #define HAVE_INTTYPES_H 1
| #define HAVE_LIMITS_H 1
| #define HAVE_STDLIB_H 1
| #define HAVE_UNISTD_H 1
| #define HAVE_FTRUNCATE 1
| #define HAVE_MEMSET 1
| #define HAVE_MKDIR 1
| #define HAVE_STRCHR 1
| #define HAVE_STRERROR 1
| #define HAVE_STRTOL 1
| #define HAVE_ZLIB 1
| /* end confdefs.h.  */
| #include <pthread.h>
| int
| main ()
| {
| pthread_t th; pthread_join(th, 0);
|                      pthread_attr_init(0); pthread_cleanup_push(0, 0);
|                      pthread_create(0,0,0,0); pthread_cleanup_pop(0);
|   ;
|   return 0;
| }
configure:16085: result: no
configure:15993: checking whether pthreads work with -pthread
configure:16076: arm-cas-linux-gnueabi-gcc -o conftest  -pthread   conftest.c  -lz  >&5
configure:16076: $? = 0
configure:16085: result: yes
configure:16104: checking for joinable pthread attribute
configure:16119: arm-cas-linux-gnueabi-gcc -o conftest  -pthread   conftest.c  -lz  >&5
configure:16119: $? = 0
configure:16125: result: PTHREAD_CREATE_JOINABLE
configure:16135: checking if more special flags are required for pthreads
configure:16142: result: no
configure:16231: checking whether to check for GCC pthread/shared inconsistencies
configure:16244: arm-cas-linux-gnueabi-gcc -o conftest -shared -fPIC -Wl,-z,defs  -pthread   conftest.c  -lz  >&5
configure:16244: $? = 0
configure:16256: result: yes
configure:16262: checking whether -pthread is sufficient with -shared
configure:16277: arm-cas-linux-gnueabi-gcc -o conftest -shared -fPIC -Wl,-z,defs  -pthread   conftest.c  -lz  >&5
configure:16277: $? = 0
configure:16284: result: yes
configure:16372: checking whether what we have so far is sufficient with -nostdlib
configure:16390: arm-cas-linux-gnueabi-gcc -o conftest -nostdlib -shared -fPIC -Wl,-z,defs  -pthread   conftest.c  -lz  -lc >&5
/tmp/cc7UPd7x.o: In function `main':
conftest.c:(.text+0x14): undefined reference to `pthread_join'
conftest.c:(.text+0x70): undefined reference to `__pthread_register_cancel'
conftest.c:(.text+0x84): undefined reference to `pthread_create'
conftest.c:(.text+0x90): undefined reference to `__pthread_unregister_cancel'
collect2: ld returned 1 exit status
configure:16390: $? = 1
configure: failed program was:
| /* confdefs.h */
| #define PACKAGE_NAME "Protocol Buffers"
| #define PACKAGE_TARNAME "protobuf"
| #define PACKAGE_VERSION "2.6.1"
| #define PACKAGE_STRING "Protocol Buffers 2.6.1"
| #define PACKAGE_BUGREPORT "protobuf@googlegroups.com"
| #define PACKAGE_URL ""
| #define PACKAGE "protobuf"
| #define VERSION "2.6.1"
| #define STDC_HEADERS 1
| #define HAVE_SYS_TYPES_H 1
| #define HAVE_SYS_STAT_H 1
| #define HAVE_STDLIB_H 1
| #define HAVE_STRING_H 1
| #define HAVE_MEMORY_H 1
| #define HAVE_STRINGS_H 1
| #define HAVE_INTTYPES_H 1
| #define HAVE_STDINT_H 1
| #define HAVE_UNISTD_H 1
| #define __EXTENSIONS__ 1
| #define _ALL_SOURCE 1
| #define _GNU_SOURCE 1
| #define _POSIX_PTHREAD_SEMANTICS 1
| #define _TANDEM_SOURCE 1
| #define HAVE_DLFCN_H 1
| #define LT_OBJDIR ".libs/"
| #define STDC_HEADERS 1
| #define HAVE_FCNTL_H 1
| #define HAVE_INTTYPES_H 1
| #define HAVE_LIMITS_H 1
| #define HAVE_STDLIB_H 1
| #define HAVE_UNISTD_H 1
| #define HAVE_FTRUNCATE 1
| #define HAVE_MEMSET 1
| #define HAVE_MKDIR 1
| #define HAVE_STRCHR 1
| #define HAVE_STRERROR 1
| #define HAVE_STRTOL 1
| #define HAVE_ZLIB 1
| /* end confdefs.h.  */
| #include <pthread.h>
| int
| main ()
| {
| pthread_t th; pthread_join(th, 0);
| 	       pthread_attr_init(0); pthread_cleanup_push(0, 0);
| 	       pthread_create(0,0,0,0); pthread_cleanup_pop(0);
|   ;
|   return 0;
| }
configure:16402: result: no
configure:16407: checking whether -lpthread saves the day
configure:16423: arm-cas-linux-gnueabi-gcc -o conftest -nostdlib -shared -fPIC -Wl,-z,defs  -pthread   conftest.c -lpthread  -lz  -lc >&5
configure:16423: $? = 0
configure:16432: result: yes
configure:16472: checking the location of hash_map
configure:16498: arm-cas-linux-gnueabi-g++ -c  -g -DNDEBUG  conftest.cpp >&5
configure:16498: $? = 0
configure:16520: arm-cas-linux-gnueabi-g++ -c  -g -DNDEBUG  conftest.cpp >&5
In file included from /home/uidj7648/Workspace/toyota-1.19.3/release/fs/devel/usr/bin/../lib/gcc/arm-cas-linux-gnueabi/4.6.2/../../../../../arm-cas-linux-gnueabi/include/c++/4.6.2/unordered_map:35:0,
                 from conftest.cpp:42:
/home/uidj7648/Workspace/toyota-1.19.3/release/fs/devel/usr/bin/../lib/gcc/arm-cas-linux-gnueabi/4.6.2/../../../../../arm-cas-linux-gnueabi/include/c++/4.6.2/bits/c++0x_warning.h:32:2: error: #error This file requires compiler and library support for the upcoming ISO C++ standard, C++0x. This support is currently experimental, and must be enabled with the -std=c++0x or -std=gnu++0x compiler options.
conftest.cpp: In function 'int main()':
conftest.cpp:46:7: error: 'unordered_map' in namespace 'std' does not name a type
conftest.cpp:47:33: error: 't' was not declared in this scope
configure:16520: $? = 1
configure: failed program was:
| /* confdefs.h */
| #define PACKAGE_NAME "Protocol Buffers"
| #define PACKAGE_TARNAME "protobuf"
| #define PACKAGE_VERSION "2.6.1"
| #define PACKAGE_STRING "Protocol Buffers 2.6.1"
| #define PACKAGE_BUGREPORT "protobuf@googlegroups.com"
| #define PACKAGE_URL ""
| #define PACKAGE "protobuf"
| #define VERSION "2.6.1"
| #define STDC_HEADERS 1
| #define HAVE_SYS_TYPES_H 1
| #define HAVE_SYS_STAT_H 1
| #define HAVE_STDLIB_H 1
| #define HAVE_STRING_H 1
| #define HAVE_MEMORY_H 1
| #define HAVE_STRINGS_H 1
| #define HAVE_INTTYPES_H 1
| #define HAVE_STDINT_H 1
| #define HAVE_UNISTD_H 1
| #define __EXTENSIONS__ 1
| #define _ALL_SOURCE 1
| #define _GNU_SOURCE 1
| #define _POSIX_PTHREAD_SEMANTICS 1
| #define _TANDEM_SOURCE 1
| #define HAVE_DLFCN_H 1
| #define LT_OBJDIR ".libs/"
| #define STDC_HEADERS 1
| #define HAVE_FCNTL_H 1
| #define HAVE_INTTYPES_H 1
| #define HAVE_LIMITS_H 1
| #define HAVE_STDLIB_H 1
| #define HAVE_UNISTD_H 1
| #define HAVE_FTRUNCATE 1
| #define HAVE_MEMSET 1
| #define HAVE_MKDIR 1
| #define HAVE_STRCHR 1
| #define HAVE_STRERROR 1
| #define HAVE_STRTOL 1
| #define HAVE_ZLIB 1
| #define HAVE_PTHREAD 1
| /* end confdefs.h.  */
| #include <unordered_map>
| int
| main ()
| {
| const std::unordered_map<int, int> t;
|                          return t.find(5) == t.end();
|   ;
|   return 0;
| }
configure:16520: arm-cas-linux-gnueabi-g++ -c  -g -DNDEBUG  conftest.cpp >&5
In file included from /home/uidj7648/Workspace/toyota-1.19.3/release/fs/devel/usr/bin/../lib/gcc/arm-cas-linux-gnueabi/4.6.2/../../../../../arm-cas-linux-gnueabi/include/c++/4.6.2/unordered_map:35:0,
                 from conftest.cpp:42:
/home/uidj7648/Workspace/toyota-1.19.3/release/fs/devel/usr/bin/../lib/gcc/arm-cas-linux-gnueabi/4.6.2/../../../../../arm-cas-linux-gnueabi/include/c++/4.6.2/bits/c++0x_warning.h:32:2: error: #error This file requires compiler and library support for the upcoming ISO C++ standard, C++0x. This support is currently experimental, and must be enabled with the -std=c++0x or -std=gnu++0x compiler options.
conftest.cpp: In function 'int main()':
conftest.cpp:46:7: error: 'tr1' in namespace 'std' does not name a type
conftest.cpp:47:33: error: 't' was not declared in this scope
configure:16520: $? = 1
configure: failed program was:
| /* confdefs.h */
| #define PACKAGE_NAME "Protocol Buffers"
| #define PACKAGE_TARNAME "protobuf"
| #define PACKAGE_VERSION "2.6.1"
| #define PACKAGE_STRING "Protocol Buffers 2.6.1"
| #define PACKAGE_BUGREPORT "protobuf@googlegroups.com"
| #define PACKAGE_URL ""
| #define PACKAGE "protobuf"
| #define VERSION "2.6.1"
| #define STDC_HEADERS 1
| #define HAVE_SYS_TYPES_H 1
| #define HAVE_SYS_STAT_H 1
| #define HAVE_STDLIB_H 1
| #define HAVE_STRING_H 1
| #define HAVE_MEMORY_H 1
| #define HAVE_STRINGS_H 1
| #define HAVE_INTTYPES_H 1
| #define HAVE_STDINT_H 1
| #define HAVE_UNISTD_H 1
| #define __EXTENSIONS__ 1
| #define _ALL_SOURCE 1
| #define _GNU_SOURCE 1
| #define _POSIX_PTHREAD_SEMANTICS 1
| #define _TANDEM_SOURCE 1
| #define HAVE_DLFCN_H 1
| #define LT_OBJDIR ".libs/"
| #define STDC_HEADERS 1
| #define HAVE_FCNTL_H 1
| #define HAVE_INTTYPES_H 1
| #define HAVE_LIMITS_H 1
| #define HAVE_STDLIB_H 1
| #define HAVE_UNISTD_H 1
| #define HAVE_FTRUNCATE 1
| #define HAVE_MEMSET 1
| #define HAVE_MKDIR 1
| #define HAVE_STRCHR 1
| #define HAVE_STRERROR 1
| #define HAVE_STRTOL 1
| #define HAVE_ZLIB 1
| #define HAVE_PTHREAD 1
| /* end confdefs.h.  */
| #include <unordered_map>
| int
| main ()
| {
| const std::tr1::unordered_map<int, int> t;
|                          return t.find(5) == t.end();
|   ;
|   return 0;
| }
configure:16520: arm-cas-linux-gnueabi-g++ -c  -g -DNDEBUG  conftest.cpp >&5
conftest.cpp: In function 'int main()':
conftest.cpp:46:7: error: 'unordered_map' in namespace 'std' does not name a type
conftest.cpp:47:33: error: 't' was not declared in this scope
configure:16520: $? = 1
configure: failed program was:
| /* confdefs.h */
| #define PACKAGE_NAME "Protocol Buffers"
| #define PACKAGE_TARNAME "protobuf"
| #define PACKAGE_VERSION "2.6.1"
| #define PACKAGE_STRING "Protocol Buffers 2.6.1"
| #define PACKAGE_BUGREPORT "protobuf@googlegroups.com"
| #define PACKAGE_URL ""
| #define PACKAGE "protobuf"
| #define VERSION "2.6.1"
| #define STDC_HEADERS 1
| #define HAVE_SYS_TYPES_H 1
| #define HAVE_SYS_STAT_H 1
| #define HAVE_STDLIB_H 1
| #define HAVE_STRING_H 1
| #define HAVE_MEMORY_H 1
| #define HAVE_STRINGS_H 1
| #define HAVE_INTTYPES_H 1
| #define HAVE_STDINT_H 1
| #define HAVE_UNISTD_H 1
| #define __EXTENSIONS__ 1
| #define _ALL_SOURCE 1
| #define _GNU_SOURCE 1
| #define _POSIX_PTHREAD_SEMANTICS 1
| #define _TANDEM_SOURCE 1
| #define HAVE_DLFCN_H 1
| #define LT_OBJDIR ".libs/"
| #define STDC_HEADERS 1
| #define HAVE_FCNTL_H 1
| #define HAVE_INTTYPES_H 1
| #define HAVE_LIMITS_H 1
| #define HAVE_STDLIB_H 1
| #define HAVE_UNISTD_H 1
| #define HAVE_FTRUNCATE 1
| #define HAVE_MEMSET 1
| #define HAVE_MKDIR 1
| #define HAVE_STRCHR 1
| #define HAVE_STRERROR 1
| #define HAVE_STRTOL 1
| #define HAVE_ZLIB 1
| #define HAVE_PTHREAD 1
| /* end confdefs.h.  */
| #include <tr1/unordered_map>
| int
| main ()
| {
| const std::unordered_map<int, int> t;
|                          return t.find(5) == t.end();
|   ;
|   return 0;
| }
configure:16520: arm-cas-linux-gnueabi-g++ -c  -g -DNDEBUG  conftest.cpp >&5
configure:16520: $? = 0
configure:16587: result: <tr1/unordered_map>
configure:16602: checking for library containing sched_yield
configure:16633: arm-cas-linux-gnueabi-g++ -o conftest  -g -DNDEBUG   conftest.cpp -lz  >&5
configure:16633: $? = 0
configure:16650: result: none required
configure:16828: creating ./config.status

## ---------------------- ##
## Running config.status. ##
## ---------------------- ##

This file was extended by Protocol Buffers config.status 2.6.1, which was
generated by GNU Autoconf 2.68.  Invocation command line was

  CONFIG_FILES    = 
  CONFIG_HEADERS  = 
  CONFIG_LINKS    = 
  CONFIG_COMMANDS = 
  $ ./config.status 

on zuv4200u

config.status:1202: creating Makefile
config.status:1202: creating src/Makefile
config.status:1202: creating protobuf.pc
config.status:1202: creating protobuf-lite.pc
config.status:1202: creating config.h
config.status:1431: executing depfiles commands
config.status:1431: executing libtool commands
configure:19407: === configuring in gtest (/home/uidj7648/Workspace/toyota-1.19.3/package/opensource/protobuf/gtest)
configure:19470: running /bin/sh ./configure --disable-option-checking '--prefix=/usr'  '--with-protoc=/home/uidj7648/Workspace/toyota-1.19.3/release/fs/host/usr/bin/protoc' '--build=x86_64-pc-linux-gnu' '--host=arm-cas-linux-gnueabi' 'build_alias=x86_64-pc-linux-gnu' 'host_alias=arm-cas-linux-gnueabi' --cache-file=/dev/null --srcdir=.

## ---------------- ##
## Cache variables. ##
## ---------------- ##

ac_cv_build=x86_64-pc-linux-gnu
ac_cv_c_compiler_gnu=yes
ac_cv_cxx_compiler_gnu=yes
ac_cv_cxx_hash_map='<tr1/unordered_map>'
ac_cv_cxx_hash_map_class=unordered_map
ac_cv_cxx_hash_namespace=std::tr1
ac_cv_cxx_hash_set='<tr1/unordered_set>'
ac_cv_cxx_hash_set_class=unordered_set
ac_cv_env_CCC_set=
ac_cv_env_CCC_value=
ac_cv_env_CC_set=
ac_cv_env_CC_value=
ac_cv_env_CFLAGS_set=
ac_cv_env_CFLAGS_value=
ac_cv_env_CPPFLAGS_set=
ac_cv_env_CPPFLAGS_value=
ac_cv_env_CXXCPP_set=
ac_cv_env_CXXCPP_value=
ac_cv_env_CXXFLAGS_set=
ac_cv_env_CXXFLAGS_value=
ac_cv_env_CXX_set=
ac_cv_env_CXX_value=
ac_cv_env_LDFLAGS_set=
ac_cv_env_LDFLAGS_value=
ac_cv_env_LIBS_set=
ac_cv_env_LIBS_value=
ac_cv_env_build_alias_set=set
ac_cv_env_build_alias_value=x86_64-pc-linux-gnu
ac_cv_env_host_alias_set=set
ac_cv_env_host_alias_value=arm-cas-linux-gnueabi
ac_cv_env_target_alias_set=
ac_cv_env_target_alias_value=
ac_cv_func_ftruncate=yes
ac_cv_func_memcmp_working=no
ac_cv_func_memset=yes
ac_cv_func_mkdir=yes
ac_cv_func_pow=yes
ac_cv_func_strchr=yes
ac_cv_func_strerror=yes
ac_cv_func_strtod=no
ac_cv_func_strtol=yes
ac_cv_have_decl___SUNPRO_CC=no
ac_cv_header_dlfcn_h=yes
ac_cv_header_fcntl_h=yes
ac_cv_header_inttypes_h=yes
ac_cv_header_limits_h=yes
ac_cv_header_memory_h=yes
ac_cv_header_minix_config_h=no
ac_cv_header_stdc=yes
ac_cv_header_stdint_h=yes
ac_cv_header_stdlib_h=yes
ac_cv_header_string_h=yes
ac_cv_header_strings_h=yes
ac_cv_header_sys_stat_h=yes
ac_cv_header_sys_types_h=yes
ac_cv_header_unistd_h=yes
ac_cv_host=arm-cas-linux-gnueabi
ac_cv_objext=o
ac_cv_path_EGREP='/bin/grep -E'
ac_cv_path_FGREP='/bin/grep -F'
ac_cv_path_GREP=/bin/grep
ac_cv_path_SED=/bin/sed
ac_cv_path_install='/usr/bin/install -c'
ac_cv_path_mkdir=/bin/mkdir
ac_cv_prog_AR=arm-cas-linux-gnueabi-ar
ac_cv_prog_AWK=gawk
ac_cv_prog_CC=arm-cas-linux-gnueabi-gcc
ac_cv_prog_CXX=arm-cas-linux-gnueabi-g++
ac_cv_prog_CXXCPP='arm-cas-linux-gnueabi-g++ -E'
ac_cv_prog_OBJDUMP=arm-cas-linux-gnueabi-objdump
ac_cv_prog_RANLIB=arm-cas-linux-gnueabi-ranlib
ac_cv_prog_STRIP=arm-cas-linux-gnueabi-strip
ac_cv_prog_ac_ct_MANIFEST_TOOL=mt
ac_cv_prog_cc_c89=
ac_cv_prog_cc_g=yes
ac_cv_prog_cxx_g=yes
ac_cv_prog_make_make_set=yes
ac_cv_safe_to_define___extensions__=yes
ac_cv_search_sched_yield='none required'
ac_cv_search_zlibVersion=-lz
ac_cv_target=arm-cas-linux-gnueabi
am_cv_CC_dependencies_compiler_type=gcc3
am_cv_CXX_dependencies_compiler_type=gcc3
lt_cv_ar_at_file=@
lt_cv_archive_cmds_need_lc=no
lt_cv_deplibs_check_method=pass_all
lt_cv_file_magic_cmd='$MAGIC_CMD'
lt_cv_file_magic_test_file=
lt_cv_ld_reload_flag=-r
lt_cv_nm_interface='BSD nm'
lt_cv_objdir=.libs
lt_cv_path_LD=/home/uidj7648/Workspace/toyota-1.19.3/release/fs/devel/usr/arm-cas-linux-gnueabi/bin/ld
lt_cv_path_LDCXX=/home/uidj7648/Workspace/toyota-1.19.3/release/fs/devel/usr/arm-cas-linux-gnueabi/bin/ld
lt_cv_path_NM='/home/uidj7648/Workspace/toyota-1.19.3/release/fs/devel/usr/bin/arm-cas-linux-gnueabi-nm -B'
lt_cv_path_mainfest_tool=no
lt_cv_prog_compiler_c_o=yes
lt_cv_prog_compiler_c_o_CXX=yes
lt_cv_prog_compiler_pic='-fPIC -DPIC'
lt_cv_prog_compiler_pic_CXX='-fPIC -DPIC'
lt_cv_prog_compiler_pic_works=yes
lt_cv_prog_compiler_pic_works_CXX=yes
lt_cv_prog_compiler_rtti_exceptions=no
lt_cv_prog_compiler_static_works=yes
lt_cv_prog_compiler_static_works_CXX=no
lt_cv_prog_gnu_ld=yes
lt_cv_prog_gnu_ldcxx=yes
lt_cv_sharedlib_from_linklib_cmd='printf %s\n'
lt_cv_shlibpath_overrides_runpath=no
lt_cv_sys_global_symbol_pipe='sed -n -e '\''s/^.*[	 ]\([ABCDGIRSTW][ABCDGIRSTW]*\)[	 ][	 ]*\([_A-Za-z][_A-Za-z0-9]*\)$/\1 \2 \2/p'\'' | sed '\''/ __gnu_lto/d'\'''
lt_cv_sys_global_symbol_to_c_name_address='sed -n -e '\''s/^: \([^ ]*\)[ ]*$/  {\"\1\", (void *) 0},/p'\'' -e '\''s/^[ABCDGIRSTW]* \([^ ]*\) \([^ ]*\)$/  {"\2", (void *) \&\2},/p'\'''
lt_cv_sys_global_symbol_to_c_name_address_lib_prefix='sed -n -e '\''s/^: \([^ ]*\)[ ]*$/  {\"\1\", (void *) 0},/p'\'' -e '\''s/^[ABCDGIRSTW]* \([^ ]*\) \(lib[^ ]*\)$/  {"\2", (void *) \&\2},/p'\'' -e '\''s/^[ABCDGIRSTW]* \([^ ]*\) \([^ ]*\)$/  {"lib\2", (void *) \&\2},/p'\'''
lt_cv_sys_global_symbol_to_cdecl='sed -n -e '\''s/^T .* \(.*\)$/extern int \1();/p'\'' -e '\''s/^[ABCDGIRSTW]* .* \(.*\)$/extern char \1;/p'\'''
lt_cv_sys_max_cmd_len=3458764513820540925
lt_cv_to_host_file_cmd=func_convert_file_noop
lt_cv_to_tool_file_cmd=func_convert_file_noop

## ----------------- ##
## Output variables. ##
## ----------------- ##

ACLOCAL='${SHELL} /home/uidj7648/Workspace/toyota-1.19.3/package/opensource/protobuf/missing --run aclocal-1.11'
AMDEPBACKSLASH='\'
AMDEP_FALSE='#'
AMDEP_TRUE=''
AMTAR='$${TAR-tar}'
AR='arm-cas-linux-gnueabi-ar'
AUTOCONF='${SHELL} /home/uidj7648/Workspace/toyota-1.19.3/package/opensource/protobuf/missing --run autoconf'
AUTOHEADER='${SHELL} /home/uidj7648/Workspace/toyota-1.19.3/package/opensource/protobuf/missing --run autoheader'
AUTOMAKE='${SHELL} /home/uidj7648/Workspace/toyota-1.19.3/package/opensource/protobuf/missing --run automake-1.11'
AWK='gawk'
CC='arm-cas-linux-gnueabi-gcc'
CCDEPMODE='depmode=gcc3'
CFLAGS=''
CPPFLAGS=''
CXX='arm-cas-linux-gnueabi-g++'
CXXCPP='arm-cas-linux-gnueabi-g++ -E'
CXXDEPMODE='depmode=gcc3'
CXXFLAGS=' -g -DNDEBUG'
CYGPATH_W='echo'
DEFS='-DHAVE_CONFIG_H'
DEPDIR='.deps'
DLLTOOL='false'
DSYMUTIL=''
DUMPBIN=''
ECHO_C=''
ECHO_N='-n'
ECHO_T=''
EGREP='/bin/grep -E'
EXEEXT=''
FGREP='/bin/grep -F'
GCC_FALSE='#'
GCC_TRUE=''
GREP='/bin/grep'
HAVE_ZLIB_FALSE='#'
HAVE_ZLIB_TRUE=''
INSTALL_DATA='${INSTALL} -m 644'
INSTALL_PROGRAM='${INSTALL}'
INSTALL_SCRIPT='${INSTALL}'
INSTALL_STRIP_PROGRAM='$(install_sh) -c -s'
ISAINFO=''
LD='/home/uidj7648/Workspace/toyota-1.19.3/release/fs/devel/usr/arm-cas-linux-gnueabi/bin/ld'
LDFLAGS=''
LIBOBJS=' ${LIBOBJDIR}memcmp$U.o ${LIBOBJDIR}strtod$U.o'
LIBS='-lz '
LIBTOOL='$(SHELL) $(top_builddir)/libtool'
LIPO=''
LN_S='ln -s'
LTLIBOBJS=' ${LIBOBJDIR}memcmp$U.lo ${LIBOBJDIR}strtod$U.lo'
MAINT=''
MAINTAINER_MODE_FALSE='#'
MAINTAINER_MODE_TRUE=''
MAKEINFO='${SHELL} /home/uidj7648/Workspace/toyota-1.19.3/package/opensource/protobuf/missing --run makeinfo'
MANIFEST_TOOL=':'
MKDIR_P='/bin/mkdir -p'
NM='/home/uidj7648/Workspace/toyota-1.19.3/release/fs/devel/usr/bin/arm-cas-linux-gnueabi-nm -B'
NMEDIT=''
OBJDUMP='arm-cas-linux-gnueabi-objdump'
OBJEXT='o'
OTOOL64=''
OTOOL=''
PACKAGE='protobuf'
PACKAGE_BUGREPORT='protobuf@googlegroups.com'
PACKAGE_NAME='Protocol Buffers'
PACKAGE_STRING='Protocol Buffers 2.6.1'
PACKAGE_TARNAME='protobuf'
PACKAGE_URL=''
PACKAGE_VERSION='2.6.1'
PATH_SEPARATOR=':'
POW_LIB=''
PROTOBUF_OPT_FLAG='-O2'
PROTOC='/home/uidj7648/Workspace/toyota-1.19.3/release/fs/host/usr/bin/protoc'
PTHREAD_CC='arm-cas-linux-gnueabi-gcc'
PTHREAD_CFLAGS='-pthread'
PTHREAD_LIBS=' -lpthread'
RANLIB='arm-cas-linux-gnueabi-ranlib'
SED='/bin/sed'
SET_MAKE=''
SHELL='/bin/sh'
STRIP='arm-cas-linux-gnueabi-strip'
USE_EXTERNAL_PROTOC_FALSE='#'
USE_EXTERNAL_PROTOC_TRUE=''
VERSION='2.6.1'
ac_ct_AR=''
ac_ct_CC=''
ac_ct_CXX=''
ac_ct_DUMPBIN=''
acx_pthread_config=''
am__EXEEXT_FALSE=''
am__EXEEXT_TRUE='#'
am__fastdepCC_FALSE='#'
am__fastdepCC_TRUE=''
am__fastdepCXX_FALSE='#'
am__fastdepCXX_TRUE=''
am__include='include'
am__isrc=''
am__leading_dot='.'
am__nodep='_no'
am__quote=''
am__tar='$${TAR-tar} chof - "$$tardir"'
am__untar='$${TAR-tar} xf -'
bindir='${exec_prefix}/bin'
build='x86_64-pc-linux-gnu'
build_alias='x86_64-pc-linux-gnu'
build_cpu='x86_64'
build_os='linux-gnu'
build_vendor='pc'
datadir='${datarootdir}'
datarootdir='${prefix}/share'
docdir='${datarootdir}/doc/${PACKAGE_TARNAME}'
dvidir='${docdir}'
exec_prefix='${prefix}'
host='arm-cas-linux-gnueabi'
host_alias='arm-cas-linux-gnueabi'
host_cpu='arm'
host_os='linux-gnueabi'
host_vendor='cas'
htmldir='${docdir}'
includedir='${prefix}/include'
infodir='${datarootdir}/info'
install_sh='${SHELL} /home/uidj7648/Workspace/toyota-1.19.3/package/opensource/protobuf/install-sh'
libdir='${exec_prefix}/lib'
libexecdir='${exec_prefix}/libexec'
localedir='${datarootdir}/locale'
localstatedir='${prefix}/var'
mandir='${datarootdir}/man'
mkdir_p='/bin/mkdir -p'
oldincludedir='/usr/include'
pdfdir='${docdir}'
prefix='/usr'
program_transform_name='s,x,x,'
psdir='${docdir}'
sbindir='${exec_prefix}/sbin'
sharedstatedir='${prefix}/com'
subdirs=' gtest'
sysconfdir='${prefix}/etc'
target='arm-cas-linux-gnueabi'
target_alias=''
target_cpu='arm'
target_os='linux-gnueabi'
target_vendor='cas'

## ----------- ##
## confdefs.h. ##
## ----------- ##

/* confdefs.h */
#define PACKAGE_NAME "Protocol Buffers"
#define PACKAGE_TARNAME "protobuf"
#define PACKAGE_VERSION "2.6.1"
#define PACKAGE_STRING "Protocol Buffers 2.6.1"
#define PACKAGE_BUGREPORT "protobuf@googlegroups.com"
#define PACKAGE_URL ""
#define PACKAGE "protobuf"
#define VERSION "2.6.1"
#define STDC_HEADERS 1
#define HAVE_SYS_TYPES_H 1
#define HAVE_SYS_STAT_H 1
#define HAVE_STDLIB_H 1
#define HAVE_STRING_H 1
#define HAVE_MEMORY_H 1
#define HAVE_STRINGS_H 1
#define HAVE_INTTYPES_H 1
#define HAVE_STDINT_H 1
#define HAVE_UNISTD_H 1
#define __EXTENSIONS__ 1
#define _ALL_SOURCE 1
#define _GNU_SOURCE 1
#define _POSIX_PTHREAD_SEMANTICS 1
#define _TANDEM_SOURCE 1
#define HAVE_DLFCN_H 1
#define LT_OBJDIR ".libs/"
#define STDC_HEADERS 1
#define HAVE_FCNTL_H 1
#define HAVE_INTTYPES_H 1
#define HAVE_LIMITS_H 1
#define HAVE_STDLIB_H 1
#define HAVE_UNISTD_H 1
#define HAVE_FTRUNCATE 1
#define HAVE_MEMSET 1
#define HAVE_MKDIR 1
#define HAVE_STRCHR 1
#define HAVE_STRERROR 1
#define HAVE_STRTOL 1
#define HAVE_ZLIB 1
#define HAVE_PTHREAD 1
#define HAVE_HASH_MAP 1
#define HAVE_HASH_SET 1
#define HASH_MAP_H <tr1/unordered_map>
#define HASH_SET_H <tr1/unordered_set>
#define HASH_NAMESPACE std::tr1
#define HASH_MAP_CLASS unordered_map
#define HASH_SET_CLASS unordered_set

configure: exit 0
