This file contains any messages produced by compilers while
running configure, to aid debugging if configure makes a mistake.

It was created by sqlite configure 3.8.1, which was
generated by GNU Autoconf 2.68.  Invocation command line was

  $ ./configure --prefix=/usr --build=x86_64-pc-linux-gnu --host=arm-cas-linux-gnueabi --disable-static --enable-threadsafe

## --------- ##
## Platform. ##
## --------- ##

hostname = zuv4200u
uname -m = x86_64
uname -r = 3.13.0-92-generic
uname -s = Linux
uname -v = #139~precise1-Ubuntu SMP Wed Jun 29 21:30:37 UTC 2016

/usr/bin/uname -p = unknown
/bin/uname -X     = unknown

/bin/arch              = unknown
/usr/bin/arch -k       = unknown
/usr/convex/getsysinfo = unknown
/usr/bin/hostinfo      = unknown
/bin/machine           = unknown
/usr/bin/oslevel       = unknown
/bin/universe          = unknown

PATH: /home/uidj7648/Workspace/toyota-1.19.3/release/fs/host/usr/bin
PATH: /home/uidj7648/Workspace/toyota-1.19.3/release/fs/host/bin
PATH: /home/uidj7648/Workspace/toyota-1.19.3/release/fs/devel/usr/bin
PATH: /home/uidj7648/bin
PATH: /usr/lib/lightdm/lightdm
PATH: /usr/local/sbin
PATH: /usr/local/bin
PATH: /usr/sbin
PATH: /usr/bin
PATH: /sbin
PATH: /bin
PATH: /usr/games
PATH: /home/uidj7648/bin
PATH: /home/uidj7648/bin


## ----------- ##
## Core tests. ##
## ----------- ##

configure:2194: checking for a BSD-compatible install
configure:2262: result: /usr/bin/install -c
configure:2273: checking whether build environment is sane
configure:2323: result: yes
configure:2372: checking for arm-cas-linux-gnueabi-strip
configure:2388: found /home/uidj7648/Workspace/toyota-1.19.3/release/fs/devel/usr/bin/arm-cas-linux-gnueabi-strip
configure:2399: result: arm-cas-linux-gnueabi-strip
configure:2464: checking for a thread-safe mkdir -p
configure:2503: result: /bin/mkdir -p
configure:2516: checking for gawk
configure:2532: found /usr/bin/gawk
configure:2543: result: gawk
configure:2554: checking whether make sets $(MAKE)
configure:2576: result: yes
configure:2669: checking for style of include used by make
configure:2697: result: GNU
configure:2728: checking for arm-cas-linux-gnueabi-gcc
configure:2744: found /home/uidj7648/Workspace/toyota-1.19.3/release/fs/devel/usr/bin/arm-cas-linux-gnueabi-gcc
configure:2755: result: arm-cas-linux-gnueabi-gcc
configure:3024: checking for C compiler version
configure:3033: arm-cas-linux-gnueabi-gcc --version >&5
arm-cas-linux-gnueabi-gcc (GCC) 4.6.2
Copyright (C) 2011 Free Software Foundation, Inc.
This is free software; see the source for copying conditions.  There is NO
warranty; not even for MERCHANTABILITY or FITNESS FOR A PARTICULAR PURPOSE.

configure:3044: $? = 0
configure:3033: arm-cas-linux-gnueabi-gcc -v >&5
Using built-in specs.
COLLECT_GCC=arm-cas-linux-gnueabi-gcc
COLLECT_LTO_WRAPPER=/home/uidj7648/Workspace/toyota-1.19.3/release/fs/devel/usr/bin/../libexec/gcc/arm-cas-linux-gnueabi/4.6.2/lto-wrapper
Target: arm-cas-linux-gnueabi
Configured with: ../configure --with-cpu=cortex-a5 --with-tune=cortex-a5 --with-float=hard --with-fpu=vfpv4 --with-interwork --build=x86_64-pc-linux-gnu --host=x86_64-pc-linux-gnu --target=arm-cas-linux-gnueabi --prefix=/ --exec-prefix=/usr --includedir=/usr/include --datarootdir=/usr/share --with-slibdir=/lib --with-local-prefix=/usr --enable-symvers=gnu --enable-long-long --enable-c99 --disable-nls --disable-libmudflap --disable-multilib --disable-libgomp --disable-libstdcxx-pch --disable-libquadmath --disable-target-libiberty --without-ppl --without-cloog --enable-threads=posix --enable-shared --enable-shared-libgcc --disable-static --disable-bootstrap --enable-languages=c,c++ --with-build-sysroot=/home/uidj7648/Workspace/toyota-1.19.3/release/fs/devel --with-sysroot=/ --enable-__cxa_atexit=yes
Thread model: posix
gcc version 4.6.2 (GCC) 
configure:3044: $? = 0
configure:3033: arm-cas-linux-gnueabi-gcc -V >&5
arm-cas-linux-gnueabi-gcc: error: unrecognized option '-V'
arm-cas-linux-gnueabi-gcc: fatal error: no input files
compilation terminated.
configure:3044: $? = 1
configure:3033: arm-cas-linux-gnueabi-gcc -qversion >&5
arm-cas-linux-gnueabi-gcc: error: unrecognized option '-qversion'
arm-cas-linux-gnueabi-gcc: fatal error: no input files
compilation terminated.
configure:3044: $? = 1
configure:3064: checking whether the C compiler works
configure:3086: arm-cas-linux-gnueabi-gcc    conftest.c  >&5
configure:3090: $? = 0
configure:3138: result: yes
configure:3141: checking for C compiler default output file name
configure:3143: result: a.out
configure:3149: checking for suffix of executables
configure:3156: arm-cas-linux-gnueabi-gcc -o conftest    conftest.c  >&5
configure:3160: $? = 0
configure:3182: result: 
configure:3204: checking whether we are cross compiling
configure:3242: result: yes
configure:3247: checking for suffix of object files
configure:3269: arm-cas-linux-gnueabi-gcc -c   conftest.c >&5
configure:3273: $? = 0
configure:3294: result: o
configure:3298: checking whether we are using the GNU C compiler
configure:3317: arm-cas-linux-gnueabi-gcc -c   conftest.c >&5
configure:3317: $? = 0
configure:3326: result: yes
configure:3335: checking whether arm-cas-linux-gnueabi-gcc accepts -g
configure:3355: arm-cas-linux-gnueabi-gcc -c -g  conftest.c >&5
configure:3355: $? = 0
configure:3396: result: yes
configure:3413: checking for arm-cas-linux-gnueabi-gcc option to accept ISO C89
configure:3477: arm-cas-linux-gnueabi-gcc  -c -g -O2  conftest.c >&5
configure:3477: $? = 0
configure:3490: result: none needed
configure:3512: checking dependency style of arm-cas-linux-gnueabi-gcc
configure:3623: result: gcc3
configure:3646: checking for special C compiler options needed for large files
configure:3691: result: no
configure:3697: checking for _FILE_OFFSET_BITS value needed for large files
configure:3722: arm-cas-linux-gnueabi-gcc -c -g -O2  conftest.c >&5
conftest.c:17:3: warning: left shift count >= width of type [enabled by default]
conftest.c:17:3: warning: left shift count >= width of type [enabled by default]
conftest.c:18:10: warning: left shift count >= width of type [enabled by default]
conftest.c:18:10: warning: left shift count >= width of type [enabled by default]
conftest.c:17:7: error: size of array 'off_t_is_large' is negative
conftest.c:19:9: warning: variably modified 'off_t_is_large' at file scope [enabled by default]
configure:3722: $? = 1
configure: failed program was:
| /* confdefs.h */
| #define PACKAGE_NAME "sqlite"
| #define PACKAGE_TARNAME "sqlite"
| #define PACKAGE_VERSION "3.8.1"
| #define PACKAGE_STRING "sqlite 3.8.1"
| #define PACKAGE_BUGREPORT "http://www.sqlite.org"
| #define PACKAGE_URL ""
| #define PACKAGE "sqlite"
| #define VERSION "3.8.1"
| /* end confdefs.h.  */
| #include <sys/types.h>
|  /* Check that off_t can represent 2**63 - 1 correctly.
|     We can't simply define LARGE_OFF_T to be 9223372036854775807,
|     since some C++ compilers masquerading as C compilers
|     incorrectly reject 9223372036854775807.  */
| #define LARGE_OFF_T (((off_t) 1 << 62) - 1 + ((off_t) 1 << 62))
|   int off_t_is_large[(LARGE_OFF_T % 2147483629 == 721
| 		       && LARGE_OFF_T % 2147483647 == 1)
| 		      ? 1 : -1];
| int
| main ()
| {
| 
|   ;
|   return 0;
| }
configure:3746: arm-cas-linux-gnueabi-gcc -c -g -O2  conftest.c >&5
configure:3746: $? = 0
configure:3754: result: 64
configure:3847: checking for arm-cas-linux-gnueabi-gcc
configure:3874: result: arm-cas-linux-gnueabi-gcc
configure:4143: checking for C compiler version
configure:4152: arm-cas-linux-gnueabi-gcc --version >&5
arm-cas-linux-gnueabi-gcc (GCC) 4.6.2
Copyright (C) 2011 Free Software Foundation, Inc.
This is free software; see the source for copying conditions.  There is NO
warranty; not even for MERCHANTABILITY or FITNESS FOR A PARTICULAR PURPOSE.

configure:4163: $? = 0
configure:4152: arm-cas-linux-gnueabi-gcc -v >&5
Using built-in specs.
COLLECT_GCC=arm-cas-linux-gnueabi-gcc
COLLECT_LTO_WRAPPER=/home/uidj7648/Workspace/toyota-1.19.3/release/fs/devel/usr/bin/../libexec/gcc/arm-cas-linux-gnueabi/4.6.2/lto-wrapper
Target: arm-cas-linux-gnueabi
Configured with: ../configure --with-cpu=cortex-a5 --with-tune=cortex-a5 --with-float=hard --with-fpu=vfpv4 --with-interwork --build=x86_64-pc-linux-gnu --host=x86_64-pc-linux-gnu --target=arm-cas-linux-gnueabi --prefix=/ --exec-prefix=/usr --includedir=/usr/include --datarootdir=/usr/share --with-slibdir=/lib --with-local-prefix=/usr --enable-symvers=gnu --enable-long-long --enable-c99 --disable-nls --disable-libmudflap --disable-multilib --disable-libgomp --disable-libstdcxx-pch --disable-libquadmath --disable-target-libiberty --without-ppl --without-cloog --enable-threads=posix --enable-shared --enable-shared-libgcc --disable-static --disable-bootstrap --enable-languages=c,c++ --with-build-sysroot=/home/uidj7648/Workspace/toyota-1.19.3/release/fs/devel --with-sysroot=/ --enable-__cxa_atexit=yes
Thread model: posix
gcc version 4.6.2 (GCC) 
configure:4163: $? = 0
configure:4152: arm-cas-linux-gnueabi-gcc -V >&5
arm-cas-linux-gnueabi-gcc: error: unrecognized option '-V'
arm-cas-linux-gnueabi-gcc: fatal error: no input files
compilation terminated.
configure:4163: $? = 1
configure:4152: arm-cas-linux-gnueabi-gcc -qversion >&5
arm-cas-linux-gnueabi-gcc: error: unrecognized option '-qversion'
arm-cas-linux-gnueabi-gcc: fatal error: no input files
compilation terminated.
configure:4163: $? = 1
configure:4167: checking whether we are using the GNU C compiler
configure:4195: result: yes
configure:4204: checking whether arm-cas-linux-gnueabi-gcc accepts -g
configure:4265: result: yes
configure:4282: checking for arm-cas-linux-gnueabi-gcc option to accept ISO C89
configure:4359: result: none needed
configure:4381: checking dependency style of arm-cas-linux-gnueabi-gcc
configure:4492: result: gcc3
configure:4510: checking for arm-cas-linux-gnueabi-ranlib
configure:4526: found /home/uidj7648/Workspace/toyota-1.19.3/release/fs/devel/usr/bin/arm-cas-linux-gnueabi-ranlib
configure:4537: result: arm-cas-linux-gnueabi-ranlib
configure:4628: checking build system type
configure:4642: result: x86_64-pc-linux-gnu
configure:4662: checking host system type
configure:4675: result: arm-cas-linux-gnueabi
configure:4716: checking how to print strings
configure:4743: result: printf
configure:4764: checking for a sed that does not truncate output
configure:4828: result: /bin/sed
configure:4846: checking for grep that handles long lines and -e
configure:4904: result: /bin/grep
configure:4909: checking for egrep
configure:4971: result: /bin/grep -E
configure:4976: checking for fgrep
configure:5038: result: /bin/grep -F
configure:5073: checking for ld used by arm-cas-linux-gnueabi-gcc
configure:5140: result: /home/uidj7648/Workspace/toyota-1.19.3/release/fs/devel/usr/arm-cas-linux-gnueabi/bin/ld
configure:5147: checking if the linker (/home/uidj7648/Workspace/toyota-1.19.3/release/fs/devel/usr/arm-cas-linux-gnueabi/bin/ld) is GNU ld
configure:5162: result: yes
configure:5174: checking for BSD- or MS-compatible name lister (nm)
configure:5223: result: /home/uidj7648/Workspace/toyota-1.19.3/release/fs/devel/usr/bin/arm-cas-linux-gnueabi-nm -B
configure:5353: checking the name lister (/home/uidj7648/Workspace/toyota-1.19.3/release/fs/devel/usr/bin/arm-cas-linux-gnueabi-nm -B) interface
configure:5360: arm-cas-linux-gnueabi-gcc -c -g -O2  conftest.c >&5
configure:5363: /home/uidj7648/Workspace/toyota-1.19.3/release/fs/devel/usr/bin/arm-cas-linux-gnueabi-nm -B "conftest.o"
configure:5366: output
00000000 B some_variable
configure:5373: result: BSD nm
configure:5376: checking whether ln -s works
configure:5380: result: yes
configure:5388: checking the maximum length of command line arguments
configure:5513: result: 3458764513820540925
configure:5530: checking whether the shell understands some XSI constructs
configure:5540: result: yes
configure:5544: checking whether the shell understands "+="
configure:5550: result: yes
configure:5585: checking how to convert x86_64-pc-linux-gnu file names to arm-cas-linux-gnueabi format
configure:5625: result: func_convert_file_noop
configure:5632: checking how to convert x86_64-pc-linux-gnu file names to toolchain format
configure:5652: result: func_convert_file_noop
configure:5659: checking for /home/uidj7648/Workspace/toyota-1.19.3/release/fs/devel/usr/arm-cas-linux-gnueabi/bin/ld option to reload object files
configure:5666: result: -r
configure:5700: checking for arm-cas-linux-gnueabi-objdump
configure:5716: found /home/uidj7648/Workspace/toyota-1.19.3/release/fs/devel/usr/bin/arm-cas-linux-gnueabi-objdump
configure:5727: result: arm-cas-linux-gnueabi-objdump
configure:5799: checking how to recognize dependent libraries
configure:6001: result: pass_all
configure:6046: checking for arm-cas-linux-gnueabi-dlltool
configure:6076: result: no
configure:6086: checking for dlltool
configure:6116: result: no
configure:6146: checking how to associate runtime and link libraries
configure:6173: result: printf %s\n
configure:6189: checking for arm-cas-linux-gnueabi-ar
configure:6205: found /home/uidj7648/Workspace/toyota-1.19.3/release/fs/devel/usr/bin/arm-cas-linux-gnueabi-ar
configure:6216: result: arm-cas-linux-gnueabi-ar
configure:6297: checking for archiver @FILE support
configure:6314: arm-cas-linux-gnueabi-gcc -c -g -O2  conftest.c >&5
configure:6314: $? = 0
configure:6317: arm-cas-linux-gnueabi-ar cru libconftest.a @conftest.lst >&5
configure:6320: $? = 0
configure:6325: arm-cas-linux-gnueabi-ar cru libconftest.a @conftest.lst >&5
arm-cas-linux-gnueabi-ar: conftest.o: No such file or directory
configure:6328: $? = 1
configure:6340: result: @
configure:6358: checking for arm-cas-linux-gnueabi-strip
configure:6385: result: arm-cas-linux-gnueabi-strip
configure:6457: checking for arm-cas-linux-gnueabi-ranlib
configure:6484: result: arm-cas-linux-gnueabi-ranlib
configure:6626: checking command to parse /home/uidj7648/Workspace/toyota-1.19.3/release/fs/devel/usr/bin/arm-cas-linux-gnueabi-nm -B output from arm-cas-linux-gnueabi-gcc object
configure:6745: arm-cas-linux-gnueabi-gcc -c -g -O2  conftest.c >&5
configure:6748: $? = 0
configure:6752: /home/uidj7648/Workspace/toyota-1.19.3/release/fs/devel/usr/bin/arm-cas-linux-gnueabi-nm -B conftest.o \| sed -n -e 's/^.*[ ]\([ABCDGIRSTW][ABCDGIRSTW]*\)[ ][ ]*\([_A-Za-z][_A-Za-z0-9]*\)$/\1 \2 \2/p' | sed '/ __gnu_lto/d' \> conftest.nm
configure:6755: $? = 0
configure:6821: arm-cas-linux-gnueabi-gcc -o conftest -g -O2   conftest.c conftstm.o >&5
configure:6824: $? = 0
configure:6862: result: ok
configure:6899: checking for sysroot
configure:6929: result: no
configure:7132: checking for arm-cas-linux-gnueabi-mt
configure:7162: result: no
configure:7172: checking for mt
configure:7188: found /bin/mt
configure:7199: result: mt
configure:7211: WARNING: using cross tools not prefixed with host triplet
configure:7222: checking if mt is a manifest tool
configure:7228: mt '-?'
configure:7236: result: no
configure:7868: checking how to run the C preprocessor
configure:7899: arm-cas-linux-gnueabi-gcc -E  conftest.c
configure:7899: $? = 0
configure:7913: arm-cas-linux-gnueabi-gcc -E  conftest.c
conftest.c:12:28: fatal error: ac_nonexistent.h: No such file or directory
compilation terminated.
configure:7913: $? = 1
configure: failed program was:
| /* confdefs.h */
| #define PACKAGE_NAME "sqlite"
| #define PACKAGE_TARNAME "sqlite"
| #define PACKAGE_VERSION "3.8.1"
| #define PACKAGE_STRING "sqlite 3.8.1"
| #define PACKAGE_BUGREPORT "http://www.sqlite.org"
| #define PACKAGE_URL ""
| #define PACKAGE "sqlite"
| #define VERSION "3.8.1"
| #define _FILE_OFFSET_BITS 64
| /* end confdefs.h.  */
| #include <ac_nonexistent.h>
configure:7938: result: arm-cas-linux-gnueabi-gcc -E
configure:7958: arm-cas-linux-gnueabi-gcc -E  conftest.c
configure:7958: $? = 0
configure:7972: arm-cas-linux-gnueabi-gcc -E  conftest.c
conftest.c:12:28: fatal error: ac_nonexistent.h: No such file or directory
compilation terminated.
configure:7972: $? = 1
configure: failed program was:
| /* confdefs.h */
| #define PACKAGE_NAME "sqlite"
| #define PACKAGE_TARNAME "sqlite"
| #define PACKAGE_VERSION "3.8.1"
| #define PACKAGE_STRING "sqlite 3.8.1"
| #define PACKAGE_BUGREPORT "http://www.sqlite.org"
| #define PACKAGE_URL ""
| #define PACKAGE "sqlite"
| #define VERSION "3.8.1"
| #define _FILE_OFFSET_BITS 64
| /* end confdefs.h.  */
| #include <ac_nonexistent.h>
configure:8001: checking for ANSI C header files
configure:8021: arm-cas-linux-gnueabi-gcc -c -g -O2  conftest.c >&5
configure:8021: $? = 0
configure:8105: result: yes
configure:8118: checking for sys/types.h
configure:8118: arm-cas-linux-gnueabi-gcc -c -g -O2  conftest.c >&5
configure:8118: $? = 0
configure:8118: result: yes
configure:8118: checking for sys/stat.h
configure:8118: arm-cas-linux-gnueabi-gcc -c -g -O2  conftest.c >&5
configure:8118: $? = 0
configure:8118: result: yes
configure:8118: checking for stdlib.h
configure:8118: arm-cas-linux-gnueabi-gcc -c -g -O2  conftest.c >&5
configure:8118: $? = 0
configure:8118: result: yes
configure:8118: checking for string.h
configure:8118: arm-cas-linux-gnueabi-gcc -c -g -O2  conftest.c >&5
configure:8118: $? = 0
configure:8118: result: yes
configure:8118: checking for memory.h
configure:8118: arm-cas-linux-gnueabi-gcc -c -g -O2  conftest.c >&5
configure:8118: $? = 0
configure:8118: result: yes
configure:8118: checking for strings.h
configure:8118: arm-cas-linux-gnueabi-gcc -c -g -O2  conftest.c >&5
configure:8118: $? = 0
configure:8118: result: yes
configure:8118: checking for inttypes.h
configure:8118: arm-cas-linux-gnueabi-gcc -c -g -O2  conftest.c >&5
configure:8118: $? = 0
configure:8118: result: yes
configure:8118: checking for stdint.h
configure:8118: arm-cas-linux-gnueabi-gcc -c -g -O2  conftest.c >&5
configure:8118: $? = 0
configure:8118: result: yes
configure:8118: checking for unistd.h
configure:8118: arm-cas-linux-gnueabi-gcc -c -g -O2  conftest.c >&5
configure:8118: $? = 0
configure:8118: result: yes
configure:8132: checking for dlfcn.h
configure:8132: arm-cas-linux-gnueabi-gcc -c -g -O2  conftest.c >&5
configure:8132: $? = 0
configure:8132: result: yes
configure:8319: checking for objdir
configure:8334: result: .libs
configure:8601: checking if arm-cas-linux-gnueabi-gcc supports -fno-rtti -fno-exceptions
configure:8619: arm-cas-linux-gnueabi-gcc -c -g -O2  -fno-rtti -fno-exceptions conftest.c >&5
cc1: warning: command line option '-fno-rtti' is valid for C++/ObjC++ but not for C [enabled by default]
configure:8623: $? = 0
configure:8636: result: no
configure:8946: checking for arm-cas-linux-gnueabi-gcc option to produce PIC
configure:8953: result: -fPIC -DPIC
configure:8961: checking if arm-cas-linux-gnueabi-gcc PIC flag -fPIC -DPIC works
configure:8979: arm-cas-linux-gnueabi-gcc -c -g -O2  -fPIC -DPIC -DPIC conftest.c >&5
configure:8983: $? = 0
configure:8996: result: yes
configure:9025: checking if arm-cas-linux-gnueabi-gcc static flag -static works
configure:9053: result: yes
configure:9068: checking if arm-cas-linux-gnueabi-gcc supports -c -o file.o
configure:9089: arm-cas-linux-gnueabi-gcc -c -g -O2  -o out/conftest2.o conftest.c >&5
configure:9093: $? = 0
configure:9115: result: yes
configure:9123: checking if arm-cas-linux-gnueabi-gcc supports -c -o file.o
configure:9170: result: yes
configure:9203: checking whether the arm-cas-linux-gnueabi-gcc linker (/home/uidj7648/Workspace/toyota-1.19.3/release/fs/devel/usr/arm-cas-linux-gnueabi/bin/ld) supports shared libraries
configure:10361: result: yes
configure:10398: checking whether -lc should be explicitly linked in
configure:10406: arm-cas-linux-gnueabi-gcc -c -g -O2  conftest.c >&5
configure:10409: $? = 0
configure:10424: arm-cas-linux-gnueabi-gcc -shared  -fPIC -DPIC conftest.o  -v -Wl,-soname -Wl,conftest -o conftest 2\>\&1 \| /bin/grep  -lc  \>/dev/null 2\>\&1
configure:10427: $? = 0
configure:10441: result: no
configure:10606: checking dynamic linker characteristics
configure:11120: arm-cas-linux-gnueabi-gcc -o conftest -g -O2   -Wl,-rpath -Wl,/foo conftest.c  >&5
configure:11120: $? = 0
configure:11342: result: GNU/Linux ld.so
configure:11449: checking how to hardcode library paths into programs
configure:11474: result: immediate
configure:12014: checking whether stripping libraries is possible
configure:12019: result: yes
configure:12054: checking if libtool supports shared libraries
configure:12056: result: yes
configure:12059: checking whether to build shared libraries
configure:12080: result: yes
configure:12083: checking whether to build static libraries
configure:12087: result: no
configure:12128: checking for fdatasync
configure:12128: arm-cas-linux-gnueabi-gcc -o conftest -g -O2   conftest.c  >&5
configure:12128: $? = 0
configure:12128: result: yes
configure:12128: checking for usleep
configure:12128: arm-cas-linux-gnueabi-gcc -o conftest -g -O2   conftest.c  >&5
configure:12128: $? = 0
configure:12128: result: yes
configure:12128: checking for fullfsync
configure:12128: arm-cas-linux-gnueabi-gcc -o conftest -g -O2   conftest.c  >&5
/tmp/ccSrDQkh.o: In function `main':
/home/uidj7648/Workspace/toyota-1.19.3/package/opensource/sqlite/conftest.c:60: undefined reference to `fullfsync'
collect2: ld returned 1 exit status
configure:12128: $? = 1
configure: failed program was:
| /* confdefs.h */
| #define PACKAGE_NAME "sqlite"
| #define PACKAGE_TARNAME "sqlite"
| #define PACKAGE_VERSION "3.8.1"
| #define PACKAGE_STRING "sqlite 3.8.1"
| #define PACKAGE_BUGREPORT "http://www.sqlite.org"
| #define PACKAGE_URL ""
| #define PACKAGE "sqlite"
| #define VERSION "3.8.1"
| #define _FILE_OFFSET_BITS 64
| #define STDC_HEADERS 1
| #define HAVE_SYS_TYPES_H 1
| #define HAVE_SYS_STAT_H 1
| #define HAVE_STDLIB_H 1
| #define HAVE_STRING_H 1
| #define HAVE_MEMORY_H 1
| #define HAVE_STRINGS_H 1
| #define HAVE_INTTYPES_H 1
| #define HAVE_STDINT_H 1
| #define HAVE_UNISTD_H 1
| #define HAVE_DLFCN_H 1
| #define LT_OBJDIR ".libs/"
| #define HAVE_FDATASYNC 1
| #define HAVE_USLEEP 1
| /* end confdefs.h.  */
| /* Define fullfsync to an innocuous variant, in case <limits.h> declares fullfsync.
|    For example, HP-UX 11i <limits.h> declares gettimeofday.  */
| #define fullfsync innocuous_fullfsync
| 
| /* System header to define __stub macros and hopefully few prototypes,
|     which can conflict with char fullfsync (); below.
|     Prefer <limits.h> to <assert.h> if __STDC__ is defined, since
|     <limits.h> exists even on freestanding compilers.  */
| 
| #ifdef __STDC__
| # include <limits.h>
| #else
| # include <assert.h>
| #endif
| 
| #undef fullfsync
| 
| /* Override any GCC internal prototype to avoid an error.
|    Use char because int might match the return type of a GCC
|    builtin and then its argument prototype would still apply.  */
| #ifdef __cplusplus
| extern "C"
| #endif
| char fullfsync ();
| /* The GNU C library defines this for functions which it implements
|     to always fail with ENOSYS.  Some functions are actually named
|     something starting with __ and the normal name is an alias.  */
| #if defined __stub_fullfsync || defined __stub___fullfsync
| choke me
| #endif
| 
| int
| main ()
| {
| return fullfsync ();
|   ;
|   return 0;
| }
configure:12128: result: no
configure:12128: checking for localtime_r
configure:12128: arm-cas-linux-gnueabi-gcc -o conftest -g -O2   conftest.c  >&5
configure:12128: $? = 0
configure:12128: result: yes
configure:12128: checking for gmtime_r
configure:12128: arm-cas-linux-gnueabi-gcc -o conftest -g -O2   conftest.c  >&5
configure:12128: $? = 0
configure:12128: result: yes
configure:12137: checking whether strerror_r is declared
configure:12137: arm-cas-linux-gnueabi-gcc -c -g -O2  conftest.c >&5
configure:12137: $? = 0
configure:12137: result: yes
configure:12150: checking for strerror_r
configure:12150: arm-cas-linux-gnueabi-gcc -o conftest -g -O2   conftest.c  >&5
configure:12150: $? = 0
configure:12150: result: yes
configure:12159: checking whether strerror_r returns char *
configure:12183: arm-cas-linux-gnueabi-gcc -c -g -O2  conftest.c >&5
conftest.c: In function 'main':
conftest.c:68:13: error: invalid type argument of unary '*' (have 'int')
conftest.c:69:14: warning: initialization makes pointer from integer without a cast [enabled by default]
configure:12183: $? = 1
configure: failed program was:
| /* confdefs.h */
| #define PACKAGE_NAME "sqlite"
| #define PACKAGE_TARNAME "sqlite"
| #define PACKAGE_VERSION "3.8.1"
| #define PACKAGE_STRING "sqlite 3.8.1"
| #define PACKAGE_BUGREPORT "http://www.sqlite.org"
| #define PACKAGE_URL ""
| #define PACKAGE "sqlite"
| #define VERSION "3.8.1"
| #define _FILE_OFFSET_BITS 64
| #define STDC_HEADERS 1
| #define HAVE_SYS_TYPES_H 1
| #define HAVE_SYS_STAT_H 1
| #define HAVE_STDLIB_H 1
| #define HAVE_STRING_H 1
| #define HAVE_MEMORY_H 1
| #define HAVE_STRINGS_H 1
| #define HAVE_INTTYPES_H 1
| #define HAVE_STDINT_H 1
| #define HAVE_UNISTD_H 1
| #define HAVE_DLFCN_H 1
| #define LT_OBJDIR ".libs/"
| #define HAVE_FDATASYNC 1
| #define HAVE_USLEEP 1
| #define HAVE_LOCALTIME_R 1
| #define HAVE_GMTIME_R 1
| #define HAVE_DECL_STRERROR_R 1
| #define HAVE_STRERROR_R 1
| /* end confdefs.h.  */
| #include <stdio.h>
| #ifdef HAVE_SYS_TYPES_H
| # include <sys/types.h>
| #endif
| #ifdef HAVE_SYS_STAT_H
| # include <sys/stat.h>
| #endif
| #ifdef STDC_HEADERS
| # include <stdlib.h>
| # include <stddef.h>
| #else
| # ifdef HAVE_STDLIB_H
| #  include <stdlib.h>
| # endif
| #endif
| #ifdef HAVE_STRING_H
| # if !defined STDC_HEADERS && defined HAVE_MEMORY_H
| #  include <memory.h>
| # endif
| # include <string.h>
| #endif
| #ifdef HAVE_STRINGS_H
| # include <strings.h>
| #endif
| #ifdef HAVE_INTTYPES_H
| # include <inttypes.h>
| #endif
| #ifdef HAVE_STDINT_H
| # include <stdint.h>
| #endif
| #ifdef HAVE_UNISTD_H
| # include <unistd.h>
| #endif
| int
| main ()
| {
| 
| 	  char buf[100];
| 	  char x = *strerror_r (0, buf, sizeof buf);
| 	  char *p = strerror_r (0, buf, sizeof buf);
| 	  return !p || x;
| 
|   ;
|   return 0;
| }
configure:12221: result: no
configure:12247: checking for library containing tgetent
configure:12278: arm-cas-linux-gnueabi-gcc -o conftest -g -O2   conftest.c  >&5
/tmp/ccTyhYmq.o: In function `main':
/home/uidj7648/Workspace/toyota-1.19.3/package/opensource/sqlite/conftest.c:41: undefined reference to `tgetent'
collect2: ld returned 1 exit status
configure:12278: $? = 1
configure: failed program was:
| /* confdefs.h */
| #define PACKAGE_NAME "sqlite"
| #define PACKAGE_TARNAME "sqlite"
| #define PACKAGE_VERSION "3.8.1"
| #define PACKAGE_STRING "sqlite 3.8.1"
| #define PACKAGE_BUGREPORT "http://www.sqlite.org"
| #define PACKAGE_URL ""
| #define PACKAGE "sqlite"
| #define VERSION "3.8.1"
| #define _FILE_OFFSET_BITS 64
| #define STDC_HEADERS 1
| #define HAVE_SYS_TYPES_H 1
| #define HAVE_SYS_STAT_H 1
| #define HAVE_STDLIB_H 1
| #define HAVE_STRING_H 1
| #define HAVE_MEMORY_H 1
| #define HAVE_STRINGS_H 1
| #define HAVE_INTTYPES_H 1
| #define HAVE_STDINT_H 1
| #define HAVE_UNISTD_H 1
| #define HAVE_DLFCN_H 1
| #define LT_OBJDIR ".libs/"
| #define HAVE_FDATASYNC 1
| #define HAVE_USLEEP 1
| #define HAVE_LOCALTIME_R 1
| #define HAVE_GMTIME_R 1
| #define HAVE_DECL_STRERROR_R 1
| #define HAVE_STRERROR_R 1
| /* end confdefs.h.  */
| 
| /* Override any GCC internal prototype to avoid an error.
|    Use char because int might match the return type of a GCC
|    builtin and then its argument prototype would still apply.  */
| #ifdef __cplusplus
| extern "C"
| #endif
| char tgetent ();
| int
| main ()
| {
| return tgetent ();
|   ;
|   return 0;
| }
configure:12278: arm-cas-linux-gnueabi-gcc -o conftest -g -O2   conftest.c -lcurses   >&5
/home/uidj7648/Workspace/toyota-1.19.3/release/fs/devel/usr/bin/../lib/gcc/arm-cas-linux-gnueabi/4.6.2/../../../../../usr/arm-cas-linux-gnueabi/bin/ld: cannot find -lcurses
collect2: ld returned 1 exit status
configure:12278: $? = 1
configure: failed program was:
| /* confdefs.h */
| #define PACKAGE_NAME "sqlite"
| #define PACKAGE_TARNAME "sqlite"
| #define PACKAGE_VERSION "3.8.1"
| #define PACKAGE_STRING "sqlite 3.8.1"
| #define PACKAGE_BUGREPORT "http://www.sqlite.org"
| #define PACKAGE_URL ""
| #define PACKAGE "sqlite"
| #define VERSION "3.8.1"
| #define _FILE_OFFSET_BITS 64
| #define STDC_HEADERS 1
| #define HAVE_SYS_TYPES_H 1
| #define HAVE_SYS_STAT_H 1
| #define HAVE_STDLIB_H 1
| #define HAVE_STRING_H 1
| #define HAVE_MEMORY_H 1
| #define HAVE_STRINGS_H 1
| #define HAVE_INTTYPES_H 1
| #define HAVE_STDINT_H 1
| #define HAVE_UNISTD_H 1
| #define HAVE_DLFCN_H 1
| #define LT_OBJDIR ".libs/"
| #define HAVE_FDATASYNC 1
| #define HAVE_USLEEP 1
| #define HAVE_LOCALTIME_R 1
| #define HAVE_GMTIME_R 1
| #define HAVE_DECL_STRERROR_R 1
| #define HAVE_STRERROR_R 1
| /* end confdefs.h.  */
| 
| /* Override any GCC internal prototype to avoid an error.
|    Use char because int might match the return type of a GCC
|    builtin and then its argument prototype would still apply.  */
| #ifdef __cplusplus
| extern "C"
| #endif
| char tgetent ();
| int
| main ()
| {
| return tgetent ();
|   ;
|   return 0;
| }
configure:12278: arm-cas-linux-gnueabi-gcc -o conftest -g -O2   conftest.c -lncurses   >&5
/home/uidj7648/Workspace/toyota-1.19.3/release/fs/devel/usr/bin/../lib/gcc/arm-cas-linux-gnueabi/4.6.2/../../../../../usr/arm-cas-linux-gnueabi/bin/ld: cannot find -lncurses
collect2: ld returned 1 exit status
configure:12278: $? = 1
configure: failed program was:
| /* confdefs.h */
| #define PACKAGE_NAME "sqlite"
| #define PACKAGE_TARNAME "sqlite"
| #define PACKAGE_VERSION "3.8.1"
| #define PACKAGE_STRING "sqlite 3.8.1"
| #define PACKAGE_BUGREPORT "http://www.sqlite.org"
| #define PACKAGE_URL ""
| #define PACKAGE "sqlite"
| #define VERSION "3.8.1"
| #define _FILE_OFFSET_BITS 64
| #define STDC_HEADERS 1
| #define HAVE_SYS_TYPES_H 1
| #define HAVE_SYS_STAT_H 1
| #define HAVE_STDLIB_H 1
| #define HAVE_STRING_H 1
| #define HAVE_MEMORY_H 1
| #define HAVE_STRINGS_H 1
| #define HAVE_INTTYPES_H 1
| #define HAVE_STDINT_H 1
| #define HAVE_UNISTD_H 1
| #define HAVE_DLFCN_H 1
| #define LT_OBJDIR ".libs/"
| #define HAVE_FDATASYNC 1
| #define HAVE_USLEEP 1
| #define HAVE_LOCALTIME_R 1
| #define HAVE_GMTIME_R 1
| #define HAVE_DECL_STRERROR_R 1
| #define HAVE_STRERROR_R 1
| /* end confdefs.h.  */
| 
| /* Override any GCC internal prototype to avoid an error.
|    Use char because int might match the return type of a GCC
|    builtin and then its argument prototype would still apply.  */
| #ifdef __cplusplus
| extern "C"
| #endif
| char tgetent ();
| int
| main ()
| {
| return tgetent ();
|   ;
|   return 0;
| }
configure:12278: arm-cas-linux-gnueabi-gcc -o conftest -g -O2   conftest.c -lncursesw   >&5
/home/uidj7648/Workspace/toyota-1.19.3/release/fs/devel/usr/bin/../lib/gcc/arm-cas-linux-gnueabi/4.6.2/../../../../../usr/arm-cas-linux-gnueabi/bin/ld: cannot find -lncursesw
collect2: ld returned 1 exit status
configure:12278: $? = 1
configure: failed program was:
| /* confdefs.h */
| #define PACKAGE_NAME "sqlite"
| #define PACKAGE_TARNAME "sqlite"
| #define PACKAGE_VERSION "3.8.1"
| #define PACKAGE_STRING "sqlite 3.8.1"
| #define PACKAGE_BUGREPORT "http://www.sqlite.org"
| #define PACKAGE_URL ""
| #define PACKAGE "sqlite"
| #define VERSION "3.8.1"
| #define _FILE_OFFSET_BITS 64
| #define STDC_HEADERS 1
| #define HAVE_SYS_TYPES_H 1
| #define HAVE_SYS_STAT_H 1
| #define HAVE_STDLIB_H 1
| #define HAVE_STRING_H 1
| #define HAVE_MEMORY_H 1
| #define HAVE_STRINGS_H 1
| #define HAVE_INTTYPES_H 1
| #define HAVE_STDINT_H 1
| #define HAVE_UNISTD_H 1
| #define HAVE_DLFCN_H 1
| #define LT_OBJDIR ".libs/"
| #define HAVE_FDATASYNC 1
| #define HAVE_USLEEP 1
| #define HAVE_LOCALTIME_R 1
| #define HAVE_GMTIME_R 1
| #define HAVE_DECL_STRERROR_R 1
| #define HAVE_STRERROR_R 1
| /* end confdefs.h.  */
| 
| /* Override any GCC internal prototype to avoid an error.
|    Use char because int might match the return type of a GCC
|    builtin and then its argument prototype would still apply.  */
| #ifdef __cplusplus
| extern "C"
| #endif
| char tgetent ();
| int
| main ()
| {
| return tgetent ();
|   ;
|   return 0;
| }
configure:12295: result: no
configure:12303: checking for library containing readline
configure:12334: arm-cas-linux-gnueabi-gcc -o conftest -g -O2   conftest.c  >&5
/tmp/ccrhCFCS.o: In function `main':
/home/uidj7648/Workspace/toyota-1.19.3/package/opensource/sqlite/conftest.c:41: undefined reference to `readline'
collect2: ld returned 1 exit status
configure:12334: $? = 1
configure: failed program was:
| /* confdefs.h */
| #define PACKAGE_NAME "sqlite"
| #define PACKAGE_TARNAME "sqlite"
| #define PACKAGE_VERSION "3.8.1"
| #define PACKAGE_STRING "sqlite 3.8.1"
| #define PACKAGE_BUGREPORT "http://www.sqlite.org"
| #define PACKAGE_URL ""
| #define PACKAGE "sqlite"
| #define VERSION "3.8.1"
| #define _FILE_OFFSET_BITS 64
| #define STDC_HEADERS 1
| #define HAVE_SYS_TYPES_H 1
| #define HAVE_SYS_STAT_H 1
| #define HAVE_STDLIB_H 1
| #define HAVE_STRING_H 1
| #define HAVE_MEMORY_H 1
| #define HAVE_STRINGS_H 1
| #define HAVE_INTTYPES_H 1
| #define HAVE_STDINT_H 1
| #define HAVE_UNISTD_H 1
| #define HAVE_DLFCN_H 1
| #define LT_OBJDIR ".libs/"
| #define HAVE_FDATASYNC 1
| #define HAVE_USLEEP 1
| #define HAVE_LOCALTIME_R 1
| #define HAVE_GMTIME_R 1
| #define HAVE_DECL_STRERROR_R 1
| #define HAVE_STRERROR_R 1
| /* end confdefs.h.  */
| 
| /* Override any GCC internal prototype to avoid an error.
|    Use char because int might match the return type of a GCC
|    builtin and then its argument prototype would still apply.  */
| #ifdef __cplusplus
| extern "C"
| #endif
| char readline ();
| int
| main ()
| {
| return readline ();
|   ;
|   return 0;
| }
configure:12334: arm-cas-linux-gnueabi-gcc -o conftest -g -O2   conftest.c -lreadline   >&5
/home/uidj7648/Workspace/toyota-1.19.3/release/fs/devel/usr/bin/../lib/gcc/arm-cas-linux-gnueabi/4.6.2/../../../../../usr/arm-cas-linux-gnueabi/bin/ld: cannot find -lreadline
collect2: ld returned 1 exit status
configure:12334: $? = 1
configure: failed program was:
| /* confdefs.h */
| #define PACKAGE_NAME "sqlite"
| #define PACKAGE_TARNAME "sqlite"
| #define PACKAGE_VERSION "3.8.1"
| #define PACKAGE_STRING "sqlite 3.8.1"
| #define PACKAGE_BUGREPORT "http://www.sqlite.org"
| #define PACKAGE_URL ""
| #define PACKAGE "sqlite"
| #define VERSION "3.8.1"
| #define _FILE_OFFSET_BITS 64
| #define STDC_HEADERS 1
| #define HAVE_SYS_TYPES_H 1
| #define HAVE_SYS_STAT_H 1
| #define HAVE_STDLIB_H 1
| #define HAVE_STRING_H 1
| #define HAVE_MEMORY_H 1
| #define HAVE_STRINGS_H 1
| #define HAVE_INTTYPES_H 1
| #define HAVE_STDINT_H 1
| #define HAVE_UNISTD_H 1
| #define HAVE_DLFCN_H 1
| #define LT_OBJDIR ".libs/"
| #define HAVE_FDATASYNC 1
| #define HAVE_USLEEP 1
| #define HAVE_LOCALTIME_R 1
| #define HAVE_GMTIME_R 1
| #define HAVE_DECL_STRERROR_R 1
| #define HAVE_STRERROR_R 1
| /* end confdefs.h.  */
| 
| /* Override any GCC internal prototype to avoid an error.
|    Use char because int might match the return type of a GCC
|    builtin and then its argument prototype would still apply.  */
| #ifdef __cplusplus
| extern "C"
| #endif
| char readline ();
| int
| main ()
| {
| return readline ();
|   ;
|   return 0;
| }
configure:12351: result: no
configure:12363: checking for readline
configure:12363: arm-cas-linux-gnueabi-gcc -o conftest -g -O2   conftest.c  >&5
/tmp/ccLhSc2D.o: In function `main':
/home/uidj7648/Workspace/toyota-1.19.3/package/opensource/sqlite/conftest.c:64: undefined reference to `readline'
collect2: ld returned 1 exit status
configure:12363: $? = 1
configure: failed program was:
| /* confdefs.h */
| #define PACKAGE_NAME "sqlite"
| #define PACKAGE_TARNAME "sqlite"
| #define PACKAGE_VERSION "3.8.1"
| #define PACKAGE_STRING "sqlite 3.8.1"
| #define PACKAGE_BUGREPORT "http://www.sqlite.org"
| #define PACKAGE_URL ""
| #define PACKAGE "sqlite"
| #define VERSION "3.8.1"
| #define _FILE_OFFSET_BITS 64
| #define STDC_HEADERS 1
| #define HAVE_SYS_TYPES_H 1
| #define HAVE_SYS_STAT_H 1
| #define HAVE_STDLIB_H 1
| #define HAVE_STRING_H 1
| #define HAVE_MEMORY_H 1
| #define HAVE_STRINGS_H 1
| #define HAVE_INTTYPES_H 1
| #define HAVE_STDINT_H 1
| #define HAVE_UNISTD_H 1
| #define HAVE_DLFCN_H 1
| #define LT_OBJDIR ".libs/"
| #define HAVE_FDATASYNC 1
| #define HAVE_USLEEP 1
| #define HAVE_LOCALTIME_R 1
| #define HAVE_GMTIME_R 1
| #define HAVE_DECL_STRERROR_R 1
| #define HAVE_STRERROR_R 1
| /* end confdefs.h.  */
| /* Define readline to an innocuous variant, in case <limits.h> declares readline.
|    For example, HP-UX 11i <limits.h> declares gettimeofday.  */
| #define readline innocuous_readline
| 
| /* System header to define __stub macros and hopefully few prototypes,
|     which can conflict with char readline (); below.
|     Prefer <limits.h> to <assert.h> if __STDC__ is defined, since
|     <limits.h> exists even on freestanding compilers.  */
| 
| #ifdef __STDC__
| # include <limits.h>
| #else
| # include <assert.h>
| #endif
| 
| #undef readline
| 
| /* Override any GCC internal prototype to avoid an error.
|    Use char because int might match the return type of a GCC
|    builtin and then its argument prototype would still apply.  */
| #ifdef __cplusplus
| extern "C"
| #endif
| char readline ();
| /* The GNU C library defines this for functions which it implements
|     to always fail with ENOSYS.  Some functions are actually named
|     something starting with __ and the normal name is an alias.  */
| #if defined __stub_readline || defined __stub___readline
| choke me
| #endif
| 
| int
| main ()
| {
| return readline ();
|   ;
|   return 0;
| }
configure:12363: result: no
configure:12391: checking for library containing pthread_create
configure:12422: arm-cas-linux-gnueabi-gcc -o conftest -g -O2   conftest.c  >&5
/tmp/ccJcEIDw.o: In function `main':
/home/uidj7648/Workspace/toyota-1.19.3/package/opensource/sqlite/conftest.c:41: undefined reference to `pthread_create'
collect2: ld returned 1 exit status
configure:12422: $? = 1
configure: failed program was:
| /* confdefs.h */
| #define PACKAGE_NAME "sqlite"
| #define PACKAGE_TARNAME "sqlite"
| #define PACKAGE_VERSION "3.8.1"
| #define PACKAGE_STRING "sqlite 3.8.1"
| #define PACKAGE_BUGREPORT "http://www.sqlite.org"
| #define PACKAGE_URL ""
| #define PACKAGE "sqlite"
| #define VERSION "3.8.1"
| #define _FILE_OFFSET_BITS 64
| #define STDC_HEADERS 1
| #define HAVE_SYS_TYPES_H 1
| #define HAVE_SYS_STAT_H 1
| #define HAVE_STDLIB_H 1
| #define HAVE_STRING_H 1
| #define HAVE_MEMORY_H 1
| #define HAVE_STRINGS_H 1
| #define HAVE_INTTYPES_H 1
| #define HAVE_STDINT_H 1
| #define HAVE_UNISTD_H 1
| #define HAVE_DLFCN_H 1
| #define LT_OBJDIR ".libs/"
| #define HAVE_FDATASYNC 1
| #define HAVE_USLEEP 1
| #define HAVE_LOCALTIME_R 1
| #define HAVE_GMTIME_R 1
| #define HAVE_DECL_STRERROR_R 1
| #define HAVE_STRERROR_R 1
| /* end confdefs.h.  */
| 
| /* Override any GCC internal prototype to avoid an error.
|    Use char because int might match the return type of a GCC
|    builtin and then its argument prototype would still apply.  */
| #ifdef __cplusplus
| extern "C"
| #endif
| char pthread_create ();
| int
| main ()
| {
| return pthread_create ();
|   ;
|   return 0;
| }
configure:12422: arm-cas-linux-gnueabi-gcc -o conftest -g -O2   conftest.c -lpthread   >&5
configure:12422: $? = 0
configure:12439: result: -lpthread
configure:12462: checking for library containing dlopen
configure:12493: arm-cas-linux-gnueabi-gcc -o conftest -g -O2   conftest.c -lpthread  >&5
/tmp/ccbyoIfq.o: In function `main':
/home/uidj7648/Workspace/toyota-1.19.3/package/opensource/sqlite/conftest.c:41: undefined reference to `dlopen'
collect2: ld returned 1 exit status
configure:12493: $? = 1
configure: failed program was:
| /* confdefs.h */
| #define PACKAGE_NAME "sqlite"
| #define PACKAGE_TARNAME "sqlite"
| #define PACKAGE_VERSION "3.8.1"
| #define PACKAGE_STRING "sqlite 3.8.1"
| #define PACKAGE_BUGREPORT "http://www.sqlite.org"
| #define PACKAGE_URL ""
| #define PACKAGE "sqlite"
| #define VERSION "3.8.1"
| #define _FILE_OFFSET_BITS 64
| #define STDC_HEADERS 1
| #define HAVE_SYS_TYPES_H 1
| #define HAVE_SYS_STAT_H 1
| #define HAVE_STDLIB_H 1
| #define HAVE_STRING_H 1
| #define HAVE_MEMORY_H 1
| #define HAVE_STRINGS_H 1
| #define HAVE_INTTYPES_H 1
| #define HAVE_STDINT_H 1
| #define HAVE_UNISTD_H 1
| #define HAVE_DLFCN_H 1
| #define LT_OBJDIR ".libs/"
| #define HAVE_FDATASYNC 1
| #define HAVE_USLEEP 1
| #define HAVE_LOCALTIME_R 1
| #define HAVE_GMTIME_R 1
| #define HAVE_DECL_STRERROR_R 1
| #define HAVE_STRERROR_R 1
| /* end confdefs.h.  */
| 
| /* Override any GCC internal prototype to avoid an error.
|    Use char because int might match the return type of a GCC
|    builtin and then its argument prototype would still apply.  */
| #ifdef __cplusplus
| extern "C"
| #endif
| char dlopen ();
| int
| main ()
| {
| return dlopen ();
|   ;
|   return 0;
| }
configure:12493: arm-cas-linux-gnueabi-gcc -o conftest -g -O2   conftest.c -ldl  -lpthread  >&5
configure:12493: $? = 0
configure:12510: result: -ldl
configure:12521: checking for whether to support dynamic extensions
configure:12523: result: yes
configure:12530: checking for posix_fallocate
configure:12530: arm-cas-linux-gnueabi-gcc -o conftest -g -O2   conftest.c -ldl -lpthread  >&5
configure:12530: $? = 0
configure:12530: result: yes
configure:12735: creating ./config.status

## ---------------------- ##
## Running config.status. ##
## ---------------------- ##

This file was extended by sqlite config.status 3.8.1, which was
generated by GNU Autoconf 2.68.  Invocation command line was

  CONFIG_FILES    = 
  CONFIG_HEADERS  = 
  CONFIG_LINKS    = 
  CONFIG_COMMANDS = 
  $ ./config.status 

on zuv4200u

config.status:1017: creating Makefile
config.status:1017: creating sqlite3.pc
config.status:1189: executing depfiles commands
config.status:1189: executing libtool commands

## ---------------- ##
## Cache variables. ##
## ---------------- ##

ac_cv_build=x86_64-pc-linux-gnu
ac_cv_c_compiler_gnu=yes
ac_cv_env_CC_set=
ac_cv_env_CC_value=
ac_cv_env_CFLAGS_set=
ac_cv_env_CFLAGS_value=
ac_cv_env_CPPFLAGS_set=
ac_cv_env_CPPFLAGS_value=
ac_cv_env_CPP_set=
ac_cv_env_CPP_value=
ac_cv_env_LDFLAGS_set=
ac_cv_env_LDFLAGS_value=
ac_cv_env_LIBS_set=
ac_cv_env_LIBS_value=
ac_cv_env_build_alias_set=set
ac_cv_env_build_alias_value=x86_64-pc-linux-gnu
ac_cv_env_host_alias_set=set
ac_cv_env_host_alias_value=arm-cas-linux-gnueabi
ac_cv_env_target_alias_set=
ac_cv_env_target_alias_value=
ac_cv_func_fdatasync=yes
ac_cv_func_fullfsync=no
ac_cv_func_gmtime_r=yes
ac_cv_func_localtime_r=yes
ac_cv_func_posix_fallocate=yes
ac_cv_func_readline=no
ac_cv_func_strerror_r=yes
ac_cv_func_strerror_r_char_p=no
ac_cv_func_usleep=yes
ac_cv_have_decl_strerror_r=yes
ac_cv_header_dlfcn_h=yes
ac_cv_header_inttypes_h=yes
ac_cv_header_memory_h=yes
ac_cv_header_stdc=yes
ac_cv_header_stdint_h=yes
ac_cv_header_stdlib_h=yes
ac_cv_header_string_h=yes
ac_cv_header_strings_h=yes
ac_cv_header_sys_stat_h=yes
ac_cv_header_sys_types_h=yes
ac_cv_header_unistd_h=yes
ac_cv_host=arm-cas-linux-gnueabi
ac_cv_objext=o
ac_cv_path_EGREP='/bin/grep -E'
ac_cv_path_FGREP='/bin/grep -F'
ac_cv_path_GREP=/bin/grep
ac_cv_path_SED=/bin/sed
ac_cv_path_install='/usr/bin/install -c'
ac_cv_path_mkdir=/bin/mkdir
ac_cv_prog_AR=arm-cas-linux-gnueabi-ar
ac_cv_prog_AWK=gawk
ac_cv_prog_CC=arm-cas-linux-gnueabi-gcc
ac_cv_prog_CPP='arm-cas-linux-gnueabi-gcc -E'
ac_cv_prog_OBJDUMP=arm-cas-linux-gnueabi-objdump
ac_cv_prog_RANLIB=arm-cas-linux-gnueabi-ranlib
ac_cv_prog_STRIP=arm-cas-linux-gnueabi-strip
ac_cv_prog_ac_ct_MANIFEST_TOOL=mt
ac_cv_prog_cc_c89=
ac_cv_prog_cc_g=yes
ac_cv_prog_make_make_set=yes
ac_cv_search_dlopen=-ldl
ac_cv_search_pthread_create=-lpthread
ac_cv_search_readline=no
ac_cv_search_tgetent=no
ac_cv_sys_file_offset_bits=64
ac_cv_sys_largefile_CC=no
am_cv_CC_dependencies_compiler_type=gcc3
lt_cv_ar_at_file=@
lt_cv_archive_cmds_need_lc=no
lt_cv_deplibs_check_method=pass_all
lt_cv_file_magic_cmd='$MAGIC_CMD'
lt_cv_file_magic_test_file=
lt_cv_ld_reload_flag=-r
lt_cv_nm_interface='BSD nm'
lt_cv_objdir=.libs
lt_cv_path_LD=/home/uidj7648/Workspace/toyota-1.19.3/release/fs/devel/usr/arm-cas-linux-gnueabi/bin/ld
lt_cv_path_NM='/home/uidj7648/Workspace/toyota-1.19.3/release/fs/devel/usr/bin/arm-cas-linux-gnueabi-nm -B'
lt_cv_path_mainfest_tool=no
lt_cv_prog_compiler_c_o=yes
lt_cv_prog_compiler_pic='-fPIC -DPIC'
lt_cv_prog_compiler_pic_works=yes
lt_cv_prog_compiler_rtti_exceptions=no
lt_cv_prog_compiler_static_works=yes
lt_cv_prog_gnu_ld=yes
lt_cv_sharedlib_from_linklib_cmd='printf %s\n'
lt_cv_shlibpath_overrides_runpath=no
lt_cv_sys_global_symbol_pipe='sed -n -e '\''s/^.*[	 ]\([ABCDGIRSTW][ABCDGIRSTW]*\)[	 ][	 ]*\([_A-Za-z][_A-Za-z0-9]*\)$/\1 \2 \2/p'\'' | sed '\''/ __gnu_lto/d'\'''
lt_cv_sys_global_symbol_to_c_name_address='sed -n -e '\''s/^: \([^ ]*\)[ ]*$/  {\"\1\", (void *) 0},/p'\'' -e '\''s/^[ABCDGIRSTW]* \([^ ]*\) \([^ ]*\)$/  {"\2", (void *) \&\2},/p'\'''
lt_cv_sys_global_symbol_to_c_name_address_lib_prefix='sed -n -e '\''s/^: \([^ ]*\)[ ]*$/  {\"\1\", (void *) 0},/p'\'' -e '\''s/^[ABCDGIRSTW]* \([^ ]*\) \(lib[^ ]*\)$/  {"\2", (void *) \&\2},/p'\'' -e '\''s/^[ABCDGIRSTW]* \([^ ]*\) \([^ ]*\)$/  {"lib\2", (void *) \&\2},/p'\'''
lt_cv_sys_global_symbol_to_cdecl='sed -n -e '\''s/^T .* \(.*\)$/extern int \1();/p'\'' -e '\''s/^[ABCDGIRSTW]* .* \(.*\)$/extern char \1;/p'\'''
lt_cv_sys_max_cmd_len=3458764513820540925
lt_cv_to_host_file_cmd=func_convert_file_noop
lt_cv_to_tool_file_cmd=func_convert_file_noop

## ----------------- ##
## Output variables. ##
## ----------------- ##

ACLOCAL='${SHELL} /home/uidj7648/Workspace/toyota-1.19.3/package/opensource/sqlite/missing --run aclocal-1.11'
AMDEPBACKSLASH='\'
AMDEP_FALSE='#'
AMDEP_TRUE=''
AMTAR='$${TAR-tar}'
AR='arm-cas-linux-gnueabi-ar'
AUTOCONF='${SHELL} /home/uidj7648/Workspace/toyota-1.19.3/package/opensource/sqlite/missing --run autoconf'
AUTOHEADER='${SHELL} /home/uidj7648/Workspace/toyota-1.19.3/package/opensource/sqlite/missing --run autoheader'
AUTOMAKE='${SHELL} /home/uidj7648/Workspace/toyota-1.19.3/package/opensource/sqlite/missing --run automake-1.11'
AWK='gawk'
BUILD_CFLAGS=''
CC='arm-cas-linux-gnueabi-gcc'
CCDEPMODE='depmode=gcc3'
CFLAGS='-g -O2'
CPP='arm-cas-linux-gnueabi-gcc -E'
CPPFLAGS=''
CYGPATH_W='echo'
DEFS='-DPACKAGE_NAME=\"sqlite\" -DPACKAGE_TARNAME=\"sqlite\" -DPACKAGE_VERSION=\"3.8.1\" -DPACKAGE_STRING=\"sqlite\ 3.8.1\" -DPACKAGE_BUGREPORT=\"http://www.sqlite.org\" -DPACKAGE_URL=\"\" -DPACKAGE=\"sqlite\" -DVERSION=\"3.8.1\" -D_FILE_OFFSET_BITS=64 -DSTDC_HEADERS=1 -DHAVE_SYS_TYPES_H=1 -DHAVE_SYS_STAT_H=1 -DHAVE_STDLIB_H=1 -DHAVE_STRING_H=1 -DHAVE_MEMORY_H=1 -DHAVE_STRINGS_H=1 -DHAVE_INTTYPES_H=1 -DHAVE_STDINT_H=1 -DHAVE_UNISTD_H=1 -DHAVE_DLFCN_H=1 -DLT_OBJDIR=\".libs/\" -DHAVE_FDATASYNC=1 -DHAVE_USLEEP=1 -DHAVE_LOCALTIME_R=1 -DHAVE_GMTIME_R=1 -DHAVE_DECL_STRERROR_R=1 -DHAVE_STRERROR_R=1 -DHAVE_POSIX_FALLOCATE=1'
DEPDIR='.deps'
DLLTOOL='false'
DSYMUTIL=''
DUMPBIN=''
DYNAMIC_EXTENSION_FLAGS=''
ECHO_C=''
ECHO_N='-n'
ECHO_T=''
EGREP='/bin/grep -E'
EXEEXT=''
FGREP='/bin/grep -F'
GREP='/bin/grep'
INSTALL_DATA='${INSTALL} -m 644'
INSTALL_PROGRAM='${INSTALL}'
INSTALL_SCRIPT='${INSTALL}'
INSTALL_STRIP_PROGRAM='$(install_sh) -c -s'
LD='/home/uidj7648/Workspace/toyota-1.19.3/release/fs/devel/usr/arm-cas-linux-gnueabi/bin/ld'
LDFLAGS=''
LIBOBJS=''
LIBS='-ldl -lpthread '
LIBTOOL='$(SHELL) $(top_builddir)/libtool'
LIPO=''
LN_S='ln -s'
LTLIBOBJS=''
MAKEINFO='${SHELL} /home/uidj7648/Workspace/toyota-1.19.3/package/opensource/sqlite/missing --run makeinfo'
MANIFEST_TOOL=':'
MKDIR_P='/bin/mkdir -p'
NM='/home/uidj7648/Workspace/toyota-1.19.3/release/fs/devel/usr/bin/arm-cas-linux-gnueabi-nm -B'
NMEDIT=''
OBJDUMP='arm-cas-linux-gnueabi-objdump'
OBJEXT='o'
OTOOL64=''
OTOOL=''
PACKAGE='sqlite'
PACKAGE_BUGREPORT='http://www.sqlite.org'
PACKAGE_NAME='sqlite'
PACKAGE_STRING='sqlite 3.8.1'
PACKAGE_TARNAME='sqlite'
PACKAGE_URL=''
PACKAGE_VERSION='3.8.1'
PATH_SEPARATOR=':'
RANLIB='arm-cas-linux-gnueabi-ranlib'
READLINE_LIBS=''
SED='/bin/sed'
SET_MAKE=''
SHELL='/bin/sh'
STRIP='arm-cas-linux-gnueabi-strip'
THREADSAFE_FLAGS='-D_REENTRANT=1 -DSQLITE_THREADSAFE=1'
VERSION='3.8.1'
ac_ct_AR=''
ac_ct_CC=''
ac_ct_DUMPBIN=''
am__EXEEXT_FALSE=''
am__EXEEXT_TRUE='#'
am__fastdepCC_FALSE='#'
am__fastdepCC_TRUE=''
am__include='include'
am__isrc=''
am__leading_dot='.'
am__nodep='_no'
am__quote=''
am__tar='$${TAR-tar} chof - "$$tardir"'
am__untar='$${TAR-tar} xf -'
bindir='${exec_prefix}/bin'
build='x86_64-pc-linux-gnu'
build_alias='x86_64-pc-linux-gnu'
build_cpu='x86_64'
build_os='linux-gnu'
build_vendor='pc'
datadir='${datarootdir}'
datarootdir='${prefix}/share'
docdir='${datarootdir}/doc/${PACKAGE_TARNAME}'
dvidir='${docdir}'
exec_prefix='${prefix}'
host='arm-cas-linux-gnueabi'
host_alias='arm-cas-linux-gnueabi'
host_cpu='arm'
host_os='linux-gnueabi'
host_vendor='cas'
htmldir='${docdir}'
includedir='${prefix}/include'
infodir='${datarootdir}/info'
install_sh='${SHELL} /home/uidj7648/Workspace/toyota-1.19.3/package/opensource/sqlite/install-sh'
libdir='${exec_prefix}/lib'
libexecdir='${exec_prefix}/libexec'
localedir='${datarootdir}/locale'
localstatedir='${prefix}/var'
mandir='${datarootdir}/man'
mkdir_p='/bin/mkdir -p'
oldincludedir='/usr/include'
pdfdir='${docdir}'
prefix='/usr'
program_transform_name='s,x,x,'
psdir='${docdir}'
sbindir='${exec_prefix}/sbin'
sharedstatedir='${prefix}/com'
sysconfdir='${prefix}/etc'
target_alias=''

## ----------- ##
## confdefs.h. ##
## ----------- ##

/* confdefs.h */
#define PACKAGE_NAME "sqlite"
#define PACKAGE_TARNAME "sqlite"
#define PACKAGE_VERSION "3.8.1"
#define PACKAGE_STRING "sqlite 3.8.1"
#define PACKAGE_BUGREPORT "http://www.sqlite.org"
#define PACKAGE_URL ""
#define PACKAGE "sqlite"
#define VERSION "3.8.1"
#define _FILE_OFFSET_BITS 64
#define STDC_HEADERS 1
#define HAVE_SYS_TYPES_H 1
#define HAVE_SYS_STAT_H 1
#define HAVE_STDLIB_H 1
#define HAVE_STRING_H 1
#define HAVE_MEMORY_H 1
#define HAVE_STRINGS_H 1
#define HAVE_INTTYPES_H 1
#define HAVE_STDINT_H 1
#define HAVE_UNISTD_H 1
#define HAVE_DLFCN_H 1
#define LT_OBJDIR ".libs/"
#define HAVE_FDATASYNC 1
#define HAVE_USLEEP 1
#define HAVE_LOCALTIME_R 1
#define HAVE_GMTIME_R 1
#define HAVE_DECL_STRERROR_R 1
#define HAVE_STRERROR_R 1
#define HAVE_POSIX_FALLOCATE 1

configure: exit 0
