This file contains any messages produced by compilers while
running configure, to aid debugging if configure makes a mistake.

It was created by configure, which was
generated by GNU Autoconf 2.68.  Invocation command line was

  $ ./configure --prefix=/ --exec-prefix=/ --sbindir=/bin --bindir=/usr/bin --libdir=/lib --libexecdir=/usr/lib --enable-lib64=yes --includedir=/usr/include --mandir=/usr/share/man --datadir=/usr/share -build=x86_64-pc-linux-gnu --host=arm-cas-linux-gnueabi

## --------- ##
## Platform. ##
## --------- ##

hostname = zuv4200u
uname -m = x86_64
uname -r = 3.13.0-92-generic
uname -s = Linux
uname -v = #139~precise1-Ubuntu SMP Wed Jun 29 21:30:37 UTC 2016

/usr/bin/uname -p = unknown
/bin/uname -X     = unknown

/bin/arch              = unknown
/usr/bin/arch -k       = unknown
/usr/convex/getsysinfo = unknown
/usr/bin/hostinfo      = unknown
/bin/machine           = unknown
/usr/bin/oslevel       = unknown
/bin/universe          = unknown

PATH: /home/uidj7648/Workspace/toyota-1.19.3/release/fs/host/usr/bin
PATH: /home/uidj7648/Workspace/toyota-1.19.3/release/fs/host/bin
PATH: /home/uidj7648/Workspace/toyota-1.19.3/release/fs/devel/usr/bin
PATH: /home/uidj7648/bin
PATH: /usr/lib/lightdm/lightdm
PATH: /usr/local/sbin
PATH: /usr/local/bin
PATH: /usr/sbin
PATH: /usr/bin
PATH: /sbin
PATH: /bin
PATH: /usr/games
PATH: /home/uidj7648/bin
PATH: /home/uidj7648/bin


## ----------- ##
## Core tests. ##
## ----------- ##

configure:2206: checking build system type
configure:2220: result: x86_64-pc-linux-gnu
configure:2240: checking host system type
configure:2253: result: arm-cas-linux-gnueabi
configure:2294: checking how to print strings
configure:2321: result: printf
configure:2350: checking for arm-cas-linux-gnueabi-gcc
configure:2366: found /home/uidj7648/Workspace/toyota-1.19.3/release/fs/devel/usr/bin/arm-cas-linux-gnueabi-gcc
configure:2377: result: arm-cas-linux-gnueabi-gcc
configure:2646: checking for C compiler version
configure:2655: arm-cas-linux-gnueabi-gcc --version >&5
arm-cas-linux-gnueabi-gcc (GCC) 4.6.2
Copyright (C) 2011 Free Software Foundation, Inc.
This is free software; see the source for copying conditions.  There is NO
warranty; not even for MERCHANTABILITY or FITNESS FOR A PARTICULAR PURPOSE.

configure:2666: $? = 0
configure:2655: arm-cas-linux-gnueabi-gcc -v >&5
Using built-in specs.
COLLECT_GCC=arm-cas-linux-gnueabi-gcc
COLLECT_LTO_WRAPPER=/home/uidj7648/Workspace/toyota-1.19.3/release/fs/devel/usr/bin/../libexec/gcc/arm-cas-linux-gnueabi/4.6.2/lto-wrapper
Target: arm-cas-linux-gnueabi
Configured with: ../configure --with-cpu=cortex-a5 --with-tune=cortex-a5 --with-float=hard --with-fpu=vfpv4 --with-interwork --build=x86_64-pc-linux-gnu --host=x86_64-pc-linux-gnu --target=arm-cas-linux-gnueabi --prefix=/ --exec-prefix=/usr --includedir=/usr/include --datarootdir=/usr/share --with-slibdir=/lib --with-local-prefix=/usr --enable-symvers=gnu --enable-long-long --enable-c99 --disable-nls --disable-libmudflap --disable-multilib --disable-libgomp --disable-libstdcxx-pch --disable-libquadmath --disable-target-libiberty --without-ppl --without-cloog --enable-threads=posix --enable-shared --enable-shared-libgcc --disable-static --disable-bootstrap --enable-languages=c,c++ --with-build-sysroot=/home/uidj7648/Workspace/toyota-1.19.3/release/fs/devel --with-sysroot=/ --enable-__cxa_atexit=yes
Thread model: posix
gcc version 4.6.2 (GCC) 
configure:2666: $? = 0
configure:2655: arm-cas-linux-gnueabi-gcc -V >&5
arm-cas-linux-gnueabi-gcc: error: unrecognized option '-V'
arm-cas-linux-gnueabi-gcc: fatal error: no input files
compilation terminated.
configure:2666: $? = 1
configure:2655: arm-cas-linux-gnueabi-gcc -qversion >&5
arm-cas-linux-gnueabi-gcc: error: unrecognized option '-qversion'
arm-cas-linux-gnueabi-gcc: fatal error: no input files
compilation terminated.
configure:2666: $? = 1
configure:2686: checking whether the C compiler works
configure:2708: arm-cas-linux-gnueabi-gcc    conftest.c  >&5
configure:2712: $? = 0
configure:2760: result: yes
configure:2763: checking for C compiler default output file name
configure:2765: result: a.out
configure:2771: checking for suffix of executables
configure:2778: arm-cas-linux-gnueabi-gcc -o conftest    conftest.c  >&5
configure:2782: $? = 0
configure:2804: result: 
configure:2826: checking whether we are cross compiling
configure:2864: result: yes
configure:2869: checking for suffix of object files
configure:2891: arm-cas-linux-gnueabi-gcc -c   conftest.c >&5
configure:2895: $? = 0
configure:2916: result: o
configure:2920: checking whether we are using the GNU C compiler
configure:2939: arm-cas-linux-gnueabi-gcc -c   conftest.c >&5
configure:2939: $? = 0
configure:2948: result: yes
configure:2957: checking whether arm-cas-linux-gnueabi-gcc accepts -g
configure:2977: arm-cas-linux-gnueabi-gcc -c -g  conftest.c >&5
configure:2977: $? = 0
configure:3018: result: yes
configure:3035: checking for arm-cas-linux-gnueabi-gcc option to accept ISO C89
configure:3099: arm-cas-linux-gnueabi-gcc  -c -g -O2  conftest.c >&5
configure:3099: $? = 0
configure:3112: result: none needed
configure:3132: checking for a sed that does not truncate output
configure:3196: result: /bin/sed
configure:3214: checking for grep that handles long lines and -e
configure:3272: result: /bin/grep
configure:3277: checking for egrep
configure:3339: result: /bin/grep -E
configure:3344: checking for fgrep
configure:3406: result: /bin/grep -F
configure:3441: checking for ld used by arm-cas-linux-gnueabi-gcc
configure:3508: result: /home/uidj7648/Workspace/toyota-1.19.3/release/fs/devel/usr/arm-cas-linux-gnueabi/bin/ld
configure:3515: checking if the linker (/home/uidj7648/Workspace/toyota-1.19.3/release/fs/devel/usr/arm-cas-linux-gnueabi/bin/ld) is GNU ld
configure:3530: result: yes
configure:3542: checking for BSD- or MS-compatible name lister (nm)
configure:3591: result: /home/uidj7648/Workspace/toyota-1.19.3/release/fs/devel/usr/bin/arm-cas-linux-gnueabi-nm -B
configure:3721: checking the name lister (/home/uidj7648/Workspace/toyota-1.19.3/release/fs/devel/usr/bin/arm-cas-linux-gnueabi-nm -B) interface
configure:3728: arm-cas-linux-gnueabi-gcc -c -g -O2  conftest.c >&5
configure:3731: /home/uidj7648/Workspace/toyota-1.19.3/release/fs/devel/usr/bin/arm-cas-linux-gnueabi-nm -B "conftest.o"
configure:3734: output
00000000 B some_variable
configure:3741: result: BSD nm
configure:3744: checking whether ln -s works
configure:3748: result: yes
configure:3756: checking the maximum length of command line arguments
configure:3881: result: 3458764513820540925
configure:3898: checking whether the shell understands some XSI constructs
configure:3908: result: yes
configure:3912: checking whether the shell understands "+="
configure:3918: result: yes
configure:3953: checking how to convert x86_64-pc-linux-gnu file names to arm-cas-linux-gnueabi format
configure:3993: result: func_convert_file_noop
configure:4000: checking how to convert x86_64-pc-linux-gnu file names to toolchain format
configure:4020: result: func_convert_file_noop
configure:4027: checking for /home/uidj7648/Workspace/toyota-1.19.3/release/fs/devel/usr/arm-cas-linux-gnueabi/bin/ld option to reload object files
configure:4034: result: -r
configure:4068: checking for arm-cas-linux-gnueabi-objdump
configure:4084: found /home/uidj7648/Workspace/toyota-1.19.3/release/fs/devel/usr/bin/arm-cas-linux-gnueabi-objdump
configure:4095: result: arm-cas-linux-gnueabi-objdump
configure:4167: checking how to recognize dependent libraries
configure:4369: result: pass_all
configure:4414: checking for arm-cas-linux-gnueabi-dlltool
configure:4444: result: no
configure:4454: checking for dlltool
configure:4484: result: no
configure:4514: checking how to associate runtime and link libraries
configure:4541: result: printf %s\n
configure:4558: checking for arm-cas-linux-gnueabi-ar
configure:4574: found /home/uidj7648/Workspace/toyota-1.19.3/release/fs/devel/usr/bin/arm-cas-linux-gnueabi-ar
configure:4585: result: arm-cas-linux-gnueabi-ar
configure:4666: checking for archiver @FILE support
configure:4683: arm-cas-linux-gnueabi-gcc -c -g -O2  conftest.c >&5
configure:4683: $? = 0
configure:4686: arm-cas-linux-gnueabi-ar cru libconftest.a @conftest.lst >&5
configure:4689: $? = 0
configure:4694: arm-cas-linux-gnueabi-ar cru libconftest.a @conftest.lst >&5
arm-cas-linux-gnueabi-ar: conftest.o: No such file or directory
configure:4697: $? = 1
configure:4709: result: @
configure:4727: checking for arm-cas-linux-gnueabi-strip
configure:4743: found /home/uidj7648/Workspace/toyota-1.19.3/release/fs/devel/usr/bin/arm-cas-linux-gnueabi-strip
configure:4754: result: arm-cas-linux-gnueabi-strip
configure:4826: checking for arm-cas-linux-gnueabi-ranlib
configure:4842: found /home/uidj7648/Workspace/toyota-1.19.3/release/fs/devel/usr/bin/arm-cas-linux-gnueabi-ranlib
configure:4853: result: arm-cas-linux-gnueabi-ranlib
configure:4970: checking for gawk
configure:4986: found /usr/bin/gawk
configure:4997: result: gawk
configure:5037: checking command to parse /home/uidj7648/Workspace/toyota-1.19.3/release/fs/devel/usr/bin/arm-cas-linux-gnueabi-nm -B output from arm-cas-linux-gnueabi-gcc object
configure:5156: arm-cas-linux-gnueabi-gcc -c -g -O2  conftest.c >&5
configure:5159: $? = 0
configure:5163: /home/uidj7648/Workspace/toyota-1.19.3/release/fs/devel/usr/bin/arm-cas-linux-gnueabi-nm -B conftest.o \| sed -n -e 's/^.*[ ]\([ABCDGIRSTW][ABCDGIRSTW]*\)[ ][ ]*\([_A-Za-z][_A-Za-z0-9]*\)$/\1 \2 \2/p' | sed '/ __gnu_lto/d' \> conftest.nm
configure:5166: $? = 0
configure:5232: arm-cas-linux-gnueabi-gcc -o conftest -g -O2   conftest.c conftstm.o >&5
configure:5235: $? = 0
configure:5273: result: ok
configure:5310: checking for sysroot
configure:5340: result: no
configure:5543: checking for arm-cas-linux-gnueabi-mt
configure:5573: result: no
configure:5583: checking for mt
configure:5599: found /bin/mt
configure:5610: result: mt
configure:5622: WARNING: using cross tools not prefixed with host triplet
configure:5633: checking if mt is a manifest tool
configure:5639: mt '-?'
configure:5647: result: no
configure:6279: checking how to run the C preprocessor
configure:6310: arm-cas-linux-gnueabi-gcc -E  conftest.c
configure:6310: $? = 0
configure:6324: arm-cas-linux-gnueabi-gcc -E  conftest.c
conftest.c:9:28: fatal error: ac_nonexistent.h: No such file or directory
compilation terminated.
configure:6324: $? = 1
configure: failed program was:
| /* confdefs.h */
| #define PACKAGE_NAME ""
| #define PACKAGE_TARNAME ""
| #define PACKAGE_VERSION ""
| #define PACKAGE_STRING ""
| #define PACKAGE_BUGREPORT ""
| #define PACKAGE_URL ""
| /* end confdefs.h.  */
| #include <ac_nonexistent.h>
configure:6349: result: arm-cas-linux-gnueabi-gcc -E
configure:6369: arm-cas-linux-gnueabi-gcc -E  conftest.c
configure:6369: $? = 0
configure:6383: arm-cas-linux-gnueabi-gcc -E  conftest.c
conftest.c:9:28: fatal error: ac_nonexistent.h: No such file or directory
compilation terminated.
configure:6383: $? = 1
configure: failed program was:
| /* confdefs.h */
| #define PACKAGE_NAME ""
| #define PACKAGE_TARNAME ""
| #define PACKAGE_VERSION ""
| #define PACKAGE_STRING ""
| #define PACKAGE_BUGREPORT ""
| #define PACKAGE_URL ""
| /* end confdefs.h.  */
| #include <ac_nonexistent.h>
configure:6412: checking for ANSI C header files
configure:6432: arm-cas-linux-gnueabi-gcc -c -g -O2  conftest.c >&5
configure:6432: $? = 0
configure:6516: result: yes
configure:6529: checking for sys/types.h
configure:6529: arm-cas-linux-gnueabi-gcc -c -g -O2  conftest.c >&5
configure:6529: $? = 0
configure:6529: result: yes
configure:6529: checking for sys/stat.h
configure:6529: arm-cas-linux-gnueabi-gcc -c -g -O2  conftest.c >&5
configure:6529: $? = 0
configure:6529: result: yes
configure:6529: checking for stdlib.h
configure:6529: arm-cas-linux-gnueabi-gcc -c -g -O2  conftest.c >&5
configure:6529: $? = 0
configure:6529: result: yes
configure:6529: checking for string.h
configure:6529: arm-cas-linux-gnueabi-gcc -c -g -O2  conftest.c >&5
configure:6529: $? = 0
configure:6529: result: yes
configure:6529: checking for memory.h
configure:6529: arm-cas-linux-gnueabi-gcc -c -g -O2  conftest.c >&5
configure:6529: $? = 0
configure:6529: result: yes
configure:6529: checking for strings.h
configure:6529: arm-cas-linux-gnueabi-gcc -c -g -O2  conftest.c >&5
configure:6529: $? = 0
configure:6529: result: yes
configure:6529: checking for inttypes.h
configure:6529: arm-cas-linux-gnueabi-gcc -c -g -O2  conftest.c >&5
configure:6529: $? = 0
configure:6529: result: yes
configure:6529: checking for stdint.h
configure:6529: arm-cas-linux-gnueabi-gcc -c -g -O2  conftest.c >&5
configure:6529: $? = 0
configure:6529: result: yes
configure:6529: checking for unistd.h
configure:6529: arm-cas-linux-gnueabi-gcc -c -g -O2  conftest.c >&5
configure:6529: $? = 0
configure:6529: result: yes
configure:6543: checking for dlfcn.h
configure:6543: arm-cas-linux-gnueabi-gcc -c -g -O2  conftest.c >&5
configure:6543: $? = 0
configure:6543: result: yes
configure:6730: checking for objdir
configure:6745: result: .libs
configure:7016: checking if arm-cas-linux-gnueabi-gcc supports -fno-rtti -fno-exceptions
configure:7034: arm-cas-linux-gnueabi-gcc -c -g -O2  -fno-rtti -fno-exceptions conftest.c >&5
cc1: warning: command line option '-fno-rtti' is valid for C++/ObjC++ but not for C [enabled by default]
configure:7038: $? = 0
configure:7051: result: no
configure:7361: checking for arm-cas-linux-gnueabi-gcc option to produce PIC
configure:7368: result: -fPIC -DPIC
configure:7376: checking if arm-cas-linux-gnueabi-gcc PIC flag -fPIC -DPIC works
configure:7394: arm-cas-linux-gnueabi-gcc -c -g -O2  -fPIC -DPIC -DPIC conftest.c >&5
configure:7398: $? = 0
configure:7411: result: yes
configure:7440: checking if arm-cas-linux-gnueabi-gcc static flag -static works
configure:7468: result: yes
configure:7483: checking if arm-cas-linux-gnueabi-gcc supports -c -o file.o
configure:7504: arm-cas-linux-gnueabi-gcc -c -g -O2  -o out/conftest2.o conftest.c >&5
configure:7508: $? = 0
configure:7530: result: yes
configure:7538: checking if arm-cas-linux-gnueabi-gcc supports -c -o file.o
configure:7585: result: yes
configure:7618: checking whether the arm-cas-linux-gnueabi-gcc linker (/home/uidj7648/Workspace/toyota-1.19.3/release/fs/devel/usr/arm-cas-linux-gnueabi/bin/ld) supports shared libraries
configure:8776: result: yes
configure:8813: checking whether -lc should be explicitly linked in
configure:8821: arm-cas-linux-gnueabi-gcc -c -g -O2  conftest.c >&5
configure:8824: $? = 0
configure:8839: arm-cas-linux-gnueabi-gcc -shared  -fPIC -DPIC conftest.o  -v -Wl,-soname -Wl,conftest -o conftest 2\>\&1 \| /bin/grep  -lc  \>/dev/null 2\>\&1
configure:8842: $? = 0
configure:8856: result: no
configure:9021: checking dynamic linker characteristics
configure:9535: arm-cas-linux-gnueabi-gcc -o conftest -g -O2   -Wl,-rpath -Wl,/foo conftest.c  >&5
configure:9535: $? = 0
configure:9757: result: GNU/Linux ld.so
configure:9864: checking how to hardcode library paths into programs
configure:9889: result: immediate
configure:10429: checking whether stripping libraries is possible
configure:10434: result: yes
configure:10469: checking if libtool supports shared libraries
configure:10471: result: yes
configure:10474: checking whether to build shared libraries
configure:10495: result: yes
configure:10498: checking whether to build static libraries
configure:10502: result: yes
configure:10576: checking for arm-cas-linux-gnueabi-gcc
configure:10603: result: arm-cas-linux-gnueabi-gcc
configure:10872: checking for C compiler version
configure:10881: arm-cas-linux-gnueabi-gcc --version >&5
arm-cas-linux-gnueabi-gcc (GCC) 4.6.2
Copyright (C) 2011 Free Software Foundation, Inc.
This is free software; see the source for copying conditions.  There is NO
warranty; not even for MERCHANTABILITY or FITNESS FOR A PARTICULAR PURPOSE.

configure:10892: $? = 0
configure:10881: arm-cas-linux-gnueabi-gcc -v >&5
Using built-in specs.
COLLECT_GCC=arm-cas-linux-gnueabi-gcc
COLLECT_LTO_WRAPPER=/home/uidj7648/Workspace/toyota-1.19.3/release/fs/devel/usr/bin/../libexec/gcc/arm-cas-linux-gnueabi/4.6.2/lto-wrapper
Target: arm-cas-linux-gnueabi
Configured with: ../configure --with-cpu=cortex-a5 --with-tune=cortex-a5 --with-float=hard --with-fpu=vfpv4 --with-interwork --build=x86_64-pc-linux-gnu --host=x86_64-pc-linux-gnu --target=arm-cas-linux-gnueabi --prefix=/ --exec-prefix=/usr --includedir=/usr/include --datarootdir=/usr/share --with-slibdir=/lib --with-local-prefix=/usr --enable-symvers=gnu --enable-long-long --enable-c99 --disable-nls --disable-libmudflap --disable-multilib --disable-libgomp --disable-libstdcxx-pch --disable-libquadmath --disable-target-libiberty --without-ppl --without-cloog --enable-threads=posix --enable-shared --enable-shared-libgcc --disable-static --disable-bootstrap --enable-languages=c,c++ --with-build-sysroot=/home/uidj7648/Workspace/toyota-1.19.3/release/fs/devel --with-sysroot=/ --enable-__cxa_atexit=yes
Thread model: posix
gcc version 4.6.2 (GCC) 
configure:10892: $? = 0
configure:10881: arm-cas-linux-gnueabi-gcc -V >&5
arm-cas-linux-gnueabi-gcc: error: unrecognized option '-V'
arm-cas-linux-gnueabi-gcc: fatal error: no input files
compilation terminated.
configure:10892: $? = 1
configure:10881: arm-cas-linux-gnueabi-gcc -qversion >&5
arm-cas-linux-gnueabi-gcc: error: unrecognized option '-qversion'
arm-cas-linux-gnueabi-gcc: fatal error: no input files
compilation terminated.
configure:10892: $? = 1
configure:10896: checking whether we are using the GNU C compiler
configure:10924: result: yes
configure:10933: checking whether arm-cas-linux-gnueabi-gcc accepts -g
configure:10994: result: yes
configure:11011: checking for arm-cas-linux-gnueabi-gcc option to accept ISO C89
configure:11088: result: none needed
configure:11150: checking for arm-cas-linux-gnueabi-gcc
configure:11177: result: arm-cas-linux-gnueabi-gcc
configure:11446: checking for C compiler version
configure:11455: arm-cas-linux-gnueabi-gcc --version >&5
arm-cas-linux-gnueabi-gcc (GCC) 4.6.2
Copyright (C) 2011 Free Software Foundation, Inc.
This is free software; see the source for copying conditions.  There is NO
warranty; not even for MERCHANTABILITY or FITNESS FOR A PARTICULAR PURPOSE.

configure:11466: $? = 0
configure:11455: arm-cas-linux-gnueabi-gcc -v >&5
Using built-in specs.
COLLECT_GCC=arm-cas-linux-gnueabi-gcc
COLLECT_LTO_WRAPPER=/home/uidj7648/Workspace/toyota-1.19.3/release/fs/devel/usr/bin/../libexec/gcc/arm-cas-linux-gnueabi/4.6.2/lto-wrapper
Target: arm-cas-linux-gnueabi
Configured with: ../configure --with-cpu=cortex-a5 --with-tune=cortex-a5 --with-float=hard --with-fpu=vfpv4 --with-interwork --build=x86_64-pc-linux-gnu --host=x86_64-pc-linux-gnu --target=arm-cas-linux-gnueabi --prefix=/ --exec-prefix=/usr --includedir=/usr/include --datarootdir=/usr/share --with-slibdir=/lib --with-local-prefix=/usr --enable-symvers=gnu --enable-long-long --enable-c99 --disable-nls --disable-libmudflap --disable-multilib --disable-libgomp --disable-libstdcxx-pch --disable-libquadmath --disable-target-libiberty --without-ppl --without-cloog --enable-threads=posix --enable-shared --enable-shared-libgcc --disable-static --disable-bootstrap --enable-languages=c,c++ --with-build-sysroot=/home/uidj7648/Workspace/toyota-1.19.3/release/fs/devel --with-sysroot=/ --enable-__cxa_atexit=yes
Thread model: posix
gcc version 4.6.2 (GCC) 
configure:11466: $? = 0
configure:11455: arm-cas-linux-gnueabi-gcc -V >&5
arm-cas-linux-gnueabi-gcc: error: unrecognized option '-V'
arm-cas-linux-gnueabi-gcc: fatal error: no input files
compilation terminated.
configure:11466: $? = 1
configure:11455: arm-cas-linux-gnueabi-gcc -qversion >&5
arm-cas-linux-gnueabi-gcc: error: unrecognized option '-qversion'
arm-cas-linux-gnueabi-gcc: fatal error: no input files
compilation terminated.
configure:11466: $? = 1
configure:11470: checking whether we are using the GNU C compiler
configure:11498: result: yes
configure:11507: checking whether arm-cas-linux-gnueabi-gcc accepts -g
configure:11568: result: yes
configure:11585: checking for arm-cas-linux-gnueabi-gcc option to accept ISO C89
configure:11662: result: none needed
configure:11698: checking for gmake
configure:11731: result: no
configure:11698: checking for make
configure:11716: found /usr/bin/make
configure:11728: result: /usr/bin/make
configure:11751: checking for tar
configure:11769: found /bin/tar
configure:11781: result: /bin/tar
configure:11794: checking for gzip
configure:11812: found /bin/gzip
configure:11824: result: /bin/gzip
configure:11837: checking for makedepend
configure:11868: result: /bin/true
configure:11881: checking for awk
configure:11899: found /usr/bin/awk
configure:11911: result: /usr/bin/awk
configure:11924: checking for sed
configure:11954: result: /bin/sed
configure:11967: checking for echo
configure:11985: found /bin/echo
configure:11997: result: /bin/echo
configure:12010: checking for sort
configure:12028: found /usr/bin/sort
configure:12040: result: /usr/bin/sort
configure:12051: checking whether ln -s works
configure:12055: result: yes
configure:12066: checking for msgfmt
configure:12084: found /usr/bin/msgfmt
configure:12096: result: /usr/bin/msgfmt
configure:12116: checking for msgmerge
configure:12134: found /usr/bin/msgmerge
configure:12146: result: /usr/bin/msgmerge
configure:12166: checking for xgettext
configure:12184: found /usr/bin/xgettext
configure:12196: result: /usr/bin/xgettext
configure:12221: checking for rpm
configure:12239: found /home/uidj7648/Workspace/toyota-1.19.3/release/fs/host/bin/rpm
configure:12251: result: /home/uidj7648/Workspace/toyota-1.19.3/release/fs/host/bin/rpm
configure:12269: checking for rpmbuild
configure:12287: found /home/uidj7648/Workspace/toyota-1.19.3/release/fs/host/usr/bin/rpmbuild
configure:12299: result: /home/uidj7648/Workspace/toyota-1.19.3/release/fs/host/usr/bin/rpmbuild
configure:12345: checking for an ANSI C-conforming const
configure:12410: arm-cas-linux-gnueabi-gcc -c -g -O2  conftest.c >&5
configure:12410: $? = 0
configure:12417: result: yes
configure:12425: checking for mode_t
configure:12425: arm-cas-linux-gnueabi-gcc -c -g -O2  conftest.c >&5
configure:12425: $? = 0
configure:12425: arm-cas-linux-gnueabi-gcc -c -g -O2  conftest.c >&5
conftest.c: In function 'main':
conftest.c:58:21: error: expected expression before ')' token
configure:12425: $? = 1
configure: failed program was:
| /* confdefs.h */
| #define PACKAGE_NAME ""
| #define PACKAGE_TARNAME ""
| #define PACKAGE_VERSION ""
| #define PACKAGE_STRING ""
| #define PACKAGE_BUGREPORT ""
| #define PACKAGE_URL ""
| #define STDC_HEADERS 1
| #define HAVE_SYS_TYPES_H 1
| #define HAVE_SYS_STAT_H 1
| #define HAVE_STDLIB_H 1
| #define HAVE_STRING_H 1
| #define HAVE_MEMORY_H 1
| #define HAVE_STRINGS_H 1
| #define HAVE_INTTYPES_H 1
| #define HAVE_STDINT_H 1
| #define HAVE_UNISTD_H 1
| #define HAVE_DLFCN_H 1
| #define LT_OBJDIR ".libs/"
| #define ENABLE_GETTEXT 1
| /* end confdefs.h.  */
| #include <stdio.h>
| #ifdef HAVE_SYS_TYPES_H
| # include <sys/types.h>
| #endif
| #ifdef HAVE_SYS_STAT_H
| # include <sys/stat.h>
| #endif
| #ifdef STDC_HEADERS
| # include <stdlib.h>
| # include <stddef.h>
| #else
| # ifdef HAVE_STDLIB_H
| #  include <stdlib.h>
| # endif
| #endif
| #ifdef HAVE_STRING_H
| # if !defined STDC_HEADERS && defined HAVE_MEMORY_H
| #  include <memory.h>
| # endif
| # include <string.h>
| #endif
| #ifdef HAVE_STRINGS_H
| # include <strings.h>
| #endif
| #ifdef HAVE_INTTYPES_H
| # include <inttypes.h>
| #endif
| #ifdef HAVE_STDINT_H
| # include <stdint.h>
| #endif
| #ifdef HAVE_UNISTD_H
| # include <unistd.h>
| #endif
| int
| main ()
| {
| if (sizeof ((mode_t)))
| 	    return 0;
|   ;
|   return 0;
| }
configure:12425: result: yes
configure:12436: checking for size_t
configure:12436: arm-cas-linux-gnueabi-gcc -c -g -O2  conftest.c >&5
configure:12436: $? = 0
configure:12436: arm-cas-linux-gnueabi-gcc -c -g -O2  conftest.c >&5
conftest.c: In function 'main':
conftest.c:58:21: error: expected expression before ')' token
configure:12436: $? = 1
configure: failed program was:
| /* confdefs.h */
| #define PACKAGE_NAME ""
| #define PACKAGE_TARNAME ""
| #define PACKAGE_VERSION ""
| #define PACKAGE_STRING ""
| #define PACKAGE_BUGREPORT ""
| #define PACKAGE_URL ""
| #define STDC_HEADERS 1
| #define HAVE_SYS_TYPES_H 1
| #define HAVE_SYS_STAT_H 1
| #define HAVE_STDLIB_H 1
| #define HAVE_STRING_H 1
| #define HAVE_MEMORY_H 1
| #define HAVE_STRINGS_H 1
| #define HAVE_INTTYPES_H 1
| #define HAVE_STDINT_H 1
| #define HAVE_UNISTD_H 1
| #define HAVE_DLFCN_H 1
| #define LT_OBJDIR ".libs/"
| #define ENABLE_GETTEXT 1
| /* end confdefs.h.  */
| #include <stdio.h>
| #ifdef HAVE_SYS_TYPES_H
| # include <sys/types.h>
| #endif
| #ifdef HAVE_SYS_STAT_H
| # include <sys/stat.h>
| #endif
| #ifdef STDC_HEADERS
| # include <stdlib.h>
| # include <stddef.h>
| #else
| # ifdef HAVE_STDLIB_H
| #  include <stdlib.h>
| # endif
| #endif
| #ifdef HAVE_STRING_H
| # if !defined STDC_HEADERS && defined HAVE_MEMORY_H
| #  include <memory.h>
| # endif
| # include <string.h>
| #endif
| #ifdef HAVE_STRINGS_H
| # include <strings.h>
| #endif
| #ifdef HAVE_INTTYPES_H
| # include <inttypes.h>
| #endif
| #ifdef HAVE_STDINT_H
| # include <stdint.h>
| #endif
| #ifdef HAVE_UNISTD_H
| # include <unistd.h>
| #endif
| int
| main ()
| {
| if (sizeof ((size_t)))
| 	    return 0;
|   ;
|   return 0;
| }
configure:12436: result: yes
configure:12449: checking for working alloca.h
configure:12466: arm-cas-linux-gnueabi-gcc -o conftest -g -O2   conftest.c  >&5
configure:12466: $? = 0
configure:12474: result: yes
configure:12482: checking for alloca
configure:12519: arm-cas-linux-gnueabi-gcc -o conftest -g -O2   conftest.c  >&5
configure:12519: $? = 0
configure:12527: result: yes
configure:12753: creating ./config.status

## ---------------------- ##
## Running config.status. ##
## ---------------------- ##

This file was extended by config.status, which was
generated by GNU Autoconf 2.68.  Invocation command line was

  CONFIG_FILES    = 
  CONFIG_HEADERS  = 
  CONFIG_LINKS    = 
  CONFIG_COMMANDS = 
  $ ./config.status 

on zuv4200u

config.status:1094: creating include/builddefs
config.status:1094: creating include/config.h
config.status:1278: executing libtool commands

## ---------------- ##
## Cache variables. ##
## ---------------- ##

ac_cv_build=x86_64-pc-linux-gnu
ac_cv_c_compiler_gnu=yes
ac_cv_c_const=yes
ac_cv_env_CC_set=
ac_cv_env_CC_value=
ac_cv_env_CFLAGS_set=
ac_cv_env_CFLAGS_value=
ac_cv_env_CPPFLAGS_set=
ac_cv_env_CPPFLAGS_value=
ac_cv_env_CPP_set=
ac_cv_env_CPP_value=
ac_cv_env_LDFLAGS_set=set
ac_cv_env_LDFLAGS_value=
ac_cv_env_LIBS_set=
ac_cv_env_LIBS_value=
ac_cv_env_build_alias_set=set
ac_cv_env_build_alias_value=x86_64-pc-linux-gnu
ac_cv_env_host_alias_set=set
ac_cv_env_host_alias_value=arm-cas-linux-gnueabi
ac_cv_env_target_alias_set=
ac_cv_env_target_alias_value=
ac_cv_func_alloca_works=yes
ac_cv_header_dlfcn_h=yes
ac_cv_header_inttypes_h=yes
ac_cv_header_memory_h=yes
ac_cv_header_stdc=yes
ac_cv_header_stdint_h=yes
ac_cv_header_stdlib_h=yes
ac_cv_header_string_h=yes
ac_cv_header_strings_h=yes
ac_cv_header_sys_stat_h=yes
ac_cv_header_sys_types_h=yes
ac_cv_header_unistd_h=yes
ac_cv_host=arm-cas-linux-gnueabi
ac_cv_objext=o
ac_cv_path_AWK=/usr/bin/awk
ac_cv_path_ECHO=/bin/echo
ac_cv_path_EGREP='/bin/grep -E'
ac_cv_path_FGREP='/bin/grep -F'
ac_cv_path_GREP=/bin/grep
ac_cv_path_MAKE=/usr/bin/make
ac_cv_path_MAKEDEPEND=/bin/true
ac_cv_path_MSGFMT=/usr/bin/msgfmt
ac_cv_path_MSGMERGE=/usr/bin/msgmerge
ac_cv_path_RPM=/home/uidj7648/Workspace/toyota-1.19.3/release/fs/host/bin/rpm
ac_cv_path_RPMBUILD=/home/uidj7648/Workspace/toyota-1.19.3/release/fs/host/usr/bin/rpmbuild
ac_cv_path_SED=/bin/sed
ac_cv_path_SORT=/usr/bin/sort
ac_cv_path_TAR=/bin/tar
ac_cv_path_XGETTEXT=/usr/bin/xgettext
ac_cv_path_ZIP=/bin/gzip
ac_cv_prog_AR=arm-cas-linux-gnueabi-ar
ac_cv_prog_AWK=gawk
ac_cv_prog_CC=arm-cas-linux-gnueabi-gcc
ac_cv_prog_CPP='arm-cas-linux-gnueabi-gcc -E'
ac_cv_prog_OBJDUMP=arm-cas-linux-gnueabi-objdump
ac_cv_prog_RANLIB=arm-cas-linux-gnueabi-ranlib
ac_cv_prog_STRIP=arm-cas-linux-gnueabi-strip
ac_cv_prog_ac_ct_MANIFEST_TOOL=mt
ac_cv_prog_cc_c89=
ac_cv_prog_cc_g=yes
ac_cv_type_mode_t=yes
ac_cv_type_size_t=yes
ac_cv_working_alloca_h=yes
lt_cv_ar_at_file=@
lt_cv_archive_cmds_need_lc=no
lt_cv_deplibs_check_method=pass_all
lt_cv_file_magic_cmd='$MAGIC_CMD'
lt_cv_file_magic_test_file=
lt_cv_ld_reload_flag=-r
lt_cv_nm_interface='BSD nm'
lt_cv_objdir=.libs
lt_cv_path_LD=/home/uidj7648/Workspace/toyota-1.19.3/release/fs/devel/usr/arm-cas-linux-gnueabi/bin/ld
lt_cv_path_NM='/home/uidj7648/Workspace/toyota-1.19.3/release/fs/devel/usr/bin/arm-cas-linux-gnueabi-nm -B'
lt_cv_path_mainfest_tool=no
lt_cv_prog_compiler_c_o=yes
lt_cv_prog_compiler_pic='-fPIC -DPIC'
lt_cv_prog_compiler_pic_works=yes
lt_cv_prog_compiler_rtti_exceptions=no
lt_cv_prog_compiler_static_works=yes
lt_cv_prog_gnu_ld=yes
lt_cv_sharedlib_from_linklib_cmd='printf %s\n'
lt_cv_shlibpath_overrides_runpath=no
lt_cv_sys_global_symbol_pipe='sed -n -e '\''s/^.*[	 ]\([ABCDGIRSTW][ABCDGIRSTW]*\)[	 ][	 ]*\([_A-Za-z][_A-Za-z0-9]*\)$/\1 \2 \2/p'\'' | sed '\''/ __gnu_lto/d'\'''
lt_cv_sys_global_symbol_to_c_name_address='sed -n -e '\''s/^: \([^ ]*\)[ ]*$/  {\"\1\", (void *) 0},/p'\'' -e '\''s/^[ABCDGIRSTW]* \([^ ]*\) \([^ ]*\)$/  {"\2", (void *) \&\2},/p'\'''
lt_cv_sys_global_symbol_to_c_name_address_lib_prefix='sed -n -e '\''s/^: \([^ ]*\)[ ]*$/  {\"\1\", (void *) 0},/p'\'' -e '\''s/^[ABCDGIRSTW]* \([^ ]*\) \(lib[^ ]*\)$/  {"\2", (void *) \&\2},/p'\'' -e '\''s/^[ABCDGIRSTW]* \([^ ]*\) \([^ ]*\)$/  {"lib\2", (void *) \&\2},/p'\'''
lt_cv_sys_global_symbol_to_cdecl='sed -n -e '\''s/^T .* \(.*\)$/extern int \1();/p'\'' -e '\''s/^[ABCDGIRSTW]* .* \(.*\)$/extern char \1;/p'\'''
lt_cv_sys_max_cmd_len=3458764513820540925
lt_cv_to_host_file_cmd=func_convert_file_noop
lt_cv_to_tool_file_cmd=func_convert_file_noop

## ----------------- ##
## Output variables. ##
## ----------------- ##

ALLOCA=''
AR='arm-cas-linux-gnueabi-ar'
AWK='/usr/bin/awk'
CC='arm-cas-linux-gnueabi-gcc'
CFLAGS='-g -O2'
CPP='arm-cas-linux-gnueabi-gcc -E'
CPPFLAGS=''
DEFS='-DHAVE_CONFIG_H'
DLLTOOL='false'
DSYMUTIL=''
DUMPBIN=''
ECHO='/bin/echo'
ECHO_C=''
ECHO_N='-n'
ECHO_T=''
EGREP='/bin/grep -E'
EXEEXT=''
FGREP='/bin/grep -F'
GREP='/bin/grep'
LD='/home/uidj7648/Workspace/toyota-1.19.3/release/fs/devel/usr/arm-cas-linux-gnueabi/bin/ld'
LDFLAGS=''
LIBOBJS=''
LIBS=''
LIBTOOL='$(SHELL) $(top_builddir)/libtool'
LIPO=''
LN_S='ln -s'
LTLIBOBJS=''
MAKE='/usr/bin/make'
MAKEDEPEND='/bin/true'
MANIFEST_TOOL=':'
MSGFMT='/usr/bin/msgfmt'
MSGMERGE='/usr/bin/msgmerge'
NM='/home/uidj7648/Workspace/toyota-1.19.3/release/fs/devel/usr/bin/arm-cas-linux-gnueabi-nm -B'
NMEDIT=''
OBJDUMP='arm-cas-linux-gnueabi-objdump'
OBJEXT='o'
OTOOL64=''
OTOOL=''
PACKAGE_BUGREPORT=''
PACKAGE_NAME=''
PACKAGE_STRING=''
PACKAGE_TARNAME=''
PACKAGE_URL=''
PACKAGE_VERSION=''
PATH_SEPARATOR=':'
RANLIB='arm-cas-linux-gnueabi-ranlib'
RPM='/home/uidj7648/Workspace/toyota-1.19.3/release/fs/host/bin/rpm'
RPMBUILD='/home/uidj7648/Workspace/toyota-1.19.3/release/fs/host/usr/bin/rpmbuild'
SED='/bin/sed'
SHELL='/bin/sh'
SORT='/usr/bin/sort'
STRIP='arm-cas-linux-gnueabi-strip'
TAR='/bin/tar'
XGETTEXT='/usr/bin/xgettext'
ZIP='/bin/gzip'
ac_ct_AR=''
ac_ct_CC=''
ac_ct_DUMPBIN=''
awk='/usr/bin/awk'
bindir='/usr/bin'
build='x86_64-pc-linux-gnu'
build_alias='x86_64-pc-linux-gnu'
build_cpu='x86_64'
build_os='linux-gnu'
build_vendor='pc'
cc='arm-cas-linux-gnueabi-gcc'
datadir='/usr/share'
datarootdir='${prefix}/share'
debug_build='-DDEBUG'
docdir='${datarootdir}/doc/${PACKAGE}'
dvidir='${docdir}'
echo='/bin/echo'
enable_gettext='yes'
enable_lib64='yes'
enable_shared='yes'
exec_prefix='/'
have_zipped_manpages='false'
host='arm-cas-linux-gnueabi'
host_alias='arm-cas-linux-gnueabi'
host_cpu='arm'
host_os='linux-gnueabi'
host_vendor='cas'
htmldir='${docdir}'
includedir='/usr/include'
infodir='${datarootdir}/info'
libdir='/lib'
libdirsuffix=''
libexecdir='/usr/lib'
localedir='${datarootdir}/locale'
localstatedir='${prefix}/var'
make='/usr/bin/make'
makedepend='/bin/true'
malloc_lib=''
mandir='/usr/share/man'
msgfmt='/usr/bin/msgfmt'
msgmerge='/usr/bin/msgmerge'
oldincludedir='/usr/include'
opt_build='-g -O2'
pdfdir='${docdir}'
pkg_distribution='Linux'
pkg_group='domain_users'
pkg_name='attr'
pkg_platform='linux'
pkg_release='0'
pkg_user='uidj7648'
pkg_version='2.4.46'
prefix='/'
program_transform_name='s,x,x,'
psdir='${docdir}'
rpm='/home/uidj7648/Workspace/toyota-1.19.3/release/fs/host/bin/rpm'
rpm_version='4'
rpmbuild='/home/uidj7648/Workspace/toyota-1.19.3/release/fs/host/usr/bin/rpmbuild'
sbindir='/bin'
sed='/bin/sed'
sharedstatedir='${prefix}/com'
sort='/usr/bin/sort'
sysconfdir='${prefix}/etc'
tar='/bin/tar'
target_alias=''
xgettext='/usr/bin/xgettext'
zip='/bin/gzip'

## ----------- ##
## confdefs.h. ##
## ----------- ##

/* confdefs.h */
#define PACKAGE_NAME ""
#define PACKAGE_TARNAME ""
#define PACKAGE_VERSION ""
#define PACKAGE_STRING ""
#define PACKAGE_BUGREPORT ""
#define PACKAGE_URL ""
#define STDC_HEADERS 1
#define HAVE_SYS_TYPES_H 1
#define HAVE_SYS_STAT_H 1
#define HAVE_STDLIB_H 1
#define HAVE_STRING_H 1
#define HAVE_MEMORY_H 1
#define HAVE_STRINGS_H 1
#define HAVE_INTTYPES_H 1
#define HAVE_STDINT_H 1
#define HAVE_UNISTD_H 1
#define HAVE_DLFCN_H 1
#define LT_OBJDIR ".libs/"
#define ENABLE_GETTEXT 1
#define HAVE_ALLOCA_H 1
#define HAVE_ALLOCA 1

configure: exit 0
