--------------------
./configure --prefix=/usr --eprefix=/usr
Fri Aug 19 12:24:47 CDT 2016

=== ztest34609.c ===
extern int getchar();
int hello() {return getchar();}
===
arm-cas-linux-gnueabi-gcc -c -O3 ztest34609.c
... using gcc

Checking for shared library support...
=== ztest34609.c ===
extern int getchar();
int hello() {return getchar();}
===
arm-cas-linux-gnueabi-gcc -w -c -O3 -fPIC ztest34609.c
arm-cas-linux-gnueabi-gcc -shared -Wl,-soname,libz.so.1,--version-script,zlib.map -O3 -fPIC -o ztest34609.so ztest34609.o
Building shared library libz.so.1.2.7 with arm-cas-linux-gnueabi-gcc.


=== ztest34609.c ===
#include <sys/types.h>
off64_t dummy = 0;
===
arm-cas-linux-gnueabi-gcc -c -O3 -D_LARGEFILE64_SOURCE=1 ztest34609.c
Checking for off64_t... Yes.
Checking for fseeko... Yes.

=== ztest34609.c ===
#include <string.h>
#include <errno.h>
int main() { return strlen(strerror(errno)); }
===
arm-cas-linux-gnueabi-gcc -O3 -D_LARGEFILE64_SOURCE=1 -o ztest34609 ztest34609.c
Checking for strerror... Yes.

=== ztest34609.c ===
#include <unistd.h>
int main() { return 0; }
===
arm-cas-linux-gnueabi-gcc -c -O3 -D_LARGEFILE64_SOURCE=1 ztest34609.c
Checking for unistd.h... Yes.

=== ztest34609.c ===
#include <stdarg.h>
int main() { return 0; }
===
arm-cas-linux-gnueabi-gcc -c -O3 -D_LARGEFILE64_SOURCE=1 ztest34609.c
Checking for stdarg.h... Yes.

=== ztest34609.c ===
#include <stdio.h>
#include <stdarg.h>
#include "zconf.h"
int main()
{
#ifndef STDC
  choke me
#endif
  return 0;
}
===
arm-cas-linux-gnueabi-gcc -c -O3 -D_LARGEFILE64_SOURCE=1 ztest34609.c
Checking whether to use vs[n]printf() or s[n]printf()... using vs[n]printf().

=== ztest34609.c ===
#include <stdio.h>
#include <stdarg.h>
int mytest(const char *fmt, ...)
{
  char buf[20];
  va_list ap;
  va_start(ap, fmt);
  vsnprintf(buf, sizeof(buf), fmt, ap);
  va_end(ap);
  return 0;
}
int main()
{
  return (mytest("Hello%d\n", 1));
}
===
arm-cas-linux-gnueabi-gcc -O3 -D_LARGEFILE64_SOURCE=1 -o ztest34609 ztest34609.c
Checking for vsnprintf() in stdio.h... Yes.

=== ztest34609.c ===
#include <stdio.h>
#include <stdarg.h>
int mytest(const char *fmt, ...)
{
  int n;
  char buf[20];
  va_list ap;
  va_start(ap, fmt);
  n = vsnprintf(buf, sizeof(buf), fmt, ap);
  va_end(ap);
  return n;
}
int main()
{
  return (mytest("Hello%d\n", 1));
}
===
arm-cas-linux-gnueabi-gcc -c -O3 -D_LARGEFILE64_SOURCE=1 ztest34609.c
Checking for return value of vsnprintf()... Yes.

=== ztest34609.c ===
#define ZLIB_INTERNAL __attribute__((visibility ("hidden")))
int ZLIB_INTERNAL foo;
int main()
{
  return 0;
}
===
arm-cas-linux-gnueabi-gcc -c -O3 -D_LARGEFILE64_SOURCE=1 ztest34609.c
Checking for attribute(visibility) support... Yes.

=== ztest34609.c ===
#include <stdio.h>
#define is32(n,t) for(n=1,k=0;n;n<<=1,k++);if(k==32){puts(t);return 0;}
int main() {
    int k;
    unsigned i;
    unsigned long l;
    unsigned short s;
    is32(i, "unsigned")
    is32(l, "unsigned long")
    is32(s, "unsigned short")
    return 1;
}
===
arm-cas-linux-gnueabi-gcc -O3 -D_LARGEFILE64_SOURCE=1 -DHAVE_HIDDEN ztest34609.c -o ztest34609
Looking for a four-byte integer type... Not found.

ALL = static shared all64
AR = arm-cas-linux-gnueabi-ar
ARFLAGS = rc
CC = arm-cas-linux-gnueabi-gcc
CFLAGS = -O3 -D_LARGEFILE64_SOURCE=1 -DHAVE_HIDDEN
CPP = arm-cas-linux-gnueabi-gcc -E
EXE =
LDCONFIG = ldconfig
LDFLAGS =
LDSHARED = arm-cas-linux-gnueabi-gcc -shared -Wl,-soname,libz.so.1,--version-script,zlib.map
LDSHAREDLIBC = -lc
OBJC = $(OBJZ) $(OBJG)
PIC_OBJC = $(PIC_OBJZ) $(PIC_OBJG)
RANLIB = arm-cas-linux-gnueabi-ranlib
SFLAGS = -O3 -fPIC -D_LARGEFILE64_SOURCE=1 -DHAVE_HIDDEN
SHAREDLIB = libz.so
SHAREDLIBM = libz.so.1
SHAREDLIBV = libz.so.1.2.7
STATICLIB = libz.a
TEST = all teststatic testshared test64
VER = 1.2.7
Z_U4 =
exec_prefix = /usr
includedir = ${prefix}/include
libdir = ${exec_prefix}/lib
mandir = ${prefix}/share/man
prefix = /usr
sharedlibdir = ${libdir}
uname = Linux
--------------------


